false	0.0705968514084816
true	0.5162932276725769
false	0.10898014158010483
false	0.011406970210373402
false	0.009813838638365269
false	0.008982396684587002
false	0.023450877517461777
false	0.09552792459726334
false	0.20710615813732147
false	0.029960868880152702
false	0.15198275446891785
false	0.029279489070177078
false	0.024874595925211906
false	0.01873048022389412
false	0.27946680784225464
false	0.1973111480474472
false	0.22461563348770142
false	0.03474506735801697
false	0.0192982517182827
false	0.029396159574389458
false	0.027008643373847008
false	0.02481725811958313
false	0.02267363667488098
false	0.023258795961737633
false	0.42866232991218567
false	0.21562938392162323
false	0.21733082830905914
false	0.35862821340560913
false	0.03829526901245117
false	0.04008210822939873
false	0.3382340371608734
false	0.02645093761384487
false	0.05655151605606079
false	0.03340853005647659
false	0.024141715839505196
false	0.1893785297870636
false	0.01682376302778721
true	0.7691307663917542
true	0.6106480956077576
false	0.22078217566013336
true	0.6972554922103882
false	0.17667259275913239
false	0.020663168281316757
false	0.20964747667312622
false	0.0160811897367239
false	0.055514588952064514
false	0.17817674577236176
false	0.25678983330726624
true	0.5956555604934692
false	0.20872575044631958
true	0.655805766582489
false	0.13328337669372559
false	0.1448374092578888
false	0.02510383352637291
false	0.020621484145522118
false	0.024363361299037933
false	0.02997821569442749
false	0.01924867369234562
false	0.2789771854877472
true	0.8587591052055359
false	0.022282976657152176
false	0.26184970140457153
false	0.03978859260678291
false	0.12587429583072662
false	0.019957687705755234
false	0.05368503928184509
false	0.2184700220823288
true	0.8109400272369385
false	0.17878791689872742
true	0.5016618967056274
false	0.464480996131897
false	0.017079496756196022
false	0.3003990054130554
false	0.05578036978840828
false	0.09487095475196838
false	0.15585516393184662
false	0.28372812271118164
false	0.05427655950188637
false	0.2889660894870758
false	0.030191702768206596
false	0.2211277186870575
false	0.10149966180324554
false	0.04574769362807274
true	0.880032479763031
false	0.18532288074493408
false	0.13704749941825867
false	0.022600235417485237
false	0.01873815804719925
false	0.020266788080334663
false	0.02645658142864704
false	0.20859704911708832
true	0.7594395279884338
false	0.18770772218704224
false	0.03033774346113205
false	0.02288087271153927
false	0.027885517105460167
false	0.025050010532140732
false	0.043010588735342026
false	0.1953481286764145
true	0.6257333755493164
false	0.11731141805648804
false	0.2829766273498535
false	0.0265378225594759
false	0.33935531973838806
false	0.03482649475336075
false	0.04281939938664436
false	0.04679739475250244
false	0.21161465346813202
false	0.021702734753489494
false	0.04245389252901077
false	0.3501860201358795
false	0.03118579462170601
false	0.029069487005472183
false	0.24911418557167053
false	0.3399742543697357
false	0.23712009191513062
false	0.21112297475337982
false	0.3208923935890198
false	0.02312157303094864
false	0.036035243421792984
false	0.46236759424209595
false	0.37424057722091675
false	0.018214788287878036
false	0.027895156294107437
false	0.07705524563789368
false	0.356974333524704
false	0.03555496782064438
false	0.016773484647274017
false	0.030470672994852066
false	0.01974266581237316
false	0.022152835503220558
false	0.16373015940189362
false	0.03052901290357113
false	0.036921966820955276
true	0.7501957416534424
false	0.022313691675662994
false	0.033969562500715256
false	0.03327319771051407
false	0.4227394461631775
false	0.2024991363286972
true	0.8629200458526611
false	0.1415972113609314
false	0.024066977202892303
false	0.27083274722099304
false	0.2077973335981369
false	0.1839783489704132
false	0.129093199968338
false	0.03461790829896927
false	0.0206694845110178
false	0.09659359604120255
false	0.024545768275856972
true	0.6939979195594788
false	0.31953105330467224
false	0.02334357611835003
false	0.027379386126995087
false	0.43522143363952637
false	0.17804963886737823
false	0.29143813252449036
false	0.034312110394239426
false	0.06884598731994629
false	0.028807243332266808
false	0.16820134222507477
false	0.22815857827663422
false	0.01938443072140217
false	0.33050039410591125
false	0.10255129635334015
false	0.01796368509531021
false	0.023075833916664124
false	0.04375924915075302
false	0.02108187973499298
false	0.0197102390229702
false	0.0202417504042387
false	0.023914972320199013
false	0.024456936866044998
false	0.10950855165719986
false	0.034592967480421066
false	0.2665098309516907
false	0.022902406752109528
false	0.01951129548251629
false	0.26844754815101624
false	0.020336277782917023
false	0.026091165840625763
false	0.032964129000902176
false	0.030178727582097054
false	0.020702632144093513
false	0.13720615208148956
false	0.02127593569457531
false	0.03107282519340515
false	0.037619560956954956
false	0.10479289293289185
false	0.03553378954529762
false	0.02302490919828415
false	0.1008051261305809
false	0.20833270251750946
false	0.2343759685754776
false	0.024125397205352783
false	0.41658303141593933
false	0.019150646403431892
false	0.377246230840683
false	0.016647450625896454
false	0.018537430092692375
false	0.05750829353928566
false	0.036552559584379196
false	0.030126351863145828
false	0.21258749067783356
false	0.19966909289360046
false	0.21803109347820282
false	0.30678048729896545
false	0.10384789854288101
false	0.030568992719054222
false	0.04441027715802193
false	0.020330138504505157
false	0.16780082881450653
false	0.3089314103126526
true	0.6779544949531555
false	0.031139777973294258
false	0.032239921391010284
false	0.03148862347006798
false	0.02646336890757084
false	0.06086448207497597
false	0.01959054358303547
false	0.06635919213294983
false	0.020254746079444885
false	0.02625902369618416
false	0.05257777124643326
false	0.1282070428133011
false	0.3104267418384552
false	0.3186343312263489
false	0.16709475219249725
false	0.16138766705989838
false	0.2696608006954193
false	0.23700080811977386
true	0.6764564514160156
false	0.372687965631485
false	0.20487909018993378
true	0.8103111982345581
false	0.4099805951118469
false	0.2782922685146332
false	0.3369879424571991
false	0.17400436103343964
false	0.2597937285900116
false	0.21843820810317993
false	0.1712740808725357
false	0.05830632150173187
false	0.4113579988479614
false	0.016876231878995895
false	0.01592548005282879
false	0.02742905542254448
false	0.017824212089180946
false	0.04201945662498474
false	0.06910622119903564
false	0.05504872649908066
false	0.3965069651603699
true	0.7092219591140747
false	0.10725749284029007
true	0.7614150047302246
false	0.15049773454666138
true	0.8411754369735718
false	0.14734095335006714
false	0.0242958702147007
false	0.02246682718396187
false	0.02497630938887596
false	0.04025420546531677
false	0.16732417047023773
false	0.021088827401399612
false	0.15924720466136932
true	0.7145618200302124
true	0.7114942669868469
false	0.12599265575408936
false	0.14230528473854065
false	0.2141493856906891
false	0.281183123588562
false	0.023700058460235596
false	0.04037247598171234
false	0.023233043029904366
false	0.17065198719501495
false	0.02988707274198532
true	0.8248682022094727
false	0.4931395947933197
false	0.21193838119506836
false	0.2789970636367798
false	0.017454199492931366
false	0.03214513510465622
false	0.02543266862630844
false	0.027875540778040886
false	0.03036145679652691
false	0.1088842898607254
false	0.024649443104863167
false	0.025000812485814095
false	0.06278698146343231
false	0.031107837334275246
false	0.20250017940998077
false	0.016287565231323242
false	0.22482796013355255
false	0.04904468357563019
false	0.2869838774204254
false	0.3122866749763489
false	0.02407318353652954
false	0.05564937740564346
false	0.1692695915699005
false	0.027805674821138382
false	0.2743033766746521
false	0.03109634295105934
false	0.03012239560484886
false	0.020444899797439575
false	0.020835144445300102
false	0.02060856483876705
false	0.03017706796526909
false	0.02214369736611843
false	0.029520802199840546
false	0.020915718749165535
false	0.02196326293051243
false	0.01927398331463337
false	0.02105448767542839
false	0.01888379454612732
false	0.020202193409204483
false	0.019368628039956093
false	0.026168234646320343
false	0.02082172781229019
false	0.1705545336008072
false	0.02169203758239746
false	0.051422398537397385
true	0.6354185938835144
true	0.8418040871620178
false	0.14241532981395721
false	0.19311855733394623
false	0.03174671158194542
false	0.17689518630504608
true	0.8104554414749146
true	0.8255833387374878
false	0.10736379027366638
false	0.09112517535686493
true	0.907481849193573
false	0.260834664106369
true	0.9162247776985168
false	0.23816144466400146
true	0.5848536491394043
true	0.6548090577125549
false	0.056353989988565445
false	0.09603115916252136
false	0.34244421124458313
false	0.057878006249666214
false	0.2099831998348236
false	0.03284602239727974
false	0.021750133484601974
false	0.023581601679325104
false	0.19520032405853271
false	0.023366013541817665
false	0.2902933657169342
false	0.22971205413341522
false	0.14648213982582092
false	0.2503337264060974
false	0.023447277024388313
false	0.02472095936536789
false	0.16693787276744843
false	0.020100563764572144
false	0.061055246740579605
false	0.020111270248889923
false	0.019223233684897423
false	0.018610898405313492
false	0.04258498176932335
false	0.029516298323869705
false	0.021075056865811348
false	0.02515377849340439
false	0.02686001919209957
false	0.024321725592017174
false	0.31135836243629456
true	0.653032660484314
true	0.7924347519874573
true	0.8174170851707458
true	0.8069509863853455
true	0.7323032021522522
true	0.6920936107635498
true	0.8027175664901733
false	0.20478446781635284
true	0.802649199962616
false	0.31416377425193787
true	0.8278316259384155
true	0.8957247138023376
true	0.8055998086929321
false	0.3428628146648407
true	0.8807446360588074
true	0.7864347100257874
true	0.7630107402801514
true	0.9182873368263245
true	0.8036400079727173
false	0.2508464753627777
false	0.45005154609680176
false	0.03546552360057831
true	0.604781448841095
true	0.8798277974128723
false	0.027756862342357635
false	0.090311199426651
false	0.08223321288824081
false	0.01985170878469944
false	0.03653706610202789
false	0.12624651193618774
false	0.02509964071214199
false	0.030293434858322144
false	0.31998923420906067
false	0.04701770842075348
false	0.03700724616646767
false	0.018783938139677048
false	0.039131972938776016
false	0.025440191850066185
false	0.02814600057899952
false	0.027461322024464607
false	0.042894020676612854
false	0.2257603108882904
false	0.3796182870864868
false	0.022566912695765495
false	0.11946377903223038
false	0.2105647325515747
true	0.6999819278717041
true	0.720305860042572
true	0.831518828868866
false	0.16980789601802826
false	0.17753978073596954
false	0.2614118158817291
false	0.036150891333818436
false	0.22870570421218872
true	0.5321269631385803
true	0.5199946761131287
true	0.9035558700561523
false	0.30438345670700073
false	0.08890955150127411
false	0.24781188368797302
false	0.016048457473516464
false	0.02519920840859413
false	0.29710090160369873
false	0.019024472683668137
false	0.02139628864824772
false	0.06470232456922531
false	0.054262273013591766
false	0.034324437379837036
false	0.127569779753685
false	0.07819955050945282
false	0.29162701964378357
false	0.043993670493364334
false	0.028356453403830528
false	0.1990852952003479
false	0.40476909279823303
false	0.02216186374425888
false	0.015766244381666183
false	0.02340293675661087
false	0.0299467034637928
false	0.1528477519750595
false	0.024058550596237183
false	0.039355967193841934
false	0.024159805849194527
false	0.3301176130771637
false	0.24203726649284363
false	0.023910610005259514
false	0.02705615572631359
false	0.026274031028151512
false	0.27537909150123596
false	0.04610232263803482
false	0.03273456543684006
false	0.15717627108097076
false	0.02560937963426113
false	0.01952063851058483
false	0.12151047587394714
true	0.7257770299911499
true	0.8188450336456299
false	0.3444785177707672
false	0.047233711928129196
false	0.0361613966524601
false	0.041213106364011765
false	0.07824544608592987
false	0.03220503032207489
false	0.23347528278827667
false	0.025568190962076187
false	0.3379078507423401
false	0.4406967759132385
false	0.022896476089954376
false	0.4059610664844513
true	0.7452355027198792
false	0.3752100169658661
false	0.23991519212722778
false	0.022144997492432594
false	0.49693718552589417
false	0.025960629805922508
true	0.8667946457862854
false	0.2093237340450287
false	0.3336479663848877
false	0.031441230326890945
false	0.021654170006513596
false	0.28075429797172546
false	0.02973436377942562
false	0.02761455811560154
false	0.031294070184230804
false	0.0210347268730402
false	0.023693202063441277
false	0.15825217962265015
false	0.024214882403612137
false	0.02813534066081047
false	0.0246998593211174
false	0.030060861259698868
false	0.02388819493353367
false	0.20921574532985687
false	0.025411609560251236
false	0.02662811428308487
false	0.13013283908367157
false	0.11366184055805206
false	0.02666361629962921
false	0.3508862555027008
false	0.034503836184740067
false	0.023054564371705055
false	0.276399701833725
false	0.023518310859799385
false	0.10937249660491943
false	0.12702979147434235
false	0.2536437213420868
false	0.0892166718840599
false	0.21743158996105194
false	0.21495237946510315
true	0.5326238870620728
true	0.5675041675567627
true	0.9459331631660461
false	0.09504476934671402
true	0.8803054094314575
true	0.8292598724365234
true	0.6632390022277832
false	0.24334625899791718
false	0.19905529916286469
true	0.922939658164978
false	0.07243805378675461
false	0.4773520231246948
true	0.9620650410652161
false	0.023168429732322693
false	0.018537746742367744
false	0.03345528617501259
false	0.13961419463157654
false	0.4344930350780487
true	0.6891567707061768
false	0.3143919110298157
true	0.6734849810600281
true	0.6879667639732361
false	0.08681585639715195
true	0.8976007103919983
true	0.905215322971344
false	0.3477173149585724
false	0.32315582036972046
true	0.9535080194473267
true	0.6979928612709045
true	0.6719152331352234
true	0.5726174116134644
false	0.08880399167537689
true	0.8816969990730286
true	0.7379854321479797
false	0.2962932586669922
false	0.41425207257270813
true	0.6388347148895264
true	0.8716830611228943
true	0.9028446078300476
false	0.30951860547065735
true	0.9116606116294861
true	0.9217433929443359
false	0.266181081533432
false	0.30006319284439087
false	0.18276573717594147
false	0.33669742941856384
true	0.7665824294090271
true	0.9143725037574768
false	0.03923780471086502
false	0.055219411849975586
true	0.7094439268112183
true	0.6586498618125916
false	0.26834776997566223
false	0.27075234055519104
true	0.5988451242446899
false	0.4924373924732208
false	0.03085157833993435
false	0.01603752002120018
false	0.03394898399710655
false	0.37697097659111023
false	0.19953568279743195
false	0.20334118604660034
false	0.17147593200206757
true	0.7496811747550964
false	0.03867527097463608
false	0.04225568845868111
false	0.04839470982551575
true	0.6584048271179199
false	0.014327452518045902
false	0.15797480940818787
true	0.7092219591140747
false	0.2890677750110626
true	0.8963936567306519
true	0.8530749678611755
false	0.1861979067325592
false	0.1409609466791153
false	0.11164210736751556
false	0.1676379293203354
false	0.12277743220329285
false	0.020271776244044304
false	0.03281862288713455
false	0.031816232949495316
false	0.03084188513457775
false	0.022561386227607727
false	0.01977354660630226
false	0.10972104966640472
false	0.15977226197719574
true	0.776986837387085
false	0.18045277893543243
false	0.2429914027452469
false	0.2907499074935913
false	0.3503738343715668
false	0.029740123078227043
false	0.028377147391438484
false	0.48822301626205444
false	0.03660915046930313
false	0.09199562668800354
false	0.20504657924175262
false	0.11280756443738937
false	0.4042084813117981
false	0.0223299078643322
false	0.018438151106238365
false	0.18651534616947174
false	0.021922100335359573
false	0.02559666335582733
false	0.2326337993144989
false	0.027514470741152763
false	0.016714371740818024
false	0.02436259388923645
false	0.030221126973628998
false	0.017370179295539856
false	0.03095339424908161
true	0.6096503138542175
false	0.04572430998086929
false	0.09815177321434021
false	0.04515137895941734
false	0.1151314303278923
false	0.20045438408851624
false	0.27289941906929016
false	0.04389994591474533
false	0.0269362460821867
false	0.028814168646931648
false	0.018462691456079483
false	0.11885741353034973
false	0.22906899452209473
false	0.06750862300395966
false	0.2141162008047104
false	0.2414705753326416
false	0.29581350088119507
false	0.4283861219882965
false	0.02349005825817585
false	0.023974480107426643
false	0.3609960079193115
false	0.3949604034423828
true	0.7900166511535645
false	0.0974155142903328
true	0.579642653465271
false	0.17962419986724854
false	0.07672452926635742
false	0.21385696530342102
false	0.26264718174934387
false	0.0316251777112484
false	0.03468659892678261
false	0.33755582571029663
true	0.6205666661262512
false	0.4093742072582245
false	0.2060428261756897
false	0.03186366334557533
false	0.39702674746513367
true	0.9198744893074036
false	0.017849380150437355
false	0.01732904277741909
false	0.02680077776312828
false	0.18041707575321198
false	0.23780862987041473
false	0.03324944153428078
false	0.02639659494161606
false	0.03237898647785187
false	0.41801321506500244
false	0.0634479746222496
false	0.059952449053525925
false	0.03894248977303505
false	0.1186143308877945
false	0.1539343148469925
false	0.14674970507621765
false	0.21460255980491638
false	0.2440313696861267
false	0.1941877156496048
false	0.026382891461253166
false	0.01667839102447033
false	0.18128207325935364
false	0.18278156220912933
false	0.01997481659054756
false	0.025027988478541374
false	0.14163124561309814
true	0.797269344329834
false	0.26884937286376953
false	0.029245391488075256
false	0.034139059484004974
false	0.10323531925678253
false	0.07931140065193176
false	0.22399067878723145
false	0.015355128794908524
false	0.018189778551459312
false	0.048090044409036636
false	0.05256027355790138
false	0.027495013549923897
false	0.019421713426709175
false	0.07238618284463882
false	0.026549076661467552
false	0.020522868260741234
false	0.11044266074895859
false	0.028031257912516594
false	0.029767775908112526
false	0.02534301206469536
false	0.2241753488779068
false	0.019795767962932587
false	0.2891949415206909
false	0.019479071721434593
false	0.02186170406639576
false	0.020742615684866905
false	0.0181632861495018
false	0.019724788144230843
true	0.5215688943862915
false	0.024832500144839287
false	0.2570035457611084
false	0.02433161437511444
false	0.027198895812034607
false	0.03183279559016228
false	0.10729201138019562
false	0.04797225072979927
false	0.02829897589981556
false	0.02002648450434208
false	0.018758894875645638
false	0.3628048896789551
false	0.09234409779310226
false	0.020211711525917053
false	0.08167821913957596
false	0.018478792160749435
false	0.0217190682888031
false	0.04868416488170624
false	0.02414332516491413
false	0.21827855706214905
false	0.1842011958360672
false	0.15080112218856812
true	0.580636739730835
false	0.04061051458120346
false	0.2245580554008484
false	0.030307326465845108
false	0.0252471175044775
false	0.022563401609659195
false	0.21898742020130157
false	0.09647369384765625
false	0.023546084761619568
false	0.45598509907722473
false	0.02255058102309704
false	0.18714962899684906
false	0.024170812219381332
false	0.0280369371175766
false	0.023763705044984818
false	0.022962281480431557
false	0.01963292807340622
false	0.022415438666939735
false	0.018908580765128136
false	0.024070002138614655
false	0.018508419394493103
false	0.022470340132713318
false	0.23828628659248352
false	0.023119430989027023
false	0.38811612129211426
false	0.06680502742528915
false	0.03298809379339218
false	0.02739827334880829
false	0.025820385664701462
false	0.037737444043159485
false	0.0231351088732481
false	0.02077801153063774
false	0.019557612016797066
false	0.2629951238632202
false	0.22848813235759735
false	0.07744641602039337
false	0.025925926864147186
false	0.034810297191143036
false	0.020619068294763565
false	0.03777994215488434
false	0.020138133317232132
false	0.01745787262916565
false	0.22326000034809113
false	0.41667813062667847
false	0.023043546825647354
false	0.029531242325901985
false	0.03102847933769226
false	0.017550988122820854
false	0.019413134083151817
false	0.019263867288827896
false	0.018151717260479927
false	0.19068856537342072
false	0.1410306692123413
false	0.01972022093832493
false	0.35101285576820374
false	0.02609819546341896
false	0.32834774255752563
false	0.024400338530540466
false	0.025372114032506943
false	0.019497495144605637
false	0.41923820972442627
false	0.09902078658342361
false	0.021912895143032074
true	0.6665867567062378
false	0.13472801446914673
true	0.6137824058532715
false	0.37986910343170166
false	0.027585173025727272
false	0.033199675381183624
false	0.027393369004130363
false	0.17505298554897308
false	0.02106495574116707
false	0.021538816392421722
false	0.054943352937698364
false	0.020229099318385124
false	0.034265972673892975
true	0.5910335779190063
true	0.8903681635856628
false	0.3039321005344391
true	0.9231835603713989
false	0.28602921962738037
true	0.6062307953834534
false	0.37327030301094055
false	0.03475639224052429
true	0.8092907667160034
false	0.18730324506759644
true	0.6746257543563843
false	0.48135504126548767
false	0.02251623570919037
false	0.1191217377781868
false	0.025836443528532982
false	0.2762718200683594
true	0.5430201888084412
true	0.798801839351654
false	0.2391597181558609
false	0.31226709485054016
true	0.7214944958686829
true	0.7018325924873352
false	0.05437643826007843
false	0.38333165645599365
false	0.20175066590309143
false	0.030539115890860558
false	0.01935410127043724
false	0.015211760997772217
false	0.05287215858697891
false	0.013979398645460606
false	0.22632619738578796
false	0.25857964158058167
false	0.024104047566652298
false	0.03187115490436554
false	0.024744831025600433
false	0.028391394764184952
false	0.29131636023521423
false	0.029479730874300003
false	0.4706449508666992
false	0.18450753390789032
true	0.6844657063484192
false	0.17418482899665833
false	0.16001975536346436
false	0.1872851699590683
false	0.03967854008078575
false	0.22812874615192413
true	0.8455201387405396
false	0.1920681744813919
true	0.9242188930511475
false	0.21624086797237396
false	0.3731318414211273
false	0.3480745553970337
false	0.04203539341688156
false	0.3069588541984558
true	0.8647742867469788
true	0.7423592209815979
false	0.21354559063911438
false	0.15292249619960785
false	0.16606967151165009
false	0.1321774572134018
false	0.02332283928990364
false	0.4535265862941742
false	0.035476963967084885
false	0.031475041061639786
false	0.3521958291530609
false	0.024979494512081146
false	0.21902984380722046
false	0.16751624643802643
true	0.5040803551673889
false	0.08690290153026581
false	0.33879393339157104
false	0.04082789644598961
false	0.4680786430835724
true	0.7589172720909119
false	0.12915168702602386
false	0.09958379715681076
false	0.0394086055457592
false	0.024401964619755745
false	0.027544356882572174
false	0.2779533267021179
false	0.2518059313297272
true	0.9169219136238098
false	0.2573920488357544
false	0.2067900449037552
false	0.014580112881958485
false	0.12242913246154785
false	0.05477963015437126
false	0.029703496024012566
false	0.017570413649082184
false	0.021030111238360405
false	0.02124718390405178
false	0.02129540964961052
false	0.016580834984779358
false	0.032557498663663864
false	0.015464778989553452
true	0.7333241105079651
false	0.21500395238399506
false	0.19673454761505127
false	0.43579351902008057
true	0.5668483972549438
false	0.07617202401161194
false	0.05660399794578552
false	0.09298010170459747
false	0.23487910628318787
false	0.016792936250567436
false	0.021487845107913017
false	0.02247723378241062
false	0.023318341001868248
false	0.027274731546640396
false	0.031297847628593445
false	0.019943716004490852
false	0.12222367525100708
false	0.1708429455757141
false	0.19406235218048096
false	0.020983166992664337
false	0.018571248278021812
false	0.05107336491346359
false	0.01977206952869892
false	0.025599362328648567
false	0.020860761404037476
false	0.01890631392598152
false	0.020870652049779892
false	0.050812382251024246
false	0.1699114739894867
false	0.18056078255176544
false	0.2200218290090561
false	0.43871423602104187
false	0.026794543489813805
false	0.33362212777137756
false	0.24884727597236633
false	0.1773284524679184
false	0.3594299256801605
false	0.31853196024894714
false	0.022426584735512733
false	0.08771610260009766
false	0.03192753717303276
false	0.2982551157474518
false	0.03985992446541786
false	0.0418420173227787
false	0.03469724953174591
false	0.029222968965768814
false	0.08702453225851059
false	0.0607733316719532
false	0.08468934148550034
false	0.04025309905409813
false	0.02668321691453457
false	0.033405717462301254
false	0.02723744697868824
false	0.08618056774139404
false	0.2996688485145569
false	0.02496185339987278
false	0.024383921176195145
false	0.03122785873711109
false	0.02281852997839451
false	0.0323089063167572
