false	-12.824832916259766
false	-7.0782470703125
true	0.0
true	0.0
true	0.0
false	-3.695495128631592
false	-32.86304473876953
true	-4.76837158203125e-07
true	-4.0531158447265625e-05
true	-0.07397782802581787
true	-0.10005295276641846
false	-3.055940628051758
false	-13.601974487304688
false	-1.2258771657943726
true	-0.003477334976196289
false	-0.9791479110717773
false	-2.2356882095336914
false	-7.817934989929199
false	-11.70412826538086
false	-13.792043685913086
false	-23.858734130859375
false	-23.13845443725586
false	-12.789209365844727
true	-0.38697725534439087
false	-18.793109893798828
true	-0.008837223052978516
true	0.0
true	0.0
true	-9.5367431640625e-07
true	0.0
true	0.0
false	-1.1670808792114258
true	-0.10050570964813232
false	-5.505525588989258
true	-0.14636433124542236
true	-0.0012652873992919922
true	-0.0002665519714355469
false	-13.36599349975586
false	-7.0015153884887695
true	-3.7670135498046875e-05
false	-14.638847351074219
false	-15.914304733276367
false	-1.211355209350586
false	-18.169771194458008
false	-8.538619995117188
true	0.0
false	-6.593438148498535
true	0.0
false	-3.3185997009277344
false	-2.2467825412750244
true	-0.00010061264038085938
true	-0.000385284423828125
false	-7.551321029663086
false	-22.522930145263672
false	-23.780925750732422
true	0.0
true	-0.03208029270172119
true	0.0
false	-18.419647216796875
false	-12.807670593261719
true	0.0
true	0.0
false	-6.120265007019043
false	-7.2849202156066895
false	-3.404832363128662
true	0.0
false	-9.722707748413086
false	-11.970677375793457
false	-27.10569953918457
true	-0.000217437744140625
false	-6.775395393371582
false	-1.1939637660980225
true	-0.05191326141357422
true	-6.67572021484375e-06
true	-1.430511474609375e-06
true	0.0
true	-0.42864108085632324
false	-0.8355213403701782
false	-11.752626419067383
false	-35.252105712890625
true	-0.013907670974731445
false	-9.601889610290527
false	-43.702980041503906
false	-24.989032745361328
false	-2.969926595687866
false	-6.3007049560546875
true	0.0
true	-0.005749702453613281
true	-0.6779787540435791
true	-0.00021505355834960938
false	-11.554140090942383
false	-9.637451171875
false	-2.72963809967041
true	-0.004028797149658203
true	-0.00011587142944335938
true	-2.384185791015625e-06
false	-2.786613941192627
false	-15.961284637451172
false	-3.356306791305542
false	-6.308182716369629
true	-0.017946243286132812
false	-29.340129852294922
true	-0.07352602481842041
true	-0.03628122806549072
true	-0.003583192825317383
true	-0.008549928665161133
true	0.0
false	-14.945991516113281
true	0.0
false	-12.405691146850586
false	-8.558969497680664
true	0.0
false	-24.373207092285156
false	-9.643040657043457
false	-1.156357765197754
false	-1.0455471277236938
true	0.0
false	-33.170166015625
true	-0.001837015151977539
false	-12.659344673156738
false	-3.0048069953918457
true	-0.013919234275817871
true	-5.435943603515625e-05
false	-14.518390655517578
false	-14.725322723388672
true	-0.009708523750305176
true	-6.67572021484375e-06
true	-0.00017547607421875
false	-10.132219314575195
true	-0.004463911056518555
true	-4.76837158203125e-07
true	0.0
false	-26.711326599121094
false	-0.7614518404006958
false	-1.938328742980957
false	-10.019678115844727
false	-3.9207825660705566
false	-2.2298531532287598
false	-13.804788589477539
false	-27.433834075927734
false	-2.4019715785980225
false	-5.838066101074219
false	-11.825467109680176
false	-5.577658653259277
false	-17.834768295288086
true	-0.3104746341705322
true	-0.018279314041137695
false	-3.5182271003723145
true	-0.6677220463752747
false	-20.93517303466797
false	-12.95311450958252
true	-0.690678060054779
false	-6.209726810455322
false	-5.793888568878174
false	-22.439632415771484
false	-3.416672706604004
false	-5.8258209228515625
false	-10.741580963134766
false	-11.447192192077637
false	-7.867796421051025
false	-21.247554779052734
true	-0.024871349334716797
false	-5.388869762420654
true	-0.5087533593177795
false	-3.794727325439453
true	0.0
true	0.0
true	0.0
false	-0.9474712014198303
true	-0.0013897418975830078
false	-0.8935250639915466
false	-3.6694111824035645
true	-0.00023651123046875
true	-0.10817646980285645
true	-0.00021314620971679688
false	-3.2866077423095703
true	-0.043969154357910156
true	-0.008509635925292969
true	-4.76837158203125e-07
true	0.0
true	-0.0011372566223144531
true	-0.00034689903259277344
false	-5.638097763061523
false	-13.213066101074219
false	-2.5526747703552246
false	-3.1034083366394043
false	-10.026638984680176
true	-0.26434874534606934
true	-3.337860107421875e-06
true	-5.2928924560546875e-05
true	-0.002064228057861328
false	-1.6905312538146973
true	-9.5367431640625e-06
false	-11.056468963623047
true	-0.0017795562744140625
true	-0.25973331928253174
false	-5.247005939483643
false	-4.649301528930664
false	-1.6569323539733887
false	-2.375901699066162
true	-0.403957724571228
true	-1.430511474609375e-05
false	-34.0380859375
false	-6.459600448608398
false	-29.245914459228516
false	-9.343374252319336
false	-3.5283560752868652
true	-3.0040740966796875e-05
false	-17.67521858215332
false	-4.891973495483398
false	-8.146533012390137
true	-0.0006844997406005859
true	-7.62939453125e-06
true	-0.02658367156982422
false	-1.91623055934906
false	-1.4597235918045044
false	-3.489192247390747
false	-18.874683380126953
true	-0.14213109016418457
true	-0.40049493312835693
true	-0.003726959228515625
true	-0.0044977664947509766
false	-2.500765800476074
true	-0.00031876564025878906
false	-2.1370344161987305
true	0.0
true	-9.5367431640625e-07
false	-9.69694709777832
false	-2.9736874103546143
false	-9.698843002319336
false	-3.503445625305176
false	-17.562990188598633
false	-22.721920013427734
false	-7.184009552001953
true	-0.32897067070007324
true	-0.0011725425720214844
true	-0.02072000503540039
true	-0.0005688667297363281
true	-0.15615546703338623
false	-7.048809051513672
false	-13.451693534851074
true	-0.0010662078857421875
true	-0.0024077892303466797
true	-0.36856746673583984
false	-41.01192092895508
false	-17.67864418029785
true	-0.0020995140075683594
false	-5.922670364379883
false	-3.9757418632507324
false	-3.687790870666504
false	-4.341701507568359
false	-39.246551513671875
true	-0.00738072395324707
false	-23.734453201293945
false	-14.515871047973633
true	-0.015922069549560547
false	-11.440483093261719
true	-0.1566171646118164
false	-30.642898559570312
false	-11.604389190673828
false	-5.857614517211914
true	-0.3275003433227539
false	-38.421142578125
false	-7.14996337890625
false	-15.02798080444336
false	-24.972930908203125
false	-1.6990687847137451
true	-0.002112865447998047
true	-4.1961669921875e-05
false	-0.7978014945983887
true	-0.0014297962188720703
true	-0.35954195261001587
false	-25.419002532958984
true	-9.5367431640625e-07
true	-1.9073486328125e-05
true	-0.0010745525360107422
true	-9.5367431640625e-07
false	-4.951881408691406
false	-6.630472660064697
true	0.0
true	0.0
true	-0.002843618392944336
true	0.0
true	0.0
true	-0.0002346038818359375
true	-2.86102294921875e-06
true	0.0
false	-5.957273960113525
true	-0.0010259151458740234
false	-5.8900146484375
true	-0.00015783309936523438
false	-1.2582565546035767
false	-21.957313537597656
true	0.0
true	0.0
true	0.0
true	0.0
false	-61.911476135253906
false	-24.496755599975586
false	-5.831918716430664
true	-9.5367431640625e-07
false	-1.3173251152038574
false	-17.444011688232422
false	-13.0922269821167
false	-4.688384056091309
true	-0.10570210218429565
true	-0.00017976760864257812
true	-9.298324584960938e-05
false	-8.688920974731445
false	-13.862834930419922
false	-7.035453796386719
true	-9.5367431640625e-07
false	-6.013033866882324
true	-1.239776611328125e-05
true	0.0
true	-0.644888162612915
false	-1.0167181491851807
true	0.0
true	-0.00016307830810546875
false	-16.13982582092285
false	-10.271169662475586
false	-1.213471531867981
false	-4.034446716308594
false	-3.592339515686035
true	-0.5506147146224976
true	0.0
true	0.0
true	0.0
true	0.0
false	-2.2894887924194336
true	0.0
false	-11.053779602050781
true	-2.384185791015625e-06
true	0.0
false	-0.7845816016197205
false	-3.8705434799194336
false	-1.8980852365493774
true	-0.001363992691040039
false	-0.7180624604225159
false	-3.4010679721832275
true	-0.006346225738525391
true	-0.004078865051269531
true	-0.00024819374084472656
true	-0.5227326154708862
true	-0.11471438407897949
false	-6.549018859863281
false	-3.563849687576294
true	-2.09808349609375e-05
true	-7.104873657226562e-05
true	0.0
true	-7.62939453125e-06
false	-14.302936553955078
false	-17.04698944091797
true	0.0
false	-1.8443622589111328
true	-0.20421314239501953
false	-4.494753837585449
false	-8.586053848266602
false	-3.387754440307617
true	-0.004408359527587891
false	-8.531543731689453
false	-1.3133800029754639
false	-6.490196228027344
false	-3.1249732971191406
false	-3.20169734954834
false	-10.697502136230469
false	-0.776574969291687
true	0.0
true	0.0
true	0.0
false	-17.764453887939453
true	-0.21758997440338135
false	-19.240400314331055
false	-9.881719589233398
false	-9.442343711853027
false	-10.232629776000977
true	-0.06396305561065674
true	-5.7220458984375e-06
true	-2.384185791015625e-06
false	-9.207082748413086
false	-4.354161739349365
false	-7.005528450012207
false	-8.565356254577637
true	-0.0026035308837890625
true	-0.001771688461303711
true	-0.045330166816711426
true	-0.0006072521209716797
true	-0.0018074512481689453
false	-3.4123477935791016
true	-1.9073486328125e-06
false	-8.456581115722656
false	-2.06321382522583
false	-3.0605931282043457
false	-1.9799437522888184
true	-0.01152658462524414
true	-0.004609346389770508
true	-0.0014078617095947266
false	-4.440290451049805
false	-15.901130676269531
false	-4.348198413848877
false	-21.23331642150879
true	-0.004440784454345703
false	-16.52550506591797
false	-12.657848358154297
false	-3.19651460647583
true	-0.21273767948150635
true	0.0
false	-6.072481155395508
false	-3.717968463897705
true	-0.05540728569030762
true	-0.013784050941467285
true	0.0
true	-0.04044997692108154
true	-9.5367431640625e-07
true	-0.0003814697265625
true	-0.0009720325469970703
true	-9.5367431640625e-07
true	-0.010093212127685547
true	0.0
true	-0.00020694732666015625
true	-0.0033330917358398438
true	-0.00012826919555664062
true	0.0
true	-0.0387120246887207
false	-12.949127197265625
false	-14.763879776000977
true	-9.5367431640625e-07
true	0.0
true	-0.14319396018981934
true	0.0
false	-5.852496147155762
true	0.0
false	-22.61269760131836
false	-31.991832733154297
false	-17.720306396484375
false	-2.0141491889953613
true	-0.015733957290649414
true	-0.1297762393951416
true	-0.000682830810546875
false	-6.150576591491699
false	-9.684175491333008
false	-6.655998229980469
false	-6.309606552124023
false	-8.782716751098633
true	-0.05881202220916748
true	-0.4515301585197449
true	0.0
true	-0.00014019012451171875
false	-34.26052474975586
true	-0.13588809967041016
true	-0.000339508056640625
false	-5.897101402282715
true	-0.23930686712265015
false	-16.312082290649414
false	-15.725011825561523
true	-0.5788240432739258
false	-18.253440856933594
true	-0.0006656646728515625
false	-14.279008865356445
true	-0.0031290054321289062
true	-0.11567223072052002
false	-1.175844430923462
false	-18.42578125
true	-0.0005230903625488281
false	-12.700889587402344
true	-0.0008270740509033203
false	-15.253217697143555
true	-0.024333953857421875
true	-1.811981201171875e-05
true	0.0
true	-1.430511474609375e-06
false	-1.7810924053192139
true	0.0
false	-0.976915180683136
true	-0.060512542724609375
false	-10.799394607543945
true	-0.5849167108535767
true	-1.5735626220703125e-05
false	-10.625200271606445
false	-1.3651812076568604
false	-9.345840454101562
false	-9.562685012817383
true	-3.337860107421875e-06
true	0.0
true	0.0
true	-0.4691939353942871
true	-0.08141791820526123
true	-0.001735687255859375
true	-0.32340526580810547
false	-0.8718310594558716
true	-8.58306884765625e-05
false	-1.156937837600708
false	-29.625328063964844
true	0.0
false	-7.497408390045166
false	-7.02958869934082
true	-0.22906553745269775
false	-0.9574113488197327
false	-22.131202697753906
false	-12.16089916229248
false	-8.535829544067383
false	-9.260881423950195
false	-20.08089828491211
false	-0.8201682567596436
false	-2.400900363922119
true	-0.028554677963256836
true	-0.027529597282409668
false	-14.288105010986328
false	-17.041885375976562
false	-3.712669849395752
true	-0.3110376000404358
true	0.0
false	-20.74004364013672
false	-8.185823440551758
false	-14.43051528930664
false	-24.827701568603516
true	-0.023709774017333984
false	-14.614704132080078
true	0.0
true	0.0
false	-9.373027801513672
false	-16.80801773071289
false	-9.834111213684082
true	-0.0004611015319824219
false	-45.72718048095703
false	-22.220909118652344
false	-22.523557662963867
false	-27.90376091003418
false	-21.190095901489258
true	-0.003078937530517578
false	-0.9009205102920532
true	0.0
true	0.0
true	-0.00012159347534179688
false	-3.908881187438965
false	-2.0657291412353516
false	-0.8324573040008545
true	-4.291534423828125e-05
false	-18.57068634033203
false	-12.318397521972656
true	-0.0021555423736572266
false	-34.27191925048828
true	-0.12173104286193848
false	-15.633544921875
true	-0.04214978218078613
true	-0.00046443939208984375
false	-9.563426971435547
false	-13.093093872070312
true	0.0
true	0.0
true	0.0
true	0.0
false	-17.19556427001953
false	-3.3171591758728027
false	-17.278789520263672
false	-2.549947738647461
false	-12.64832878112793
true	-0.5372338891029358
true	-2.09808349609375e-05
true	-0.00021696090698242188
true	-0.048871755599975586
true	-1.1920928955078125e-05
false	-3.3110790252685547
true	0.0
false	-10.184691429138184
true	-0.5645151734352112
true	-0.006690382957458496
true	0.0
true	-0.009394168853759766
false	-1.606705904006958
true	-0.41205769777297974
true	-0.01354074478149414
true	-0.006354808807373047
false	-14.821386337280273
true	0.0
true	-0.38935673236846924
true	-1.430511474609375e-06
true	-0.005320310592651367
true	0.0
true	0.0
true	-0.0183485746383667
true	-0.04673206806182861
true	-0.3517313003540039
true	0.0
false	-9.881715774536133
false	-15.430187225341797
false	-2.1442832946777344
true	-0.027952075004577637
false	-4.852625846862793
false	-16.851308822631836
false	-12.528566360473633
false	-16.79886817932129
true	-0.11023885011672974
false	-8.59378433227539
false	-4.059086322784424
true	-0.5261222720146179
false	-20.026599884033203
false	-4.812597274780273
true	0.0
true	-0.00034332275390625
true	0.0
true	0.0
false	-9.800783157348633
false	-2.327057361602783
false	-41.78887939453125
true	-2.288818359375e-05
true	-0.007891654968261719
true	-0.0013990402221679688
true	-0.035729050636291504
false	-1.143387794494629
false	-50.25706481933594
false	-1.3914891481399536
false	-27.192237854003906
false	-3.901343822479248
false	-11.561812400817871
false	-24.71213150024414
false	-11.057462692260742
false	-7.042445182800293
false	-19.55068588256836
true	0.0
false	-2.1956067085266113
false	-11.436956405639648
true	-0.06885313987731934
true	-0.00011348724365234375
true	-0.03677523136138916
true	-2.3365020751953125e-05
true	0.0
true	-0.4972364902496338
true	-0.13289523124694824
true	0.0
false	-3.7049665451049805
true	-0.13731563091278076
true	-0.03975331783294678
false	-10.104093551635742
true	-4.8160552978515625e-05
true	-9.5367431640625e-06
true	-0.006901979446411133
true	-0.00014400482177734375
true	-0.037490010261535645
true	-0.00038313865661621094
true	-0.22622406482696533
false	-13.543359756469727
true	-7.62939453125e-06
false	-14.545694351196289
false	-9.712431907653809
false	-27.549041748046875
true	-0.004576683044433594
true	-0.0017812252044677734
false	-2.4248435497283936
false	-9.686351776123047
true	-0.00024199485778808594
false	-9.310056686401367
true	0.0
false	-24.415599822998047
true	0.0
false	-11.238616943359375
true	-0.0009133815765380859
false	-14.702241897583008
false	-18.325607299804688
false	-9.965862274169922
false	-16.812419891357422
false	-7.1728715896606445
false	-21.969629287719727
true	-0.025506019592285156
false	-7.174977779388428
false	-20.925006866455078
false	-13.694042205810547
false	-4.165398597717285
false	-1.2460684776306152
false	-6.844319820404053
false	-0.999516487121582
true	0.0
false	-5.596313953399658
true	-0.02543950080871582
false	-13.724492073059082
true	-0.16540837287902832
false	-9.638954162597656
true	0.0
true	0.0
false	-3.995382785797119
false	-7.88509464263916
true	-3.4332275390625e-05
true	-0.6153193712234497
false	-26.545143127441406
true	0.0
false	-14.389856338500977
false	-5.760317802429199
false	-14.590339660644531
true	-0.0016589164733886719
false	-7.237390518188477
true	-0.013241052627563477
false	-1.120628833770752
true	-0.12884223461151123
false	-1.2430500984191895
false	-2.2534797191619873
false	-20.39981460571289
false	-7.57366943359375
false	-26.10948944091797
true	-0.667029857635498
true	-9.5367431640625e-07
true	-1.9073486328125e-06
true	-0.0012497901916503906
false	-12.7066650390625
false	-11.806880950927734
false	-24.62455940246582
false	-17.070676803588867
false	-22.07111358642578
false	-3.1976895332336426
true	-0.4045202136039734
false	-25.47760009765625
true	-0.00011301040649414062
false	-5.3935956954956055
false	-16.28912925720215
false	-5.603797912597656
true	-0.007452249526977539
false	-7.161171913146973
false	-2.6509037017822266
false	-3.099410057067871
false	-10.609333038330078
false	-5.990817546844482
false	-18.583606719970703
false	-5.881434440612793
false	-9.569665908813477
true	-6.67572021484375e-06
false	-5.175915241241455
false	-1.3996126651763916
false	-5.75016975402832
false	-6.277146339416504
true	-0.0008597373962402344
true	-0.017463207244873047
false	-13.808714866638184
false	-4.17189359664917
false	-6.74907112121582
true	-0.002180814743041992
false	-19.960376739501953
false	-34.30442810058594
false	-18.303619384765625
false	-8.576356887817383
false	-8.33678150177002
false	-1.4368213415145874
true	-0.26708489656448364
true	-2.47955322265625e-05
true	-1.9073486328125e-06
false	-12.874397277832031
false	-10.133888244628906
false	-28.40118980407715
false	-17.773204803466797
false	-0.8519662618637085
true	-0.006381034851074219
false	-18.576766967773438
false	-12.777341842651367
true	-0.6095945835113525
false	-9.883203506469727
false	-0.741316020488739
false	-14.800689697265625
false	-30.457324981689453
false	-8.026013374328613
false	-23.15932273864746
false	-6.747627258300781
false	-3.3030636310577393
false	-5.198659420013428
true	-0.0064945220947265625
true	0.0
true	-1.9073486328125e-06
true	-0.0014562606811523438
false	-3.420802116394043
false	-4.118869781494141
false	-11.770576477050781
false	-13.10517692565918
true	-4.76837158203125e-06
false	-22.89786720275879
false	-6.65390157699585
true	-0.0012400150299072266
false	-13.523176193237305
false	-9.186838150024414
true	-0.00463557243347168
false	-16.09416961669922
false	-14.24384880065918
false	-24.339012145996094
false	-11.506287574768066
true	-0.0004496574401855469
true	-0.003328561782836914
true	-0.03258252143859863
false	-2.1142845153808594
true	-0.0009479522705078125
true	0.0
true	-1.430511474609375e-06
true	0.0
false	-20.63936996459961
false	-13.168909072875977
true	-9.5367431640625e-07
true	0.0
true	-3.337860107421875e-06
false	-2.0973281860351562
false	-10.75790786743164
false	-7.308435440063477
true	-0.15572351217269897
true	-0.22892439365386963
true	0.0
false	-11.045857429504395
false	-10.163844108581543
true	-0.00035309791564941406
false	-29.944225311279297
true	-9.5367431640625e-07
false	-4.176894187927246
false	-30.333114624023438
true	-0.0004100799560546875
false	-1.1268208026885986
true	-1.0967254638671875e-05
false	-17.105426788330078
false	-13.349430084228516
false	-6.867249965667725
false	-35.20343780517578
true	0.0
false	-22.60152244567871
false	-22.978443145751953
false	-23.196617126464844
false	-30.714811325073242
true	-0.2129947543144226
false	-20.712055206298828
false	-18.01068878173828
false	-15.462286949157715
false	-6.03641414642334
false	-4.905902862548828
false	-12.253406524658203
false	-5.360489368438721
true	-0.5982115268707275
false	-1.20140540599823
true	-0.0003323554992675781
true	-0.47164738178253174
false	-36.367469787597656
false	-12.946647644042969
false	-7.167910575866699
false	-28.811370849609375
false	-10.886799812316895
false	-26.436439514160156
false	-13.229330062866211
false	-2.9682040214538574
