false	0.02784365601837635
false	0.038897667080163956
false	0.03323866426944733
false	0.03877394646406174
false	0.2015998810529709
true	0.509296178817749
false	0.08412422984838486
false	0.005279425531625748
false	0.08575031906366348
false	0.03483838215470314
false	0.013107053935527802
false	0.038289088755846024
false	0.040862321853637695
false	0.06903155148029327
false	0.13804346323013306
false	0.20561577379703522
false	0.2722714841365814
false	0.07282232493162155
false	0.14919868111610413
false	0.12160369008779526
false	0.19233927130699158
false	0.01847085915505886
false	0.15468132495880127
false	0.13877978920936584
false	0.22674615681171417
true	0.5112645030021667
false	0.40305858850479126
false	0.1027487963438034
false	0.15030860900878906
false	0.285599946975708
false	0.11295421421527863
false	0.3291630446910858
false	0.09754251688718796
false	0.09148730337619781
false	0.12644881010055542
false	0.3420882821083069
false	0.08036194741725922
false	0.1863759309053421
false	0.1261337399482727
false	0.31015223264694214
false	0.02286921814084053
false	0.02387983165681362
false	0.3342643678188324
false	0.36851170659065247
false	0.05754911154508591
false	0.37073931097984314
false	0.10137391835451126
false	0.06665486842393875
false	0.14551028609275818
false	0.009587517008185387
false	0.14510749280452728
false	0.08007831871509552
false	0.4693206548690796
false	0.04362223669886589
false	0.2589779794216156
false	0.03905820846557617
false	0.006530732847750187
false	0.15307918190956116
false	0.2546359896659851
false	0.26105886697769165
false	0.014279428869485855
false	0.25490686297416687
false	0.08041828870773315
false	0.05378134548664093
false	0.0863061249256134
false	0.14602141082286835
false	0.12191610783338547
false	0.029405424371361732
false	0.010587237775325775
false	0.03552444279193878
false	0.04244184494018555
false	0.0012663713423535228
false	0.0026883904356509447
false	0.0019041310297325253
false	0.1422441154718399
false	0.16755342483520508
false	0.02663331851363182
false	0.10345841944217682
false	0.011505026370286942
false	0.06535308063030243
false	0.0604606568813324
false	0.14275233447551727
false	0.0697813630104065
false	0.0035983489360660315
false	0.01729424297809601
false	0.04600050300359726
false	0.009960032999515533
false	0.04346483573317528
false	0.009021072648465633
false	0.014107245951890945
false	0.01632010005414486
false	0.03200061619281769
false	0.012876639142632484
false	0.02614387683570385
false	0.007432128768414259
false	0.1346791833639145
false	0.0835573598742485
false	0.0853225514292717
false	0.011569332331418991
false	0.04578113183379173
false	0.012205762788653374
false	0.1741703748703003
false	0.03943511098623276
false	0.10223455727100372
false	0.18502360582351685
false	0.13945168256759644
true	0.6286407709121704
false	0.2507404088973999
false	0.011899066157639027
false	0.0426957830786705
false	0.31125617027282715
false	0.40435487031936646
false	0.17278972268104553
false	0.14409954845905304
false	0.039275046437978745
false	0.07895785570144653
false	0.11374976485967636
false	0.19544559717178345
false	0.06389492750167847
false	0.21196962893009186
false	0.04016847535967827
false	0.10173504799604416
false	0.041370220482349396
false	0.006703263148665428
false	0.08886642009019852
false	0.16178683936595917
false	0.07875436544418335
false	0.03840188682079315
false	0.004936120472848415
false	0.05578085780143738
false	0.03870577737689018
false	0.03826246038079262
false	0.006424801889806986
false	0.020083023235201836
false	0.029666755348443985
false	0.12423072755336761
false	0.06557030975818634
false	0.2092825323343277
false	0.09329630434513092
false	0.06522205471992493
false	0.36396151781082153
false	0.10821938514709473
false	0.17566601932048798
false	0.11139431595802307
false	0.10012555122375488
false	0.04555025324225426
false	0.04039144515991211
false	0.05624654144048691
false	0.07514644414186478
false	0.04645886272192001
false	0.06436381489038467
false	0.057632654905319214
false	0.14410103857517242
false	0.04414686933159828
false	0.04977549985051155
false	0.1519884467124939
false	0.02901008352637291
false	0.07322985678911209
false	0.15693020820617676
false	0.19879120588302612
false	0.0428612120449543
false	0.011306299827992916
false	0.015706472098827362
false	0.11634259670972824
false	0.04970991238951683
false	0.040660496801137924
false	0.0770689994096756
false	0.06447245925664902
false	0.24927864968776703
false	0.032461684197187424
false	0.05116972699761391
false	0.03749721869826317
false	0.04471155256032944
false	0.026555432006716728
false	0.08767162263393402
false	0.05903923511505127
false	0.09406620264053345
false	0.04712342098355293
false	0.029609618708491325
false	0.16080473363399506
false	0.03659357503056526
false	0.02581036649644375
false	0.029613325372338295
false	0.27956423163414
false	0.0031366350594908
false	0.013260853476822376
false	0.0181602630764246
false	0.3538222908973694
false	0.07438281178474426
false	0.20495890080928802
false	0.11433359235525131
false	0.08145593851804733
false	0.21025529503822327
false	0.03507786989212036
false	0.04123981297016144
false	0.09387538582086563
false	0.023384297266602516
false	0.15445511043071747
false	0.1593126654624939
false	0.032657407224178314
false	0.010746770538389683
false	0.027586132287979126
false	0.13488437235355377
false	0.09928848594427109
false	0.2287214696407318
false	0.08845672756433487
false	0.3309612572193146
false	0.1903420239686966
false	0.4170805513858795
false	0.15858039259910583
false	0.03499355912208557
true	0.5353010296821594
false	0.21834266185760498
false	0.1176697239279747
false	0.20606254041194916
false	0.06777381151914597
false	0.009465023875236511
false	0.09432591497898102
false	0.08619296550750732
false	0.014610410667955875
false	0.007128668017685413
false	0.3168754577636719
false	0.08164958655834198
false	0.10545795410871506
false	0.2452305257320404
false	0.3048483729362488
false	0.023025065660476685
false	0.16947777569293976
false	0.04511765018105507
false	0.040018483996391296
false	0.14141187071800232
false	0.31125152111053467
false	0.032891519367694855
false	0.3053535521030426
false	0.035020727664232254
false	0.060908038169145584
false	0.028596876189112663
false	0.09171976894140244
false	0.03301682323217392
false	0.019698316231369972
false	0.12592267990112305
false	0.00042422107071615756
false	0.036104828119277954
false	0.025871725752949715
false	0.23192410171031952
false	0.22558213770389557
false	0.08417008817195892
false	0.49840158224105835
false	0.04189787805080414
false	0.04000365734100342
false	0.2500218152999878
false	0.05438192933797836
false	0.22144058346748352
false	0.0636330097913742
false	0.004151507746428251
false	0.05871988832950592
false	0.1122094914317131
false	0.029891042038798332
false	0.12140273302793503
false	0.11375287175178528
false	0.0619642436504364
false	0.015301992185413837
false	0.09933528304100037
false	0.02760028839111328
false	0.03778333589434624
false	0.11153768002986908
false	0.0639074295759201
false	0.06587981432676315
false	0.002119645243510604
false	0.11801568418741226
false	0.1545630246400833
false	0.06027296558022499
false	0.012103179469704628
false	0.030489977449178696
false	0.020816529169678688
false	0.07424620538949966
false	0.09903924912214279
false	0.184784933924675
false	0.05616311356425285
false	0.05996071547269821
false	0.02034684270620346
false	0.361162930727005
false	0.04777960851788521
false	0.04210533946752548
false	0.04342605546116829
false	0.0963764488697052
false	0.044605474919080734
false	0.03773386776447296
false	0.007479692343622446
false	0.006679204758256674
false	0.005576161202043295
false	0.21268829703330994
false	0.026752429082989693
false	0.059571266174316406
false	0.03571372479200363
false	0.06263873726129532
false	0.08621995896100998
false	0.06417131423950195
false	0.358546644449234
false	0.03799166530370712
false	0.10739244520664215
false	0.11639672517776489
false	0.07915177941322327
false	0.059661414474248886
false	0.013300394639372826
false	0.07463289797306061
false	0.01212716568261385
false	0.04833511635661125
false	0.17177754640579224
true	0.8539575934410095
true	0.785136878490448
false	0.02586422674357891
false	0.05143206939101219
false	0.05297526717185974
false	0.45942533016204834
false	0.1961688995361328
false	0.18303458392620087
true	0.7681843042373657
true	0.6576247215270996
false	0.260389119386673
false	0.0311497300863266
false	0.1541059911251068
true	0.6760023236274719
true	0.5001327991485596
false	0.02217256650328636
false	0.03134050965309143
false	0.24772287905216217
false	0.02188444323837757
false	0.2018819898366928
false	0.2699064612388611
false	0.006646865047514439
false	0.14351946115493774
false	0.3770134747028351
false	0.3287292420864105
false	0.3138764202594757
false	0.18588949739933014
false	0.47137561440467834
false	0.05849085748195648
false	0.18947871029376984
true	0.5646315813064575
false	0.40578773617744446
true	0.5674203634262085
false	0.0796390175819397
false	0.08549416065216064
false	0.08963283896446228
false	0.03471316024661064
false	0.09431403875350952
false	0.04908373951911926
false	0.01497482880949974
false	0.04942149296402931
false	0.06313932687044144
false	0.026371369138360023
false	0.0425129234790802
false	0.01431689690798521
false	0.07686783373355865
false	0.022048242390155792
false	0.05978576838970184
false	0.02714654989540577
false	0.10252703726291656
false	0.058500587940216064
false	0.04000791162252426
false	0.0777868926525116
false	0.013780458830296993
false	0.03650635853409767
false	0.020361563190817833
false	0.046699926257133484
false	0.0813535526394844
true	0.5247371792793274
false	0.2348930984735489
false	0.3664800226688385
true	0.8162153363227844
true	0.6766199469566345
false	0.13013018667697906
false	0.13017742335796356
false	0.11662590503692627
true	0.5014625787734985
false	0.40252768993377686
false	0.41955867409706116
false	0.3623032569885254
false	0.44499698281288147
true	0.7114496231079102
true	0.5294934511184692
true	0.7723878622055054
false	0.1628255695104599
true	0.6179370284080505
false	0.2206198275089264
false	0.32746827602386475
true	0.5473355054855347
false	0.2498796284198761
true	0.5439389944076538
false	0.13930372893810272
false	0.41433826088905334
true	0.7956795692443848
true	0.8244093060493469
true	0.7288398742675781
true	0.6204984188079834
false	0.4561869204044342
true	0.868474543094635
true	0.7149032354354858
true	0.7381528615951538
false	0.13242150843143463
true	0.7124485969543457
false	0.05912579223513603
true	0.7280474901199341
true	0.8585166335105896
false	0.16003470122814178
false	0.2726820707321167
true	0.6829714179039001
true	0.8918665647506714
true	0.6686171889305115
true	0.5386511087417603
false	0.040816232562065125
false	0.04479920491576195
false	0.09593065828084946
false	0.06512981653213501
true	0.6652793288230896
true	0.8504140377044678
false	0.04268024116754532
true	0.7016239166259766
true	0.8957945704460144
false	0.067747563123703
false	0.05663835257291794
true	0.709773600101471
true	0.5146572589874268
false	0.4254056215286255
false	0.10304796695709229
true	0.7780306935310364
false	0.14680050313472748
false	0.1376788169145584
true	0.7775480151176453
false	0.47309884428977966
true	0.7094771265983582
false	0.02718234434723854
false	0.018391814082860947
false	0.06784256547689438
false	0.0649702250957489
false	0.0056727551855146885
false	0.09215670078992844
false	0.1247355118393898
false	0.07671365886926651
false	0.033530693501234055
false	0.05850359797477722
false	0.03662135452032089
false	0.036446794867515564
false	0.19573795795440674
false	0.044738687574863434
false	0.04643714427947998
false	0.08531510084867477
false	0.19814258813858032
false	0.027370041236281395
false	0.06384062021970749
false	0.10732604563236237
false	0.19639180600643158
false	0.13325898349285126
false	0.07931376248598099
false	0.020883621647953987
false	0.0890466719865799
false	0.1382637321949005
false	0.39873239398002625
false	0.08145031332969666
false	0.04105647653341293
false	0.3397313952445984
false	0.32624876499176025
false	0.17342938482761383
false	0.16598094999790192
false	0.24091996252536774
true	0.6540710926055908
false	0.06785491108894348
true	0.8044931888580322
true	0.8498063683509827
false	0.23509643971920013
false	0.03595881536602974
true	0.5500549077987671
false	0.2007339894771576
false	0.340097576379776
false	0.3045555055141449
false	0.4774053692817688
false	0.14753028750419617
false	0.07688284665346146
false	0.08636137843132019
false	0.08203057944774628
false	0.053222283720970154
false	0.18079109489917755
false	0.4265120029449463
false	0.22403745353221893
false	0.29952093958854675
false	0.25904589891433716
false	0.08454995602369308
false	0.010194480419158936
false	0.05507495626807213
false	0.22942990064620972
false	0.00976647064089775
false	0.14227674901485443
false	0.052583400160074234
false	0.12573762238025665
false	0.2205042839050293
false	0.14880137145519257
false	0.11220814287662506
false	0.12875224649906158
false	0.061450984328985214
false	0.010356083512306213
false	0.027148177847266197
false	0.08456015586853027
false	0.10598776489496231
false	0.11492690443992615
false	0.17505040764808655
false	0.06194588541984558
false	0.2529425024986267
false	0.28551384806632996
false	0.11602213233709335
false	0.035918042063713074
false	0.0821065753698349
false	0.04578397795557976
true	0.7931126952171326
false	0.031177230179309845
false	0.21895213425159454
false	0.048821140080690384
false	0.017152735963463783
false	0.10311038792133331
false	0.05647311359643936
true	0.6413561105728149
true	0.7777682542800903
false	0.46880534291267395
false	0.41762596368789673
false	0.07648812979459763
true	0.7340872883796692
true	0.7522841691970825
true	0.5448330640792847
false	0.2196531444787979
false	0.12357421219348907
false	0.36766886711120605
false	0.23136258125305176
true	0.6437267661094666
false	0.3405640721321106
false	0.3010835349559784
true	0.7769726514816284
false	0.16575245559215546
false	0.4488223195075989
false	0.45230379700660706
false	0.28195786476135254
false	0.16023975610733032
false	0.2237892895936966
true	0.5891405940055847
true	0.9629008173942566
true	0.829430341720581
true	0.8110261559486389
false	0.4309653639793396
false	0.15884153544902802
true	0.78160160779953
false	0.376691997051239
false	0.19801552593708038
true	0.6190344095230103
false	0.19506797194480896
false	0.2942982316017151
true	0.6386094093322754
false	0.40612882375717163
true	0.8040561079978943
true	0.8140864968299866
true	0.5504242777824402
false	0.1919456124305725
false	0.14648613333702087
true	0.7108595967292786
false	0.2902393639087677
true	0.6819748878479004
false	0.03636105731129646
false	0.027326369658112526
false	0.06221745163202286
false	0.47207704186439514
true	0.5963987708091736
false	0.46414709091186523
false	0.4400198459625244
false	0.2197486162185669
true	0.5732677578926086
false	0.14025768637657166
false	0.34621545672416687
false	0.052329517900943756
false	0.0025067520327866077
false	0.13727717101573944
false	0.012870500795543194
false	0.1374346911907196
false	0.25206008553504944
false	0.4128109812736511
true	0.5414735078811646
false	0.49952182173728943
false	0.013408238068223
false	0.4593997001647949
false	0.19910013675689697
true	0.5270840525627136
true	0.7363794445991516
true	0.5478696227073669
false	0.13747063279151917
false	0.16276413202285767
false	0.025212910026311874
false	0.11273057758808136
false	0.12144358456134796
false	0.06202445551753044
false	0.047315582633018494
false	0.12314070016145706
false	0.3047393560409546
false	0.06780712306499481
false	0.07562628388404846
false	0.12828074395656586
false	0.05221721529960632
false	0.3243234157562256
false	0.09432528167963028
false	0.09452828019857407
false	0.25288060307502747
false	0.08609602600336075
false	0.12924890220165253
false	0.017670748755335808
false	0.08963152021169662
false	0.037083182483911514
false	0.0319165363907814
false	0.07605014741420746
false	0.05764465034008026
false	0.18481118977069855
false	0.06398501247167587
false	0.006638423539698124
false	0.009092659689486027
false	0.059737592935562134
false	0.05416705086827278
false	0.03131771460175514
false	0.0026352708227932453
false	0.02978082187473774
false	0.15040363371372223
false	0.06969070434570312
false	0.10466385632753372
false	0.10260911285877228
false	0.2293628603219986
false	0.13047553598880768
false	0.18633568286895752
false	0.10038556158542633
false	0.31257304549217224
false	0.1835622936487198
false	0.19524022936820984
false	0.22306516766548157
false	0.20256008207798004
false	0.43829038739204407
true	0.5640031099319458
false	0.21701964735984802
false	0.27866390347480774
false	0.31559571623802185
false	0.2663477659225464
false	0.441206693649292
true	0.5165279507637024
false	0.23949721455574036
false	0.08827090263366699
false	0.04370737820863724
false	0.10171309113502502
false	0.13675494492053986
false	0.41945311427116394
false	0.08967485278844833
false	0.17660218477249146
true	0.710630476474762
true	0.7364798188209534
false	0.12611432373523712
false	0.2037125527858734
true	0.5268179178237915
true	0.8421160578727722
false	0.1477116495370865
true	0.876598060131073
true	0.5621790885925293
true	0.603996753692627
false	0.22133436799049377
false	0.06614416837692261
true	0.7981722354888916
false	0.0902341678738594
true	0.5834330320358276
false	0.061466727405786514
false	0.4246569573879242
false	0.06374230980873108
false	0.13894031941890717
true	0.5385360717773438
false	0.2997806966304779
true	0.5241460800170898
false	0.15357835590839386
true	0.8277534246444702
false	0.1693209409713745
false	0.08597154915332794
false	0.05957624316215515
false	0.003573165275156498
false	0.054585326462984085
false	0.06054775044322014
false	0.040630899369716644
false	0.09507928788661957
false	0.1615074872970581
false	0.1882617175579071
false	0.09698635339736938
false	0.005092304199934006
false	0.03519881144165993
false	0.1302700787782669
false	0.15901149809360504
false	0.13852934539318085
false	0.1553574949502945
false	0.11501071602106094
false	0.08458814769983292
false	0.06324286758899689
false	0.020792584866285324
false	0.028593042865395546
false	0.04270757734775543
false	0.0652652382850647
false	0.043642058968544006
false	0.01666361093521118
false	0.007147572003304958
false	0.0716034471988678
false	0.021149354055523872
false	0.004460553172975779
false	0.0158681683242321
false	0.026193955913186073
false	0.03193940594792366
false	0.021583177149295807
false	0.031677763909101486
false	0.045683540403842926
false	0.07693769037723541
false	0.01171416137367487
false	0.05039605125784874
false	0.0016823041951283813
false	0.0010775405680760741
false	0.008556230925023556
false	0.008166743442416191
false	0.002270361641421914
false	0.00017656778800301254
false	0.06801445037126541
false	0.015982473269104958
false	0.02914419211447239
false	0.013119164854288101
false	0.03419165685772896
false	0.007594677619636059
false	0.006403696723282337
false	0.07833761721849442
false	0.07748901844024658
false	0.1662590056657791
false	0.1403195708990097
false	0.2554151117801666
false	0.3112110495567322
false	0.459371417760849
false	0.055253300815820694
false	0.22949808835983276
false	0.3303043842315674
false	0.16459913551807404
false	0.1610763669013977
false	0.2594164311885834
false	0.274586021900177
false	0.20701827108860016
false	0.2076379507780075
false	0.14285843074321747
false	0.16641110181808472
false	0.05188155174255371
false	0.08788377791643143
false	0.09169234335422516
true	0.5328609943389893
false	0.32531750202178955
false	0.1469554752111435
false	0.16520428657531738
false	0.1622680127620697
false	0.012925971299409866
false	0.04639562964439392
false	0.04722839966416359
false	0.12003806233406067
false	0.004888285882771015
false	0.06177276745438576
false	0.07118633389472961
false	0.14726878702640533
false	0.04528658464550972
false	0.023063909262418747
false	0.025580281391739845
false	0.07030142098665237
false	0.011508550494909286
false	0.07292003184556961
false	0.022680766880512238
false	0.020833533257246017
false	0.005244149826467037
false	0.07214079797267914
false	0.03292335569858551
false	0.03879134729504585
false	0.22875575721263885
false	0.07738965004682541
false	0.004695195704698563
false	0.010593819431960583
false	0.03677727282047272
false	0.034580860286951065
false	0.060636069625616074
false	0.08455422520637512
false	0.07709836959838867
false	0.0038315276615321636
false	0.14577622711658478
false	0.037234410643577576
false	0.1667448729276657
false	0.19856880605220795
false	0.16317389905452728
false	0.029984738677740097
false	0.03167502582073212
false	0.1436522752046585
false	0.2612607181072235
false	0.07166971266269684
false	0.18945631384849548
false	0.1620352864265442
false	0.21879498660564423
false	0.01753835752606392
false	0.0652763843536377
false	0.11653488129377365
false	0.25046730041503906
false	0.07781749963760376
false	0.12868618965148926
false	0.11283627897500992
false	0.1856892704963684
false	0.27471238374710083
false	0.019594673067331314
false	0.008396454155445099
false	0.11157377809286118
false	0.03217482194304466
false	0.013079202733933926
false	0.40028947591781616
false	0.21013562381267548
false	0.0397670641541481
false	0.05890505015850067
false	0.05626814067363739
false	0.07842060923576355
false	0.12026961892843246
false	0.005921470001339912
false	0.12163054198026657
false	0.06051279976963997
false	0.12479177862405777
false	0.048626404255628586
false	0.022330397740006447
false	0.2958795428276062
false	0.06440974771976471
false	0.3874571919441223
false	0.06381039321422577
false	0.008081096224486828
false	0.015543305315077305
false	0.012975906021893024
false	0.006976680364459753
false	0.16941842436790466
false	0.021204113960266113
false	0.14141899347305298
false	0.024941587820649147
false	0.053617749363183975
false	0.06848674267530441
false	0.12739916145801544
false	0.07073983550071716
false	0.10126443207263947
false	0.050391294062137604
false	0.0970379039645195
false	0.044922150671482086
false	0.04390457645058632
false	0.04481421411037445
false	0.19545014202594757
false	0.19475509226322174
false	0.13949993252754211
false	0.11569927632808685
false	0.06130731850862503
false	0.20537897944450378
false	0.17487263679504395
false	0.06668391823768616
false	0.07378880679607391
false	0.16801616549491882
false	0.09726518392562866
false	0.05109384283423424
false	0.1454586535692215
false	0.17114311456680298
false	0.19289806485176086
false	0.14292320609092712
false	0.21819819509983063
false	0.012174052186310291
false	0.19344498217105865
false	0.24474021792411804
false	0.016875408589839935
false	0.1378791481256485
false	0.039862651377916336
false	0.12775449454784393
false	0.10977061837911606
false	0.23480789363384247
false	0.0041451589204370975
false	0.20829075574874878
false	0.1406104564666748
false	0.06105025112628937
false	0.12460433691740036
false	0.056343261152505875
false	0.09682802855968475
false	0.04968932643532753
false	0.038918089121580124
false	0.03729209303855896
false	0.006240874994546175
false	0.13460387289524078
false	0.05004808306694031
false	0.17568017542362213
false	0.04838968813419342
false	0.04251262918114662
false	0.14818619191646576
false	0.26497986912727356
false	0.03761768713593483
false	0.025371365249156952
false	0.03288298100233078
false	0.14550980925559998
false	0.021206773817539215
false	0.022046858444809914
false	0.16556595265865326
false	0.1774081289768219
false	0.02317780815064907
false	0.010275782085955143
false	0.020710626617074013
false	0.043163977563381195
false	0.02918914146721363
false	0.022952744737267494
false	0.12268614023923874
false	0.0795171856880188
false	0.09437140822410583
false	0.04532673954963684
false	0.02221049554646015
false	0.018458403646945953
false	0.02094128355383873
false	0.1277521550655365
false	0.09584330767393112
false	0.04118935391306877
false	0.08927280455827713
false	0.25897055864334106
false	0.02060038223862648
false	0.0019266897579655051
false	0.09918127208948135
false	0.4148131012916565
false	0.3499445617198944
false	0.1415356546640396
false	0.01711221970617771
false	0.03271817788481712
false	0.025481291115283966
false	0.30141082406044006
false	0.18864083290100098
false	0.152761310338974
false	0.06547636538743973
false	0.0018901592120528221
false	0.02585563436150551
false	0.01589071936905384
false	0.02510749362409115
false	0.06594140082597733
false	0.12007461488246918
false	0.1235426664352417
false	0.00814538449048996
false	0.13502514362335205
false	0.004510066471993923
false	0.13168880343437195
false	0.048537030816078186
false	0.069147989153862
false	0.09948424994945526
false	0.04114570468664169
false	0.01680317521095276
false	0.28463950753211975
false	0.1130419597029686
false	0.03148021548986435
false	0.22946922481060028
false	0.190622478723526
false	0.08667410910129547
false	0.02348898909986019
false	0.015411846339702606
false	0.026800744235515594
false	0.06408239156007767
false	0.10551465302705765
false	0.026584768667817116
false	0.1004398912191391
false	0.07181481271982193
false	0.008306833915412426
false	0.08346279710531235
false	0.08012288808822632
false	0.048120491206645966
false	0.08388830721378326
false	0.06913093477487564
false	0.05722257122397423
false	0.0660959780216217
false	0.024551551789045334
false	0.07216434925794601
false	0.014341452158987522
false	0.017520766705274582
