false	0.32739004492759705
false	0.4207817614078522
true	0.5093259215354919
false	0.38463252782821655
false	0.39953410625457764
false	0.23975791037082672
false	0.3804721534252167
false	0.3164367079734802
false	0.35266247391700745
false	0.21485696732997894
false	0.4535357654094696
false	0.30116844177246094
false	0.045278314501047134
false	0.23344840109348297
false	0.3696432113647461
false	0.1928357481956482
false	0.4382162094116211
false	0.1195530816912651
false	0.3356286287307739
false	0.37196359038352966
false	0.3645360469818115
false	0.3650858700275421
false	0.29322752356529236
false	0.34910380840301514
false	0.29422667622566223
false	0.2377367913722992
false	0.28132519125938416
false	0.09539175778627396
false	0.2142217755317688
false	0.20292048156261444
false	0.1693168729543686
false	0.24132518470287323
false	0.4938797056674957
false	0.3334906995296478
false	0.31948933005332947
false	0.30544161796569824
false	0.2295055240392685
false	0.36204347014427185
false	0.3703497052192688
false	0.4759364426136017
true	0.5389358401298523
false	0.322407066822052
false	0.04181178659200668
false	0.22472520172595978
false	0.1548413783311844
false	0.4011693000793457
false	0.3729502856731415
false	0.35247841477394104
false	0.4375414550304413
false	0.2904566824436188
false	0.31491562724113464
false	0.3433677554130554
false	0.3911382853984833
false	0.2830717861652374
false	0.2360209822654724
false	0.42165571451187134
false	0.11014591157436371
false	0.294912725687027
true	0.5429408550262451
false	0.42481759190559387
false	0.4348216652870178
false	0.2726113498210907
false	0.42171159386634827
false	0.3599291443824768
false	0.45892080664634705
false	0.4762837886810303
false	0.322926789522171
true	0.5020564198493958
false	0.3762334883213043
true	0.5389096140861511
false	0.2430894821882248
false	0.3483497202396393
false	0.21359185874462128
false	0.3065647482872009
false	0.11176997423171997
false	0.30705392360687256
false	0.19562427699565887
false	0.3472212255001068
false	0.3339502513408661
false	0.31338199973106384
false	0.31765303015708923
false	0.213983416557312
false	0.21785396337509155
true	0.6407877206802368
false	0.32933855056762695
true	0.6167982220649719
false	0.34316137433052063
false	0.25425028800964355
false	0.4093451499938965
false	0.237421452999115
false	0.30400142073631287
false	0.3500592112541199
false	0.1912812739610672
true	0.7762550711631775
false	0.39514270424842834
false	0.4365854859352112
false	0.3686795234680176
false	0.3447337746620178
false	0.38698893785476685
false	0.2594723403453827
false	0.28228166699409485
false	0.22089122235774994
false	-0.07400751113891602
false	0.12021403759717941
false	0.45021507143974304
false	0.472533255815506
false	0.4464164674282074
false	0.20575208961963654
false	0.29783517122268677
false	0.2956809997558594
false	0.28392502665519714
false	0.07074278593063354
true	0.6407755613327026
false	0.42141443490982056
false	0.32922711968421936
false	0.18742229044437408
false	0.2986901104450226
false	0.45446956157684326
false	0.2549823224544525
false	0.24693624675273895
false	0.26541873812675476
false	0.2956655025482178
false	0.4260067641735077
false	0.37047144770622253
false	0.3609803020954132
false	0.21558164060115814
false	0.29168224334716797
false	0.14355678856372833
false	0.11563986539840698
false	0.0889011025428772
false	0.127470001578331
false	0.1854386031627655
false	-0.0018488196656107903
false	0.29941633343696594
false	0.2478562742471695
false	0.24933931231498718
false	0.17430619895458221
false	0.32047662138938904
false	0.16459043323993683
false	0.2669132649898529
false	0.4357062876224518
false	0.3245431184768677
false	0.23823241889476776
false	0.3339289724826813
false	0.1561756730079651
false	0.31685224175453186
false	0.034080732613801956
false	0.44285616278648376
false	0.38577523827552795
false	0.15466022491455078
false	0.38565972447395325
false	0.2389867603778839
true	0.5283735394477844
false	0.48310890793800354
false	0.44614455103874207
false	0.38605809211730957
false	0.1734720915555954
false	0.15130190551280975
false	0.34098634123802185
false	0.12336389720439911
false	0.17056269943714142
false	0.24275055527687073
false	0.20337162911891937
false	0.3050937354564667
false	0.25779953598976135
false	0.1821785718202591
false	0.21823734045028687
false	0.23081587255001068
false	0.303259938955307
false	0.15098434686660767
false	0.25824931263923645
false	0.14063946902751923
false	0.13259980082511902
false	0.2823769450187683
false	0.2903291881084442
false	0.2981112599372864
false	0.2971487045288086
false	0.10028965771198273
false	0.17015458643436432
false	0.07139456272125244
false	0.25954723358154297
false	0.3331758975982666
false	0.24797120690345764
true	0.568177342414856
false	0.2776986062526703
false	0.35796797275543213
false	0.2936050593852997
false	0.22902686893939972
false	0.359356164932251
false	0.45204606652259827
false	0.24112524092197418
false	0.15132679045200348
false	0.21807603538036346
false	0.22976021468639374
false	0.15289291739463806
false	0.2253016084432602
true	0.6878215074539185
false	0.25700390338897705
false	0.46839380264282227
false	0.3599766790866852
true	0.5056591033935547
false	0.3100890815258026
false	0.16169998049736023
false	0.20129525661468506
false	0.21048998832702637
false	0.1561894565820694
false	0.33976271748542786
false	0.14706432819366455
false	0.3559688627719879
false	0.3482416272163391
false	0.3483562767505646
false	0.314974844455719
false	0.4053046703338623
false	0.28606876730918884
false	0.26108410954475403
false	0.3333749771118164
false	0.22894388437271118
false	0.16784252226352692
false	0.2827070355415344
false	0.4547986686229706
false	0.3492113947868347
false	0.23222331702709198
false	0.2537812292575836
true	0.5561600923538208
false	0.3013533651828766
false	0.3713052272796631
false	0.4090518057346344
true	0.5127105116844177
true	0.5594537258148193
false	0.20939280092716217
false	0.41907355189323425
false	0.3856578767299652
false	-0.15396730601787567
false	0.38023611903190613
false	0.09991694241762161
false	0.27173763513565063
false	0.3654156029224396
false	0.30632057785987854
false	0.42181381583213806
false	0.37453722953796387
false	0.4859154522418976
false	0.1689268946647644
true	0.704993724822998
false	0.279416024684906
false	0.24682395160198212
false	0.14055153727531433
false	-0.00668726023286581
false	0.4877892732620239
false	0.2579902112483978
false	0.2955271601676941
false	0.44899097084999084
false	0.4235566556453705
false	0.27456429600715637
false	0.17273269593715668
false	0.010583440773189068
false	0.1758422702550888
false	0.32505735754966736
false	0.07659561187028885
false	0.23763492703437805
false	0.15214067697525024
false	0.10355054587125778
false	0.15711553394794464
false	0.31932568550109863
false	0.09712725877761841
false	0.19269709289073944
false	0.1458078771829605
false	0.302982896566391
false	0.2818199098110199
false	0.08305060863494873
false	0.2808550298213959
false	0.2619117498397827
false	0.08425159752368927
false	0.1528177708387375
false	0.24934019148349762
false	0.23306263983249664
false	0.3495524525642395
false	0.19222448766231537
false	0.05494825541973114
false	0.17724478244781494
false	0.05177982524037361
false	0.3003028333187103
false	0.31736645102500916
false	0.28857237100601196
false	0.3409985601902008
false	0.2279948592185974
false	0.26747655868530273
false	0.33161523938179016
false	0.2254602164030075
false	0.2625958323478699
false	0.19538304209709167
false	0.2611275613307953
false	0.2875729501247406
false	0.19290687143802643
false	0.12946897745132446
false	0.15009061992168427
false	0.32593804597854614
false	0.22534087300300598
false	0.2487426996231079
false	0.28417131304740906
false	0.39466607570648193
false	0.2695840299129486
false	0.21327096223831177
false	0.27746593952178955
false	0.20944078266620636
false	0.21789060533046722
false	0.11402975022792816
false	0.34020179510116577
false	0.2694179117679596
true	0.5491217374801636
false	0.32507428526878357
false	-0.03165086358785629
false	0.17206971347332
false	0.11214511841535568
false	0.26541775465011597
false	0.12191365659236908
false	0.19584691524505615
false	0.18204469978809357
false	0.3385721445083618
false	0.47536933422088623
false	0.2699742019176483
false	0.28686031699180603
false	0.46249908208847046
false	0.34937772154808044
true	0.5234419703483582
false	0.2209278643131256
false	0.2815718352794647
false	0.22222858667373657
false	0.17185141146183014
false	0.43015149235725403
false	0.43343546986579895
false	0.2729683816432953
false	0.32029983401298523
false	0.4400102198123932
false	0.4262664318084717
false	0.43691787123680115
false	0.16758260130882263
false	0.36450469493865967
true	0.5749914050102234
false	0.42152056097984314
false	0.37165504693984985
false	0.45737648010253906
false	0.40055572986602783
false	0.374129056930542
false	0.09203188866376877
false	0.14431370794773102
false	0.291456937789917
false	0.006063195876777172
false	0.3978141248226166
false	0.122290700674057
false	0.14781329035758972
false	0.13209699094295502
false	0.2835005819797516
false	0.37131524085998535
false	0.2559994161128998
false	0.05152774974703789
false	0.06728208810091019
false	-0.10368403792381287
false	0.11127828806638718
false	0.1638285368680954
false	0.12712490558624268
false	-0.04231345281004906
false	0.06635722517967224
false	0.3777961730957031
false	0.0032899053767323494
false	0.043378833681344986
false	-0.043791573494672775
false	0.15287840366363525
false	0.38247206807136536
false	0.46291419863700867
false	0.38072118163108826
true	0.626041829586029
false	0.351063996553421
false	0.27625513076782227
true	0.5814918279647827
false	0.48828381299972534
false	0.44724607467651367
true	0.53667151927948
false	0.4479519724845886
false	0.4396512508392334
false	0.2157319188117981
true	0.5493900179862976
false	0.4096985459327698
true	0.7504186034202576
true	0.5518615245819092
true	0.6172165274620056
true	0.617935836315155
true	0.5054111480712891
true	0.6874479055404663
true	0.5259672999382019
false	0.49998000264167786
true	0.8688952326774597
false	0.4170406758785248
false	0.3121430277824402
true	0.6300700306892395
false	0.3596194088459015
false	0.13740196824073792
false	0.3763943016529083
false	0.2804691195487976
false	0.37258219718933105
true	0.6371155977249146
false	0.3915700316429138
true	0.5457132458686829
false	0.2556663751602173
true	0.5383358001708984
false	0.40251463651657104
false	0.43783846497535706
false	0.4040062129497528
false	0.4512951374053955
false	0.2662718892097473
false	0.3669065535068512
false	0.4131482243537903
false	0.11330659687519073
false	0.1405276507139206
false	0.18528667092323303
false	0.10421952605247498
true	0.5275804996490479
false	0.4239846169948578
false	0.2683214545249939
false	0.4261021614074707
true	0.5747233033180237
false	0.49455127120018005
false	0.3783424198627472
false	0.3773519992828369
false	0.45649364590644836
false	0.4651455581188202
false	0.3716086745262146
false	0.4668217897415161
false	0.2278258204460144
false	0.4611482322216034
false	0.4468209445476532
false	0.44068220257759094
false	0.46929672360420227
false	0.3834301233291626
false	0.31727704405784607
false	0.10580265522003174
false	0.20048215985298157
false	0.2567438781261444
false	0.17906329035758972
false	0.15577030181884766
false	0.268398255109787
false	0.320198655128479
false	0.3415504992008209
false	0.18269842863082886
false	0.13287445902824402
false	0.2866578996181488
false	0.2768392562866211
false	0.2368517965078354
false	0.3464837372303009
false	0.26381462812423706
false	0.38777971267700195
false	0.4291622042655945
false	0.26925885677337646
false	0.1694531887769699
false	0.22265620529651642
false	0.40464821457862854
false	0.37720537185668945
false	0.32085052132606506
false	0.45611557364463806
false	0.19073538482189178
false	0.08989525586366653
false	0.3920269012451172
false	0.2887379229068756
false	0.32459697127342224
false	0.4258823096752167
false	0.27484965324401855
false	0.20390436053276062
false	0.32804375886917114
false	0.4205523431301117
true	0.5386943817138672
false	0.2610551416873932
false	0.23706164956092834
false	0.25216159224510193
true	0.514258086681366
true	0.5821311473846436
false	0.4417916238307953
false	0.4565330445766449
false	0.3305845558643341
false	-0.003754769451916218
false	0.22604645788669586
false	0.23977428674697876
true	0.5876120924949646
false	0.008380038663744926
false	0.34886637330055237
false	0.24487826228141785
false	0.4733659029006958
false	0.10761311650276184
false	0.26762259006500244
false	0.25164034962654114
false	0.18685363233089447
false	0.23644421994686127
false	0.19964614510536194
false	0.10917925089597702
false	0.23630747199058533
false	0.21829771995544434
false	0.28822144865989685
false	0.1897428333759308
false	0.19558988511562347
false	0.30548638105392456
false	0.22678257524967194
false	0.07586843520402908
false	0.11681802570819855
false	0.06798878312110901
false	0.2601628005504608
false	0.2135922759771347
false	0.4266836941242218
false	0.3317098915576935
false	0.2680509388446808
false	0.20254206657409668
false	0.34567758440971375
false	0.35313236713409424
false	0.02169790305197239
false	0.18225304782390594
false	0.32730454206466675
false	0.25628212094306946
false	0.4376327693462372
true	0.5025869607925415
false	0.2303498536348343
false	0.4132281243801117
false	0.3306397795677185
false	0.29112982749938965
true	0.5357660055160522
true	0.5518037676811218
false	0.3491254448890686
false	0.46322277188301086
false	0.45264363288879395
false	0.4575781226158142
false	0.1058635339140892
false	0.4027746319770813
false	0.26409751176834106
false	0.10495489090681076
false	0.17574447393417358
false	0.06010972335934639
false	0.07878010720014572
false	0.18847472965717316
true	0.6645247340202332
true	0.6634146571159363
true	0.5626007914543152
true	0.6230084300041199
true	0.5003535151481628
false	0.39289867877960205
false	0.4310183525085449
false	0.27906274795532227
true	0.6235824227333069
true	0.8010742664337158
true	0.6163607239723206
true	0.7139955163002014
true	0.6649085283279419
false	0.44999048113822937
true	0.5194218754768372
false	0.49468353390693665
true	0.6101384162902832
true	0.7076851725578308
false	0.3807448446750641
false	0.223396435379982
true	0.5142524242401123
false	0.3950747549533844
true	0.5423691272735596
true	0.5522968769073486
false	0.3851100504398346
true	0.5605000257492065
false	0.22863155603408813
false	0.43563520908355713
false	0.1590077430009842
false	0.38129085302352905
false	0.2771552503108978
false	0.41437098383903503
false	0.3746185600757599
true	0.6156339049339294
true	0.8314642310142517
true	0.5376965999603271
false	0.49282652139663696
false	0.3665589392185211
true	0.603289008140564
false	0.31512370705604553
true	0.5632078051567078
false	0.36044999957084656
false	0.20894677937030792
true	0.5172594785690308
false	0.27160531282424927
false	0.37419432401657104
false	0.391189306974411
false	0.3702746331691742
false	0.48093846440315247
false	0.46475929021835327
false	0.09735259413719177
false	0.270812064409256
true	0.5634869933128357
true	0.7750113010406494
false	0.4827796518802643
true	0.6994348764419556
true	0.5578826665878296
true	0.6880433559417725
true	0.6266613602638245
true	0.7232338190078735
false	0.4958997070789337
false	0.25069618225097656
true	0.5351015329360962
false	0.43122419714927673
false	0.40003275871276855
true	0.5715689659118652
false	0.27412036061286926
false	0.3063075542449951
false	0.462933212518692
false	0.3783093988895416
false	0.3722723722457886
true	0.6491932272911072
true	0.610029935836792
false	0.32450565695762634
false	0.2492162436246872
false	0.08649913221597672
false	0.39967775344848633
false	0.10128610581159592
false	0.04250132665038109
false	0.22931721806526184
false	0.18169428408145905
false	0.3236232399940491
false	0.1493908166885376
false	0.007997100241482258
false	0.12304147332906723
false	0.16510018706321716
false	0.1597733050584793
false	0.05081189051270485
false	0.24571967124938965
false	0.2132001668214798
false	0.26105040311813354
true	0.6364165544509888
false	0.2724595367908478
false	0.32539716362953186
true	0.8542776107788086
true	0.6378530859947205
false	0.39738550782203674
false	0.31370609998703003
false	0.4450414478778839
false	0.13347938656806946
false	0.26676487922668457
false	0.18863363564014435
true	0.5341161489486694
false	0.24753212928771973
false	0.27537018060684204
false	0.25819775462150574
true	0.8108241558074951
false	0.31849145889282227
false	0.27425307035446167
true	0.5094500780105591
false	0.3194853961467743
true	0.5206253528594971
true	0.5084571242332458
false	0.09137389063835144
false	0.36774638295173645
true	0.7026440501213074
false	0.44806236028671265
false	0.2471863180398941
false	0.4275984466075897
false	0.40082213282585144
false	0.24911026656627655
false	0.40679416060447693
false	0.4351997673511505
false	0.340511292219162
true	0.6018535494804382
true	0.5076494216918945
false	0.37495487928390503
false	0.34353941679000854
false	0.4660276472568512
false	0.49394121766090393
true	0.5030374526977539
false	0.40167003870010376
false	0.4658653140068054
true	0.5528750419616699
false	0.4067551791667938
true	0.5858292579650879
false	0.3733399510383606
false	0.3746434152126312
false	0.2635529339313507
false	0.23876523971557617
false	0.29056575894355774
false	0.3576957583427429
false	0.31577643752098083
false	0.4340324401855469
false	0.4417164623737335
false	0.3592326045036316
false	0.2566554546356201
false	0.465538889169693
true	0.5299530625343323
true	0.5366193056106567
false	0.3953869342803955
true	0.5922718644142151
true	0.7144271731376648
false	0.17993652820587158
false	0.32942500710487366
false	0.2576463520526886
false	0.01396371703594923
false	0.4734640419483185
false	0.3637767732143402
false	0.40677928924560547
false	0.4406307637691498
false	0.47018587589263916
false	0.3518330156803131
false	0.10120942443609238
false	0.2464027851819992
false	0.03185464069247246
false	0.26695019006729126
false	0.4912508428096771
false	0.2150469273328781
false	-0.021859832108020782
false	0.376740425825119
false	0.34172186255455017
false	0.19911395013332367
false	0.19856485724449158
false	0.2923751473426819
false	0.2793012261390686
false	0.19247636198997498
false	0.3226163685321808
false	0.3600291311740875
false	0.15546530485153198
false	0.2106027752161026
false	0.21543508768081665
false	0.23258750140666962
false	0.18729901313781738
false	0.1426563709974289
false	0.19881941378116608
false	0.18392692506313324
false	0.25829797983169556
false	0.2902046740055084
false	0.17385093867778778
false	0.2238590568304062
false	0.23348243534564972
false	0.28976258635520935
false	0.2354654222726822
false	0.2501932382583618
false	0.2847459614276886
false	0.29919520020484924
false	0.30916258692741394
false	0.2578689754009247
false	0.371023565530777
false	0.30396294593811035
false	0.26694634556770325
false	0.35783350467681885
false	0.3009489178657532
true	0.5678224563598633
false	0.21608921885490417
false	0.37836694717407227
false	0.3773890733718872
false	0.3480917811393738
false	0.13478446006774902
false	0.2328549027442932
false	0.39471346139907837
false	0.25783678889274597
false	0.03977334871888161
false	0.21618536114692688
false	0.21046489477157593
true	0.5933740735054016
false	0.39182600378990173
false	0.19847910106182098
false	0.21508803963661194
false	0.17098651826381683
false	0.18985174596309662
false	0.06004980951547623
false	0.18222813308238983
false	0.2289043813943863
false	0.2643870413303375
false	0.13636647164821625
false	0.23548997938632965
false	0.1319870501756668
false	0.08776228874921799
false	0.3349604904651642
false	0.3127942383289337
false	0.2826281487941742
false	0.2106529325246811
false	0.4630495309829712
false	0.4244351387023926
false	0.4235682785511017
false	0.4529089629650116
false	0.48222386837005615
false	0.3992001712322235
true	0.6978952288627625
false	0.4071357250213623
true	0.510105550289154
false	0.3659559488296509
false	0.27639585733413696
false	0.35729408264160156
false	0.33935439586639404
false	0.41055288910865784
false	0.3576129376888275
false	0.24830202758312225
false	0.34816643595695496
false	0.32302364706993103
false	0.252960205078125
false	0.1865655779838562
false	0.14187319576740265
false	0.23983295261859894
false	0.36973336338996887
false	0.2913685142993927
false	0.13476817309856415
false	0.39035046100616455
false	0.16434940695762634
false	0.24088789522647858
false	0.15421080589294434
false	0.44416019320487976
false	0.1355898082256317
false	0.3672212064266205
false	0.05441306531429291
false	0.32154548168182373
false	0.1035923957824707
false	0.3029290437698364
false	0.10712312906980515
false	0.10043622553348541
false	0.05073430761694908
false	0.3854975998401642
false	0.29429104924201965
false	0.221329927444458
false	0.2801158130168915
false	0.12809069454669952
false	0.3921373188495636
false	0.3357529044151306
false	0.41777464747428894
false	0.2368888407945633
false	0.16014526784420013
false	0.3154068887233734
true	0.522053599357605
false	0.34267452359199524
false	0.37393584847450256
false	0.2475704699754715
false	0.35719403624534607
false	0.24480536580085754
false	0.115076944231987
false	0.3583589196205139
true	0.5516118407249451
false	0.41767290234565735
false	0.2237483412027359
false	0.18767867982387543
false	0.23270131647586823
false	0.29948922991752625
false	0.24571986496448517
false	0.49072596430778503
false	0.21348488330841064
false	0.14534296095371246
false	0.3858615756034851
false	0.2644769847393036
false	0.3191854655742645
false	0.2527367174625397
false	0.26875928044319153
false	0.18332000076770782
false	0.24269773066043854
false	0.2890501320362091
false	0.1660246104001999
false	0.1250160187482834
false	0.1559041142463684
false	0.2930010259151459
false	0.20441654324531555
false	0.2150966078042984
false	0.1660376787185669
false	0.3211918771266937
false	0.34454345703125
false	0.28466448187828064
false	0.25602206587791443
false	0.31823524832725525
true	0.5265488028526306
false	0.21056638658046722
false	0.38798344135284424
false	0.37387990951538086
false	0.3903736174106598
false	0.4026820659637451
false	0.40487411618232727
false	0.37793901562690735
true	0.53702312707901
false	0.3748755156993866
false	0.10625729709863663
false	0.28134408593177795
false	0.36288556456565857
false	0.3214919865131378
false	0.3094153106212616
false	0.1790323704481125
false	0.13083845376968384
false	0.1262369453907013
false	0.21166585385799408
false	0.18320736289024353
false	0.26826247572898865
false	0.2764242887496948
false	0.22519373893737793
false	0.19975802302360535
false	0.39460694789886475
false	0.23965582251548767
false	0.18087534606456757
false	0.3280901610851288
false	0.14348195493221283
false	0.06242926046252251
false	-0.015697304159402847
false	0.41479405760765076
false	0.1038491353392601
false	0.33312085270881653
false	0.34738975763320923
false	0.13931487500667572
false	0.08581741154193878
false	0.19895434379577637
false	0.09093865752220154
false	0.22933241724967957
false	0.23077607154846191
false	0.3142385184764862
false	0.11248377710580826
false	0.29456451535224915
false	0.09220054000616074
false	-0.029600251466035843
false	0.3914489150047302
false	0.2516711354255676
false	0.20521120727062225
false	0.13276822865009308
false	0.2119368463754654
false	0.34092700481414795
false	0.2667791545391083
false	0.064816415309906
false	0.26532265543937683
false	0.2668149769306183
false	0.2243025153875351
false	0.2011519968509674
false	0.14245092868804932
true	0.60992032289505
false	0.32664284110069275
false	0.30280783772468567
false	0.03295110911130905
false	0.22685159742832184
false	0.33828404545783997
false	0.36193257570266724
false	0.21967768669128418
false	0.45531851053237915
false	0.3441503047943115
false	0.2888452708721161
false	0.15125079452991486
false	0.47403761744499207
true	0.549636960029602
false	0.30844300985336304
false	0.10228520631790161
false	0.3110206127166748
false	0.22754500806331635
false	0.15368929505348206
false	0.17439496517181396
false	0.48107418417930603
false	0.2880343198776245
false	0.3267020881175995
false	0.3132670521736145
true	0.5042136907577515
false	0.2541508078575134
false	0.41541847586631775
false	0.33796462416648865
false	0.15605534613132477
false	0.2768317461013794
false	0.07069055736064911
false	0.4124162197113037
false	0.12204757332801819
false	0.29524683952331543
false	0.258978933095932
false	0.07626601308584213
false	0.31799471378326416
false	0.25896069407463074
false	0.3181343972682953
false	0.17151348292827606
false	0.3759007155895233
false	0.2460605651140213
false	0.4051153063774109
false	0.39729830622673035
false	0.22926494479179382
false	0.24357686936855316
false	0.14961418509483337
false	0.3261527419090271
false	0.15071070194244385
false	0.23569218814373016
false	0.09123304486274719
false	0.3486323654651642
false	0.1928713619709015
false	0.15507562458515167
false	0.20630186796188354
false	0.04102824628353119
true	0.5317589640617371
