false	0.16497167944908142
false	0.4118223190307617
false	0.03412109240889549
false	0.005560459103435278
true	0.5824130177497864
true	0.8274706602096558
false	0.003222006605938077
false	0.0846477821469307
false	0.024863414466381073
false	0.0037109197583049536
false	0.0004702865844592452
false	0.00045776733895763755
false	0.09735520929098129
false	0.2547881305217743
false	0.2785169184207916
false	0.07101631909608841
false	0.013309895992279053
false	0.0031727219466120005
false	0.012992368079721928
false	0.016248242929577827
false	0.0022968845441937447
false	0.0006100967293605208
false	0.40222254395484924
false	0.15836672484874725
false	0.2478751838207245
false	0.14631496369838715
false	0.028170833364129066
false	0.1382600963115692
true	0.6222992539405823
false	0.10730628669261932
false	0.42152369022369385
false	0.15562139451503754
true	0.8977565169334412
false	0.4907863140106201
false	0.006972251459956169
false	0.04230284318327904
false	0.29448074102401733
true	0.612914502620697
false	0.2289208322763443
false	0.1627620905637741
false	0.20432253181934357
false	0.34944605827331543
false	0.0019243912538513541
false	0.25562623143196106
false	0.011570380069315434
true	0.7554799914360046
true	0.6619606018066406
false	0.17204131186008453
false	0.057892631739377975
false	0.08368512243032455
false	0.07769311964511871
false	0.02180991694331169
false	0.31523260474205017
false	0.002916720462962985
false	0.4649513065814972
true	0.8425071835517883
false	0.007571538910269737
false	0.46942952275276184
false	0.2875390648841858
false	0.4005214273929596
false	0.0001416576560586691
false	0.00022775540128350258
false	0.004013577941805124
false	0.002143616322427988
false	0.14125774800777435
false	0.0001188960814033635
false	0.000677944568451494
false	0.2410687953233719
false	0.004772227723151445
false	0.07238119095563889
false	0.0034415756817907095
true	0.8923693895339966
false	0.476833701133728
false	0.40637150406837463
false	0.0022230546455830336
false	0.14998012781143188
false	0.09742660075426102
false	0.02695242501795292
false	0.25309091806411743
false	0.0618290975689888
false	0.1627470999956131
false	0.030414452776312828
true	0.7079441547393799
false	0.0023421829100698233
false	0.0005408404394984245
false	0.016147470101714134
false	0.015045568346977234
false	0.020763637498021126
false	0.0247991643846035
false	0.18568068742752075
false	0.017136313021183014
false	0.2737109065055847
false	0.44471657276153564
false	0.015692126005887985
false	0.16870944201946259
false	0.007963765412569046
true	0.5837337970733643
false	0.07115305960178375
false	0.210739865899086
true	0.5082835555076599
false	0.24906501173973083
false	0.010268345475196838
true	0.5247672200202942
false	0.1452922224998474
false	0.22672876715660095
false	0.053518135100603104
false	0.04813837632536888
false	0.09745253622531891
false	0.03160645440220833
false	0.46593132615089417
false	0.07721733301877975
false	0.031403373926877975
false	0.14398203790187836
false	0.19839298725128174
false	0.03151451051235199
false	0.3701125681400299
false	0.39017054438591003
false	0.0010606180876493454
false	0.019278479740023613
false	0.03129398077726364
false	0.04787028953433037
false	0.005610411521047354
false	0.2993845045566559
false	0.11501462012529373
false	0.03418734669685364
false	0.0011204739566892385
false	0.010357877239584923
false	0.07581058144569397
false	0.15851497650146484
false	0.0018446416361257434
false	0.0011596870608627796
false	0.0055583869107067585
false	0.011564383283257484
false	0.0612335205078125
false	0.008169181644916534
false	0.05441002547740936
false	0.04274142161011696
false	0.011397607624530792
false	0.007690565660595894
false	0.03813823312520981
false	0.01125315297394991
false	0.040584173053503036
false	0.3233395218849182
false	0.41182413697242737
false	0.040953632444143295
false	0.03024609573185444
false	0.010346904397010803
false	0.00275317276827991
true	0.9728870987892151
false	0.3514227867126465
true	0.9238970279693604
true	0.6153490543365479
false	0.15914949774742126
true	0.5512797832489014
false	0.3430088460445404
false	0.2792002558708191
false	0.09606034308671951
false	0.020173106342554092
false	0.20670032501220703
false	0.42904379963874817
true	0.5847805738449097
false	0.024079250171780586
false	0.03283124044537544
false	0.2691548466682434
false	0.00480878259986639
false	0.37798890471458435
false	0.06742151081562042
false	0.048743560910224915
true	0.9826852083206177
true	0.7792607545852661
false	0.0016591997118666768
false	0.3192623555660248
false	0.011885473504662514
false	0.005313938949257135
false	0.0409262515604496
false	0.08552423119544983
false	0.06839501112699509
false	0.0025456363800913095
false	0.0012593450956046581
false	0.0004925845423713326
false	0.3733307123184204
true	0.6913442611694336
false	0.1455373913049698
false	0.189127117395401
false	0.0033563519828021526
false	0.023877574130892754
false	0.008013688027858734
true	0.5697800517082214
false	0.12401921302080154
false	0.0705917477607727
false	0.10579477250576019
false	0.053314030170440674
false	0.05980406329035759
false	0.08012782037258148
false	0.0033638442400842905
false	0.3111601769924164
false	0.0038062334060668945
false	0.10823517292737961
true	0.8147543668746948
false	0.058353241533041
false	0.0787515640258789
true	0.7740862965583801
true	0.7253687977790833
true	0.8250188827514648
false	0.23109130561351776
true	0.793632984161377
true	0.6168056726455688
false	0.06585077196359634
false	0.2473316788673401
false	0.062131475657224655
false	0.02069224789738655
true	0.6355124711990356
false	0.0929398164153099
true	0.5194898843765259
false	0.4320010244846344
false	0.07348182797431946
false	0.009157209657132626
false	0.023678584024310112
true	0.5396277904510498
false	0.0048528555780649185
false	0.001886187237687409
false	0.26051345467567444
false	0.057100336998701096
false	0.0025575696490705013
false	0.022644195705652237
false	0.014150955714285374
false	0.10173666477203369
false	0.0063238199800252914
false	1.4970084521337412e-05
false	0.02108324132859707
false	0.0009641240467317402
false	0.02590969391167164
false	0.011294690892100334
false	0.13088104128837585
false	0.4102824628353119
false	0.0011889508459717035
false	0.08166860044002533
false	0.04015527665615082
true	0.5365098714828491
false	0.0840173214673996
true	0.5740724802017212
false	0.022862249985337257
true	0.53233402967453
false	0.021823909133672714
false	0.008968104608356953
false	0.020245471969246864
false	0.026368901133537292
false	0.06455705314874649
false	0.015571735799312592
false	0.2869284451007843
true	0.7553900480270386
false	0.0921376496553421
false	0.030264507979154587
false	0.124211385846138
true	0.5931786298751831
false	0.012485154904425144
false	0.005020430311560631
false	0.003469636896625161
false	0.0988130271434784
false	0.0008055384969338775
false	0.23603498935699463
false	0.011252033524215221
false	0.000641450344119221
false	0.02195221185684204
true	0.5268207788467407
false	0.0034738797694444656
false	0.1897190809249878
false	0.297843873500824
false	0.15696081519126892
false	0.3347831666469574
false	0.01795314811170101
true	0.8307574391365051
false	0.01905381865799427
false	0.040872469544410706
false	0.06295944005250931
false	0.014292726293206215
true	0.5113664865493774
false	0.00017442504758946598
false	0.3351517915725708
false	0.03375348448753357
false	0.007126063108444214
false	0.08266598731279373
false	0.09811573475599289
false	0.02409571036696434
false	0.0013671597698703408
false	0.002048244932666421
false	0.045614030212163925
false	0.06441904604434967
false	0.006253817584365606
false	0.01798205077648163
false	0.020589420571923256
true	0.8277196884155273
false	0.08486904203891754
false	0.027580147609114647
true	0.6607009172439575
false	0.008730280213057995
false	0.03134110942482948
true	0.5690298676490784
false	0.4235123097896576
false	0.1381889432668686
false	0.47512152791023254
false	0.13077925145626068
false	0.08051757514476776
false	0.006859290413558483
false	0.0028143988456577063
false	0.02761179767549038
false	0.030437633395195007
false	0.05366075038909912
false	0.026176998391747475
false	0.39369118213653564
true	0.9153252243995667
false	0.28185534477233887
false	0.2246430516242981
false	0.1718006283044815
true	0.5418999791145325
false	0.46222543716430664
false	0.3349938988685608
false	0.3056927025318146
true	0.7659526467323303
false	0.11445269733667374
false	0.18733230233192444
false	0.09091143310070038
false	0.1634659767150879
true	0.6689850091934204
false	0.4784340560436249
true	0.7012247443199158
false	0.02831992134451866
false	0.12554532289505005
false	0.021817956119775772
false	0.1517675369977951
false	0.010932093486189842
false	0.029680930078029633
false	0.0237837303429842
false	0.08271180838346481
false	0.03631112724542618
false	0.3893987238407135
false	0.10848038643598557
false	0.014137227088212967
false	0.06517597287893295
true	0.6720942854881287
true	0.7422822117805481
true	0.5516349077224731
false	0.0014287095982581377
false	0.004976415541023016
false	0.03783521428704262
false	0.057873886078596115
false	0.027829330414533615
false	0.08446597307920456
false	0.00016237726958934218
false	0.010615807957947254
false	0.11860497295856476
false	0.027899470180273056
false	0.05219623073935509
false	0.05624987557530403
false	0.2401147335767746
false	0.07095752656459808
false	0.016171623021364212
true	0.6638243794441223
false	0.02654627338051796
false	0.46456101536750793
false	0.00782825704663992
true	0.5770561695098877
false	0.10619530826807022
false	0.014075962826609612
false	0.007702772971242666
false	0.14356447756290436
true	0.54203200340271
false	0.4988900125026703
false	0.008479435928165913
false	0.022806478664278984
false	0.13464908301830292
true	0.6466243863105774
false	0.17692655324935913
true	0.8047918081283569
false	0.12828974425792694
false	0.006540150847285986
false	0.0656658411026001
false	0.31066805124282837
true	0.6932430267333984
false	0.2310822457075119
true	0.8049572110176086
false	0.39549410343170166
false	0.3068786561489105
false	0.016105685383081436
false	0.4492398798465729
true	0.8566513061523438
false	0.20858006179332733
false	0.009581455960869789
false	0.15252429246902466
false	0.03491315245628357
false	0.45482683181762695
false	0.30948764085769653
true	0.7460530400276184
false	0.027647461742162704
true	0.7075124979019165
false	0.05208269879221916
false	0.1331336349248886
true	0.5479856133460999
false	0.09120308607816696
true	0.6436163187026978
false	0.29297488927841187
false	0.4915640950202942
true	0.8946519494056702
false	0.12641681730747223
true	0.5262645483016968
true	0.8926653861999512
true	0.9540784358978271
false	0.4552650451660156
false	0.020689362660050392
true	0.9577314853668213
true	0.922785758972168
false	0.029616009443998337
false	0.050141897052526474
false	0.0011801335494965315
false	0.1596323847770691
true	0.7965624332427979
false	0.04811832308769226
false	0.1254683881998062
false	0.26374319195747375
false	0.0608561672270298
false	0.02385842800140381
true	0.823482096195221
true	0.7649950385093689
false	0.19389525055885315
true	0.6450234055519104
false	0.007016235962510109
false	0.2712801396846771
false	0.2202293425798416
false	0.40819355845451355
false	0.26049625873565674
false	0.03054785169661045
false	0.006763450335711241
false	0.2914002239704132
true	0.5335085391998291
false	0.004512269981205463
false	3.431548611843027e-05
false	0.015144036151468754
false	0.17847925424575806
false	0.0027551345992833376
false	0.0009608260588720441
false	0.0007162572583183646
false	0.041168369352817535
false	0.013130943290889263
false	0.08857686817646027
false	0.067625992000103
false	0.008240659721195698
false	0.011820363812148571
false	0.00973302498459816
false	0.03298916667699814
true	0.7575739622116089
false	0.05388573557138443
false	0.06660522520542145
false	0.1300831139087677
false	0.0005350553547032177
false	0.11738180369138718
false	0.015449338592588902
false	0.07660947740077972
true	0.8552030324935913
false	0.21440847218036652
true	0.6047409772872925
false	0.4343108832836151
false	0.3978601396083832
true	0.7396485805511475
true	0.5796031951904297
false	0.3110367953777313
false	0.002614934928715229
false	0.030801424756646156
false	0.005346180871129036
false	0.0894181951880455
false	0.03258521482348442
false	0.00024492188822478056
false	0.0033161980099976063
false	0.33570727705955505
false	0.18698999285697937
false	0.006719652563333511
false	0.0023317858576774597
false	0.08429355174303055
false	0.05886077508330345
false	0.004999607801437378
false	0.11157020181417465
false	0.2822205424308777
true	0.5026621222496033
false	0.07613522559404373
false	0.19321219623088837
false	0.007683450821787119
false	0.013231541030108929
false	0.0038758511655032635
false	0.0035492326132953167
false	0.16275618970394135
false	0.12792278826236725
false	0.0015861555002629757
false	0.0037036617286503315
true	0.6422559022903442
false	0.010250754654407501
false	0.051484301686286926
false	0.36297956109046936
false	0.028433887287974358
false	0.14034484326839447
false	0.01646524854004383
false	0.00444819824770093
false	0.005240280646830797
false	0.0016086279647424817
false	0.0031862056348472834
false	0.003603174816817045
false	0.11263521760702133
false	0.04512128233909607
false	0.4265487790107727
false	0.15174075961112976
false	0.47049975395202637
false	0.4430958032608032
false	0.09731920808553696
false	0.02561568282544613
false	0.004745121113955975
true	0.7950854897499084
true	0.8744300603866577
true	0.8294819593429565
true	0.6191729307174683
true	0.8074010610580444
false	0.08504971861839294
true	0.905642032623291
true	0.8136569857597351
true	0.6018924117088318
true	0.7200392484664917
false	0.007100522052496672
false	0.004533765837550163
false	0.4231720566749573
false	0.4820306599140167
false	0.019858885556459427
false	0.1838712990283966
false	0.043624524027109146
true	0.5474156141281128
true	0.7604877948760986
false	0.04644013196229935
true	0.7645680904388428
false	0.028050553053617477
true	0.7918792963027954
false	0.09797516465187073
true	0.9779755473136902
false	0.027358293533325195
false	0.43989285826683044
false	0.15716665983200073
false	0.04828862473368645
false	0.2614389955997467
false	0.3440617620944977
true	0.894465446472168
true	0.9083032011985779
false	0.47887375950813293
true	0.5899379253387451
true	0.9142081141471863
false	0.462099552154541
true	0.7189637422561646
false	0.3078191578388214
true	0.8030635118484497
true	0.6407271027565002
true	0.9113699197769165
false	0.3638351857662201
true	0.9267964363098145
true	0.9676337838172913
true	0.8416426181793213
false	0.18536676466464996
false	0.014654845930635929
true	0.5334062576293945
false	0.07354705035686493
false	0.32559725642204285
false	0.020481497049331665
false	0.0025420503225177526
false	0.019160103052854538
true	0.704467236995697
false	0.44397521018981934
false	0.017120210453867912
true	0.6679127812385559
true	0.65034019947052
false	0.07134075462818146
false	0.09949620813131332
false	0.02664180099964142
false	0.355920672416687
false	0.15826661884784698
false	0.06618145853281021
false	0.016183113679289818
false	0.017657427117228508
false	0.040159422904253006
false	0.0065588438883423805
false	0.41968247294425964
false	0.0039376262575387955
false	0.022514913231134415
false	0.055716462433338165
false	0.05942139774560928
true	0.8369938135147095
true	0.7321117520332336
false	0.15521910786628723
true	0.5720692276954651
true	0.7604233026504517
true	0.6603795886039734
false	0.09409377723932266
false	0.2132156938314438
false	0.007362267002463341
false	0.4741165041923523
false	0.48185887932777405
false	0.0988825187087059
false	0.07197176665067673
false	0.2906327247619629
false	0.04141818732023239
true	0.7468953132629395
true	0.7947227954864502
false	0.048901040107011795
true	0.6539364457130432
false	0.050174158066511154
false	0.016629133373498917
false	0.0016408272786065936
false	0.011499039828777313
false	0.020626243203878403
false	0.34538382291793823
false	0.11800476908683777
true	0.6258797645568848
false	0.1712353676557541
false	0.1917646825313568
false	0.016076717525720596
false	0.026205383241176605
false	0.05881401523947716
false	0.0003712920006364584
true	0.5444336533546448
false	0.007180263288319111
false	0.00022939690097700804
false	0.04385817050933838
false	0.1526171714067459
false	0.026831764727830887
false	0.11435502767562866
false	0.13461029529571533
true	0.767330527305603
false	0.4204760789871216
false	0.06149672716856003
false	0.062478527426719666
false	0.021599965170025826
false	0.09478248655796051
false	0.1478898525238037
false	0.36461910605430603
true	0.7808271646499634
true	0.9373568296432495
false	0.34454041719436646
true	0.587978720664978
false	0.07705909758806229
false	0.050750866532325745
false	0.2615194618701935
true	0.9686763286590576
false	0.26324549317359924
true	0.6466116309165955
false	0.39542055130004883
false	0.1244170144200325
true	0.7289681434631348
true	0.8728437423706055
true	0.8493382930755615
false	0.27042484283447266
false	0.400960236787796
false	0.0064094336703419685
false	0.07960716634988785
false	0.1329978108406067
false	0.0339004285633564
false	0.26760369539260864
true	0.5482809543609619
false	0.008806329220533371
false	0.023595746606588364
false	0.17446187138557434
false	0.002021482679992914
false	0.004574709106236696
false	0.01878971792757511
false	0.3013226091861725
false	0.024215906858444214
false	0.019176412373781204
false	0.10495426505804062
false	0.06046270951628685
false	0.17497733235359192
false	0.0418521985411644
true	0.6083654761314392
false	0.002747537102550268
false	0.011521684937179089
true	0.6633086204528809
false	0.025558069348335266
false	0.15369869768619537
false	0.0006895445403642952
false	0.0006575919105671346
false	0.0018494036048650742
false	0.07770617306232452
false	0.006647454109042883
false	0.043757133185863495
false	0.13614247739315033
false	0.12595701217651367
false	0.2002491056919098
false	0.0692015290260315
false	0.013505212031304836
true	0.7267268896102905
false	0.19076842069625854
true	0.6941290497779846
false	0.112427718937397
false	0.18389663100242615
true	0.6760345101356506
false	0.08827528357505798
false	0.44068795442581177
false	0.06798318773508072
true	0.5667179822921753
false	0.04369475692510605
false	0.22599005699157715
false	0.24582107365131378
false	0.031052114441990852
false	0.017664864659309387
false	0.3058333992958069
false	0.007243145257234573
true	0.9032544493675232
false	0.0786823183298111
false	0.32775798439979553
false	0.21891596913337708
false	0.049651842564344406
false	0.02568540908396244
true	0.5321566462516785
false	0.027882421389222145
false	0.006055633071810007
false	0.32885026931762695
false	0.08501775562763214
false	0.06047571077942848
false	0.1690472811460495
false	0.14415355026721954
false	0.021846575662493706
false	0.02254536747932434
false	0.01667190156877041
false	0.1370542198419571
false	0.16250716149806976
false	0.029406148940324783
false	0.104606993496418
false	0.0032437629997730255
false	0.0010180483805015683
false	0.10979585349559784
false	0.11252172291278839
false	0.27047035098075867
false	0.0021814124193042517
false	0.043045274913311005
false	0.004309700336307287
false	0.4272470474243164
false	0.04088250920176506
true	0.6760741472244263
false	0.19822224974632263
false	0.3655714988708496
false	0.009463673457503319
false	0.009493646211922169
true	0.6304448246955872
true	0.7388967275619507
true	0.760850191116333
false	0.1349153369665146
false	0.21225586533546448
false	0.00831141509115696
false	0.3098596930503845
false	0.04161639139056206
false	0.0033872839994728565
false	0.21901218593120575
false	0.026341969147324562
false	0.4927191138267517
true	0.6199252605438232
false	0.0007741831359453499
false	0.06034073606133461
false	0.05929353088140488
false	0.09522542357444763
false	0.03728996217250824
false	0.002415224676951766
false	0.03150133043527603
false	0.035983189940452576
false	0.25687646865844727
false	0.23730845749378204
false	0.00757638132199645
false	0.269055038690567
false	0.058671873062849045
false	0.2961485981941223
false	0.08424057811498642
true	0.5870373845100403
false	0.06947560608386993
false	0.022598179057240486
false	0.025539953261613846
false	0.02116101048886776
false	0.031683314591646194
false	0.13627158105373383
false	0.04934706166386604
false	0.011661701835691929
false	0.05178693309426308
false	0.2002437710762024
false	0.02399558573961258
false	0.058096401393413544
false	0.003252619644626975
false	0.06694190204143524
false	0.08016416430473328
false	0.09622105956077576
false	0.07617697864770889
false	0.17113108932971954
false	0.4052698016166687
false	0.0039670588448643684
false	0.026641083881258965
false	0.006118024233728647
false	0.003737925086170435
false	0.23971308767795563
false	0.1654561311006546
false	0.27893179655075073
true	0.6200544238090515
false	0.07733922451734543
false	0.009334264323115349
false	0.013688009232282639
false	0.044351521879434586
false	0.006763802841305733
false	0.03442661464214325
false	0.020049231126904488
false	0.005405197851359844
false	0.002262650988996029
false	0.02039295807480812
false	0.04310997575521469
false	0.007727691438049078
false	0.18522880971431732
false	0.43180036544799805
false	0.1470537632703781
false	0.017779741436243057
false	0.40190887451171875
false	0.05540961027145386
false	0.039044205099344254
false	0.4579043388366699
true	0.6883095502853394
false	0.042018238455057144
false	0.002915813587605953
false	0.19020605087280273
false	0.028678154572844505
false	0.10929132997989655
false	0.07314970344305038
false	0.4675798714160919
false	0.13381518423557281
false	0.03012213297188282
false	0.04839114472270012
false	0.03731418401002884
false	0.02031303010880947
false	0.011461171321570873
false	0.12140613049268723
false	0.34823569655418396
false	0.0018548223888501525
false	0.0016942176735028625
false	0.4119287133216858
false	0.047988034784793854
false	0.21736426651477814
false	0.09565053880214691
false	0.31208911538124084
true	0.7798693776130676
false	0.03344713896512985
false	0.04424859210848808
false	0.044674329459667206
false	0.013517007231712341
true	0.7975354790687561
false	0.009314275346696377
false	0.024163072928786278
false	0.012355159036815166
false	0.007177028339356184
false	0.00105876917950809
false	0.002718548756092787
false	0.005971662700176239
false	0.009745391085743904
false	0.0011069930624216795
false	0.008328442461788654
false	0.16571155190467834
false	0.01254283543676138
false	0.0895928293466568
false	0.20571410655975342
true	0.5753806233406067
false	0.40385493636131287
false	0.003378210822120309
false	0.1347528100013733
false	0.18140846490859985
false	0.009793230332434177
false	0.004434188362210989
false	0.32163697481155396
false	0.18520225584506989
false	0.4847339391708374
false	0.1574966311454773
false	0.31650975346565247
false	0.0033999583683907986
false	0.03538362681865692
false	0.024127177894115448
false	0.014904234558343887
false	0.032145243138074875
false	0.3526967167854309
false	0.01777849905192852
false	0.3597487509250641
false	0.0524696484208107
false	0.010342980735003948
false	0.06113981828093529
false	0.22979730367660522
false	0.35781607031822205
false	0.10921166092157364
false	0.01801399514079094
false	0.31939631700515747
false	0.026294967159628868
false	0.12995320558547974
false	0.0692395344376564
false	0.008825791999697685
false	0.012833459302783012
false	0.030222224071621895
false	0.010076417587697506
false	0.10002617537975311
false	0.0792880728840828
false	0.02250492013990879
false	0.04337327554821968
false	0.08440038561820984
true	0.5035964250564575
false	0.002762705786153674
false	0.005987499840557575
false	0.14009982347488403
false	0.3211764991283417
false	0.17287035286426544
false	0.011564524844288826
true	0.6251658797264099
false	0.30339714884757996
false	0.05864551663398743
false	0.06116912141442299
true	0.8919111490249634
true	0.5048999190330505
false	0.09547171741724014
false	0.3675583600997925
true	0.8953563570976257
false	0.31384092569351196
false	0.013608732260763645
false	0.08374343812465668
true	0.5519211292266846
true	0.8286938667297363
false	0.4217880666255951
true	0.8430044054985046
true	0.9375771880149841
true	0.8043026328086853
true	0.8929368853569031
false	0.31812265515327454
false	0.2220480591058731
false	0.26813966035842896
true	0.8551070690155029
false	0.32022160291671753
false	0.04265239089727402
false	0.23786990344524384
true	0.772663950920105
true	0.6954282522201538
true	0.8618855476379395
false	0.05784329026937485
true	0.5490176677703857
true	0.5472427010536194
false	0.10641071945428848
true	0.917485237121582
false	0.26351049542427063
false	0.0045734127052128315
false	0.00874574389308691
false	0.007339667994529009
false	0.43841472268104553
false	0.003997951280325651
false	0.029132990166544914
true	0.7377172708511353
false	0.1375211626291275
false	0.08078097552061081
false	0.029326174408197403
false	0.11470194160938263
false	0.2140074223279953
false	0.052265070378780365
false	0.035815175622701645
false	0.0022657618392258883
false	0.18646088242530823
false	0.06670840084552765
false	0.057153332978487015
true	0.7315011024475098
false	0.12845410406589508
false	0.09542790800333023
false	0.007279484532773495
false	0.0013115429319441319
false	0.009635654278099537
false	0.0007373076514340937
false	0.01572512648999691
false	0.30172282457351685
false	0.016393234953284264
true	0.5966909527778625
