false	0.10989171266555786
false	0.08174486458301544
false	0.07963579893112183
false	0.25345173478126526
false	0.3361702859401703
false	0.45422282814979553
false	0.19737395644187927
false	0.007595708593726158
false	0.07633297890424728
false	0.08758826553821564
false	0.02199980989098549
false	0.08513840287923813
false	0.04666322469711304
false	0.045474205166101456
false	0.14076778292655945
false	0.047750070691108704
false	0.14922727644443512
false	0.08900775760412216
false	0.1883043646812439
false	0.0915057510137558
false	0.07455489039421082
false	0.03409188613295555
false	0.09845960140228271
false	0.19883495569229126
false	0.09409046173095703
false	0.13993088901042938
false	0.20356714725494385
false	0.03990834578871727
false	0.04554181545972824
false	0.1473572701215744
false	0.12062378972768784
false	0.3456015884876251
false	0.2794714570045471
false	0.14033176004886627
false	0.25103962421417236
false	0.4160851240158081
false	0.17651362717151642
false	0.4335103929042816
false	0.29362091422080994
false	0.3529341220855713
false	0.0400339774787426
false	0.0952000543475151
false	0.28799867630004883
false	0.21232517063617706
false	0.13345128297805786
false	0.40582820773124695
false	0.16255737841129303
false	0.18203307688236237
false	0.22270071506500244
false	0.031691424548625946
false	0.2780563533306122
false	0.14088043570518494
true	0.5331074595451355
false	0.2207040786743164
false	0.24552138149738312
false	0.0584266372025013
false	0.04187731817364693
false	0.16945555806159973
false	0.3510051369667053
false	0.45320239663124084
false	0.03500382602214813
false	0.26719653606414795
false	0.138393372297287
false	0.16733086109161377
false	0.12480533123016357
false	0.208672434091568
false	0.11209817230701447
false	0.018760520964860916
false	0.02048618532717228
false	0.07230803370475769
false	0.08552390336990356
false	0.016291407868266106
false	0.010468087159097195
false	0.014187769964337349
false	0.034166544675827026
false	0.2706635594367981
false	0.040449563413858414
false	0.14130961894989014
false	0.030810391530394554
false	0.0551978275179863
false	0.053750280290842056
false	0.11058378219604492
false	0.12512853741645813
false	0.03022846393287182
false	0.07303319126367569
false	0.11013857275247574
false	0.023648930713534355
false	0.14292378723621368
false	0.06626860797405243
false	0.07116104662418365
false	0.025800133123993874
false	0.05240711197257042
false	0.06358208507299423
false	0.06578493863344193
false	0.029142219573259354
false	0.26479601860046387
false	0.3036889135837555
false	0.17430587112903595
false	0.03757904842495918
false	0.12706443667411804
false	0.030385835096240044
false	0.14678019285202026
false	0.11632347851991653
false	0.21893760561943054
true	0.5044489502906799
false	0.4588016867637634
true	0.7633641362190247
true	0.7319493889808655
false	0.010213854722678661
false	0.05285179615020752
false	0.3334974944591522
true	0.5671654343605042
false	0.24210652709007263
false	0.16915056109428406
false	0.17620600759983063
false	0.10946023464202881
false	0.21839968860149384
false	0.2707501947879791
false	0.2048989087343216
false	0.22669678926467896
false	0.041645556688308716
false	0.329887717962265
false	0.04451416805386543
false	0.009733529761433601
false	0.2334723323583603
false	0.20554035902023315
false	0.16697467863559723
false	0.1934216320514679
false	0.019176015630364418
false	0.07343225181102753
false	0.035527605563402176
false	0.030780740082263947
false	0.07121007889509201
false	0.04375277832150459
false	0.0811830386519432
false	0.1744557023048401
false	0.21784067153930664
false	0.2883913516998291
false	0.2925235629081726
false	0.08891963213682175
true	0.5851691961288452
false	0.11779418587684631
false	0.2850669324398041
false	0.08917073905467987
false	0.1377899944782257
false	0.12370210886001587
false	0.36146748065948486
false	0.06936312466859818
false	0.06233925744891167
false	0.11297519505023956
false	0.07616756111383438
false	0.14656667411327362
false	0.27717655897140503
false	0.12188967317342758
false	0.17859721183776855
false	0.15829801559448242
false	0.05879366397857666
false	0.10218469053506851
false	0.18497687578201294
false	0.297529399394989
false	0.06847435235977173
false	0.03825489431619644
false	0.0454266294836998
false	0.08267823606729507
false	0.03605416789650917
false	0.06193890795111656
false	0.12441519647836685
false	0.20522476732730865
false	0.3064979910850525
false	0.022768551483750343
false	0.03806469589471817
false	0.05999461188912392
false	0.13101038336753845
false	0.1564233899116516
false	0.10942244529724121
false	0.07194424420595169
false	0.10613828152418137
false	0.13441495597362518
false	0.16460448503494263
false	0.20511408150196075
false	0.046786632388830185
false	0.04988807439804077
false	0.08503090590238571
false	0.24196285009384155
false	0.019864864647388458
false	0.08678639680147171
false	0.0936264619231224
false	0.37829408049583435
false	0.17074799537658691
false	0.21296286582946777
false	0.2795179486274719
false	0.1358216404914856
false	0.2138669192790985
false	0.05725878104567528
false	0.058296870440244675
false	0.14006763696670532
false	0.024623598903417587
false	0.14237810671329498
false	0.12063345313072205
false	0.03459543734788895
false	0.02615380845963955
false	0.04704480618238449
false	0.11772528290748596
false	0.08012514561414719
false	0.2292749434709549
false	0.04040196165442467
false	0.21704302728176117
false	0.25425419211387634
false	0.3459586501121521
false	0.26560699939727783
false	0.04355017468333244
false	0.36180153489112854
false	0.31665271520614624
false	0.07538581639528275
false	0.2907573878765106
false	0.1468823105096817
false	0.0575997456908226
false	0.13256751000881195
false	0.09032992273569107
false	0.04892750829458237
false	0.09030547738075256
false	0.4988540709018707
false	0.19858509302139282
false	0.13950449228286743
false	0.2685007154941559
false	0.3060188889503479
false	0.04605937749147415
false	0.07769976556301117
false	0.331011027097702
false	0.06277874112129211
false	0.10944101214408875
true	0.530043363571167
false	0.08851364254951477
false	0.2608245015144348
false	0.030726561322808266
false	0.12804433703422546
false	0.046511564403772354
false	0.12122824788093567
false	0.2861156165599823
false	0.014562432654201984
false	0.24019502103328705
false	0.0023370387498289347
false	0.07210768014192581
false	0.05570521205663681
false	0.2655360996723175
false	0.20095404982566833
false	0.09281416982412338
true	0.7907063364982605
false	0.047715261578559875
false	0.3261740803718567
false	0.3166919946670532
false	0.14566940069198608
false	0.1384929120540619
false	0.06510045379400253
false	0.008964062668383121
false	0.1840522438287735
false	0.13668908178806305
false	0.048827122896909714
false	0.21426911652088165
false	0.10495366156101227
false	0.07775172591209412
false	0.02874540537595749
false	0.12541060149669647
false	0.037606291472911835
false	0.06735099107027054
false	0.09658081829547882
false	0.08288247883319855
false	0.18621163070201874
false	0.005841397680342197
false	0.32564589381217957
false	0.3343198597431183
false	0.11218567192554474
false	0.029554396867752075
false	0.03980821743607521
false	0.041136257350444794
false	0.05360254645347595
false	0.17474380135536194
false	0.11317896097898483
false	0.13636095821857452
false	0.08230694383382797
false	0.016821468248963356
false	0.1319447010755539
false	0.15102821588516235
false	0.10564690083265305
false	0.031186018139123917
false	0.14883483946323395
false	0.07588984072208405
false	0.15574681758880615
false	0.10226739197969437
false	0.020869022235274315
false	0.013274825178086758
false	0.2193034440279007
false	0.033060863614082336
false	0.12663276493549347
false	0.09704497456550598
false	0.08556804060935974
false	0.06206674873828888
false	0.19926218688488007
false	0.22840404510498047
false	0.09385503083467484
false	0.21617475152015686
false	0.060326576232910156
false	0.06223708391189575
false	0.08236421644687653
false	0.0174727626144886
false	0.02403785102069378
false	0.019063809886574745
false	0.05607246607542038
false	0.15499329566955566
true	0.7109668254852295
true	0.5879166126251221
false	0.05283164978027344
false	0.05600827932357788
false	0.10544759035110474
false	0.17819085717201233
false	0.15725763142108917
false	0.10510732978582382
true	0.8232831358909607
false	0.3952765166759491
false	0.3442179262638092
false	0.02767445705831051
false	0.10894343256950378
true	0.6253694295883179
true	0.765913724899292
false	0.054765164852142334
false	0.37993094325065613
false	0.3618508279323578
false	0.055900249630212784
false	0.1895955353975296
false	0.25596359372138977
false	0.007052422966808081
false	0.19651465117931366
false	0.28823354840278625
false	0.3151165544986725
false	0.25617825984954834
false	0.22568969428539276
false	0.3803927004337311
false	0.20848190784454346
false	0.29902908205986023
true	0.7807827591896057
false	0.3583281934261322
true	0.7682820558547974
true	0.7354699969291687
false	0.029073959216475487
false	0.13118569552898407
false	0.125301793217659
false	0.14841942489147186
false	0.10883167386054993
false	0.0596526637673378
false	0.11074695736169815
false	0.06333502382040024
false	0.04244502633810043
false	0.03407938405871391
false	0.0693277046084404
false	0.1575929969549179
false	0.20029368996620178
false	0.06556732952594757
false	0.1540013998746872
false	0.14734536409378052
false	0.12389816343784332
false	0.06500403583049774
false	0.11196272820234299
false	0.017019251361489296
false	0.03379673510789871
false	0.030462579801678658
false	0.051750652492046356
false	0.0553298182785511
false	0.23693235218524933
false	0.15803205966949463
false	0.3887777030467987
true	0.6610727310180664
true	0.541680634021759
false	0.07002642750740051
false	0.06731177121400833
false	0.10691844671964645
false	0.4214537441730499
false	0.44859954714775085
false	0.3724587559700012
false	0.26331716775894165
false	0.3259090185165405
true	0.5260268449783325
false	0.45194509625434875
true	0.575419008731842
false	0.2693310081958771
false	0.46139729022979736
false	0.30069205164909363
false	0.3256573975086212
false	0.48084449768066406
false	0.1563025861978531
true	0.5116182565689087
false	0.14187823235988617
false	0.32750025391578674
false	0.4679163992404938
true	0.5615246891975403
false	0.3213261663913727
false	0.4298327565193176
false	0.21710966527462006
true	0.6327389478683472
false	0.4343785345554352
true	0.6581531167030334
false	0.09006087481975555
false	0.3661010265350342
false	0.05835679545998573
false	0.3954213559627533
true	0.5977610349655151
false	0.07836053520441055
false	0.16857056319713593
false	0.28331393003463745
true	0.6269997358322144
true	0.8331542611122131
true	0.7621734738349915
false	0.07286349684000015
false	0.05282473564147949
false	0.07077644020318985
false	0.11432760208845139
true	0.9063302874565125
true	0.7631833553314209
false	0.20499727129936218
true	0.7160277366638184
true	0.8772093057632446
false	0.155333012342453
false	0.06860102713108063
true	0.6771842837333679
true	0.6111886501312256
true	0.5714348554611206
false	0.4592064917087555
true	0.8645543456077576
false	0.2929864227771759
false	0.4201275706291199
true	0.6936932802200317
true	0.6411153078079224
true	0.91599440574646
false	0.033009469509124756
false	0.040600407868623734
false	0.221909299492836
false	0.0937739759683609
false	0.025403738021850586
false	0.1761821061372757
false	0.12539924681186676
false	0.2056577503681183
false	0.058218225836753845
false	0.2316066473722458
false	0.08208851516246796
false	0.06224151328206062
false	0.29160448908805847
false	0.047932062298059464
false	0.044153328984975815
false	0.06814184039831161
false	0.13216239213943481
false	0.026164740324020386
false	0.0404057614505291
false	0.14661678671836853
false	0.17293787002563477
false	0.0822291150689125
false	0.05835694447159767
false	0.03738159313797951
false	0.0948774516582489
false	0.14300872385501862
true	0.5943179130554199
false	0.12385964393615723
false	0.06696631014347076
false	0.4610111713409424
true	0.696372389793396
false	0.3615739047527313
false	0.09432222694158554
false	0.498291015625
true	0.7480854988098145
false	0.21832609176635742
false	0.4735402762889862
true	0.7952019572257996
false	0.3198941946029663
false	0.06604728102684021
true	0.5008569359779358
false	0.2901451587677002
false	0.25186043977737427
false	0.413436621427536
true	0.672427773475647
false	0.29552778601646423
false	0.1473669558763504
false	0.13636112213134766
false	0.13943809270858765
false	0.10409566760063171
true	0.5215816497802734
true	0.8136041164398193
false	0.3134046792984009
false	0.4770579934120178
false	0.46764621138572693
false	0.06753874570131302
false	0.016215410083532333
false	0.08394762873649597
false	0.1703271120786667
false	0.03612975403666496
false	0.234296053647995
false	0.06876160949468613
false	0.16421110928058624
false	0.16117066144943237
false	0.21744081377983093
false	0.12002251297235489
false	0.04543893411755562
false	0.04498402774333954
false	0.03303118050098419
false	0.026024382561445236
false	0.14182443916797638
false	0.07289943844079971
false	0.139076367020607
false	0.08811666071414948
false	0.10860884934663773
false	0.19475793838500977
false	0.1455608457326889
false	0.09351107478141785
false	0.0742034912109375
false	0.11156421899795532
false	0.02195637859404087
true	0.7882976531982422
false	0.02741081640124321
false	0.4870890974998474
false	0.050624534487724304
false	0.031818728893995285
false	0.2642727792263031
false	0.09360165894031525
true	0.7394590973854065
true	0.8051363825798035
false	0.4198189973831177
false	0.3168342113494873
false	0.07300324738025665
true	0.8126185536384583
true	0.8160498142242432
false	0.4122927486896515
false	0.08544754981994629
false	0.06957738101482391
false	0.17407207190990448
false	0.08989211916923523
true	0.7102753520011902
false	0.3936728239059448
true	0.5897337794303894
true	0.8889172673225403
false	0.39343076944351196
true	0.8022814393043518
true	0.7413081526756287
true	0.7171047329902649
false	0.4578743875026703
false	0.22164513170719147
true	0.6039531826972961
true	0.9406235814094543
true	0.9161279201507568
true	0.8234478235244751
true	0.603625476360321
false	0.16770635545253754
true	0.7816981077194214
true	0.637928307056427
false	0.41542577743530273
true	0.7997632622718811
false	0.4890950918197632
false	0.32525435090065
true	0.7261069416999817
true	0.5195232629776001
true	0.8736011385917664
true	0.9182307124137878
true	0.5258609652519226
false	0.4216304123401642
false	0.3314460515975952
true	0.5830076336860657
false	0.1808253675699234
false	0.47999632358551025
false	0.04579075053334236
false	0.23161998391151428
false	0.1016140729188919
true	0.7913838028907776
true	0.7858155965805054
false	0.3509564697742462
false	0.3040865957736969
false	0.11823667585849762
true	0.6022303700447083
false	0.19173558056354523
false	0.45093804597854614
false	0.03851592168211937
false	0.011546442285180092
false	0.20355843007564545
false	0.041907332837581635
false	0.2928309440612793
false	0.2790350615978241
true	0.5735402703285217
true	0.674329400062561
true	0.6000722646713257
false	0.03782173991203308
true	0.5936343669891357
false	0.13286830484867096
false	0.3753455877304077
true	0.6636635661125183
true	0.6256707310676575
false	0.26875191926956177
false	0.12095484882593155
false	0.013543477281928062
false	0.23132729530334473
false	0.17127162218093872
false	0.07885118573904037
false	0.07668660581111908
false	0.2926117777824402
true	0.525047242641449
false	0.09351202845573425
false	0.20800648629665375
false	0.1802401840686798
false	0.0944284051656723
false	0.42181962728500366
false	0.2332293838262558
false	0.0734395906329155
false	0.3627409040927887
false	0.11682622879743576
false	0.10856561362743378
false	0.041739460080862045
false	0.1686677783727646
false	0.04537508636713028
false	0.04015599936246872
false	0.07366522401571274
false	0.056292276829481125
false	0.1610497385263443
false	0.0726049467921257
false	0.032696086913347244
false	0.042625200003385544
false	0.04576563090085983
false	0.18172189593315125
false	0.1598491221666336
false	0.008554632775485516
false	0.08963416516780853
false	0.20197667181491852
false	0.1393873244524002
false	0.14058378338813782
false	0.09476372599601746
false	0.44545140862464905
false	0.33541759848594666
true	0.5115600824356079
false	0.37731343507766724
true	0.7481874823570251
true	0.7326037287712097
true	0.7084296941757202
true	0.6330312490463257
true	0.5396217703819275
true	0.8342173099517822
true	0.7415372133255005
true	0.82254558801651
true	0.5577446818351746
true	0.7555394768714905
true	0.7363296151161194
true	0.7034813165664673
true	0.5796101093292236
false	0.46567070484161377
false	0.39175111055374146
false	0.16481296718120575
false	0.385834664106369
false	0.4838908016681671
true	0.7889345288276672
false	0.3595837652683258
true	0.626497745513916
true	0.8569925427436829
true	0.8243932127952576
false	0.04036432132124901
false	0.07086531817913055
true	0.7492369413375854
true	0.9201160669326782
false	0.33696579933166504
true	0.8751084208488464
true	0.7303423881530762
true	0.6334447860717773
false	0.4397684335708618
false	0.22451211512088776
true	0.8936387896537781
false	0.028932014480233192
false	0.3513866364955902
false	0.060037385672330856
false	0.38648733496665955
false	0.0710802972316742
false	0.4822617769241333
true	0.7189745306968689
true	0.6051917672157288
true	0.7702487111091614
false	0.2610614597797394
true	0.8654882311820984
false	0.43495988845825195
false	0.2715190351009369
false	0.18535789847373962
false	0.019202612340450287
false	0.07562921941280365
false	0.15154525637626648
false	0.10202958434820175
false	0.2834649980068207
false	0.3040185868740082
false	0.47679460048675537
false	0.2641223073005676
false	0.009239422157406807
false	0.16432501375675201
false	0.12013179808855057
false	0.1647297441959381
false	0.17031052708625793
false	0.2122015655040741
false	0.1588018834590912
false	0.1488625854253769
false	0.20532815158367157
false	0.011010299436748028
false	0.02433895878493786
false	0.13179618120193481
false	0.20891568064689636
false	0.1668723076581955
false	0.01851922646164894
false	0.012593875639140606
false	0.1648849993944168
false	0.028322577476501465
false	0.020691145211458206
false	0.15454265475273132
false	0.11678246408700943
false	0.14809110760688782
false	0.13575877249240875
false	0.10211864858865738
false	0.1203073114156723
false	0.04955419898033142
false	0.04321117326617241
false	0.1344175785779953
false	0.005953551735728979
false	0.035537026822566986
false	0.015448802150785923
false	0.05449717119336128
false	0.013765903189778328
false	0.0017858019564300776
false	0.11847251653671265
false	0.07136359810829163
false	0.04687325283885002
false	0.09072742611169815
false	0.05316393822431564
false	0.06827251613140106
false	0.030106741935014725
false	0.05986526608467102
false	0.029306232929229736
false	0.12333467602729797
false	0.12983590364456177
false	0.10015393048524857
false	0.11204574257135391
false	0.3127760589122772
false	0.042223330587148666
false	0.0750398263335228
false	0.19626982510089874
false	0.15294450521469116
false	0.1304505169391632
false	0.19191193580627441
false	0.1804327517747879
false	0.2636428475379944
false	0.21474304795265198
false	0.1252361387014389
false	0.1442626416683197
false	0.057234227657318115
false	0.11279125511646271
false	0.031603023409843445
false	0.20540982484817505
false	0.14832639694213867
false	0.12289901077747345
false	0.18086624145507812
false	0.10482648760080338
false	0.040029652416706085
false	0.028201915323734283
false	0.07490595430135727
false	0.13869421184062958
false	0.01671876758337021
false	0.1667575091123581
false	0.12768615782260895
false	0.06187236309051514
false	0.07975614815950394
false	0.0456804521381855
false	0.07033061236143112
false	0.028505142778158188
false	0.017995618283748627
false	0.14752279222011566
false	0.0721723660826683
false	0.03181101754307747
false	0.009443981572985649
false	0.16153055429458618
false	0.0722779706120491
false	0.025718599557876587
false	0.18024718761444092
false	0.14025673270225525
false	0.00903342105448246
false	0.022076625376939774
false	0.07394779473543167
false	0.046822886914014816
false	0.06433890759944916
false	0.0692458227276802
false	0.13749225437641144
false	0.011890834197402
false	0.1113300621509552
false	0.028424285352230072
false	0.07739079743623734
false	0.19836360216140747
false	0.1796441227197647
false	0.029492314904928207
false	0.02140902727842331
false	0.05618888512253761
false	0.11837716400623322
false	0.1665690392255783
false	0.12871822714805603
false	0.1698285937309265
false	0.11476778239011765
false	0.023277288302779198
false	0.1859102100133896
false	0.19283540546894073
false	0.37977489829063416
false	0.07509750872850418
false	0.12579932808876038
false	0.2448577880859375
false	0.23300804197788239
false	0.24307700991630554
false	0.0559827983379364
false	0.05622074380517006
false	0.15294213593006134
false	0.13509610295295715
false	0.039837900549173355
false	0.3215301036834717
false	0.22235962748527527
false	0.09282813966274261
false	0.31733983755111694
false	0.05456681549549103
false	0.10580167174339294
false	0.24571818113327026
false	0.034289292991161346
false	0.3330986499786377
false	0.11699377000331879
false	0.274308443069458
false	0.13132809102535248
false	0.04662277549505234
false	0.37459704279899597
false	0.15054361522197723
false	0.3839576542377472
false	0.3012135326862335
false	0.0536615215241909
false	0.06844324618577957
false	0.043277207762002945
false	0.029889872297644615
false	0.2106006145477295
false	0.07230246067047119
false	0.2530849874019623
false	0.0963313952088356
false	0.06245117262005806
false	0.12562423944473267
false	0.24848340451717377
false	0.19630245864391327
false	0.12869510054588318
false	0.10339406132698059
false	0.13474443554878235
false	0.19642938673496246
false	0.1553792953491211
false	0.20514404773712158
false	0.27307790517807007
false	0.27137652039527893
false	0.2662411332130432
false	0.2589736580848694
false	0.11238668113946915
false	0.28741368651390076
false	0.2357017695903778
false	0.29635822772979736
false	0.1548456996679306
false	0.25930047035217285
false	0.2654005289077759
false	0.12002846598625183
false	0.33521950244903564
false	0.2731461524963379
false	0.11454711109399796
false	0.15005573630332947
false	0.2062889188528061
false	0.03773456811904907
false	0.285575270652771
false	0.1896856725215912
false	0.016320182010531425
false	0.04162021353840828
false	0.056445956230163574
false	0.0812636986374855
false	0.20525893568992615
false	0.2889339029788971
false	0.024905884638428688
false	0.17837212979793549
false	0.22630274295806885
false	0.07838351279497147
false	0.11708596348762512
false	0.07166635245084763
false	0.139207124710083
false	0.14502325654029846
false	0.04014739394187927
false	0.06456669420003891
false	0.05193816125392914
false	0.15346191823482513
false	0.08366282284259796
false	0.12725615501403809
false	0.03832351043820381
false	0.09261489659547806
false	0.24749347567558289
false	0.13983066380023956
false	0.09516116976737976
false	0.11446724832057953
false	0.1322571188211441
false	0.13529329001903534
false	0.07218416035175323
false	0.024212883785367012
false	0.21772892773151398
false	0.22008587419986725
false	0.022526182234287262
false	0.02357514388859272
false	0.022300923243165016
false	0.16749362647533417
false	0.04953137785196304
false	0.04111171513795853
false	0.3070845901966095
false	0.06946622580289841
false	0.39532479643821716
false	0.19899870455265045
false	0.12603235244750977
false	0.031077956780791283
false	0.01934756524860859
false	0.3351871371269226
false	0.12435027956962585
false	0.21429048478603363
false	0.43194231390953064
false	0.29504159092903137
false	0.17391465604305267
false	0.002580339554697275
false	0.2753939926624298
false	0.2821042239665985
false	0.32634294033050537
false	0.29026132822036743
false	0.044003844261169434
false	0.04466681182384491
false	0.06735674291849136
false	0.42780110239982605
false	0.2062305510044098
false	0.20142261683940887
false	0.13475067913532257
false	0.024939730763435364
false	0.03967036306858063
false	0.07181034982204437
false	0.15003550052642822
false	0.14173543453216553
false	0.09731413424015045
false	0.1230337843298912
false	0.03757943958044052
false	0.21086084842681885
false	0.01685154065489769
false	0.24878156185150146
false	0.19235524535179138
false	0.14085392653942108
false	0.100191131234169
false	0.06640484184026718
false	0.02790587581694126
false	0.3286769688129425
false	0.1131000891327858
false	0.05759108066558838
false	0.2815815806388855
false	0.24279151856899261
false	0.24064862728118896
false	0.10290426760911942
false	0.045358750969171524
false	0.04239213839173317
false	0.13081899285316467
false	0.22328025102615356
false	0.05141841992735863
false	0.1940091848373413
false	0.11573180556297302
false	0.013688023202121258
false	0.125618115067482
false	0.1260690540075302
false	0.10375133901834488
false	0.2056058943271637
false	0.07510105520486832
false	0.12855878472328186
false	0.12253247201442719
false	0.11519322544336319
false	0.2528418302536011
false	0.02403409406542778
false	0.2178526371717453
