false	0.2626936137676239
false	0.19777894020080566
false	0.35681435465812683
false	0.30462557077407837
false	0.4844377040863037
false	0.38053780794143677
false	0.11287406086921692
false	0.147848978638649
false	0.2802349328994751
false	0.21206478774547577
false	0.27339401841163635
false	0.3642633259296417
false	0.08520644903182983
false	0.12204209715127945
false	0.29916611313819885
false	0.12881138920783997
false	0.1619030386209488
false	0.4140163064002991
false	0.252228319644928
false	0.2026713788509369
false	0.3660627603530884
false	0.1687808632850647
false	0.2150203138589859
false	0.3533792495727539
false	0.3222898244857788
false	0.10979816317558289
false	0.2275102138519287
false	0.15498054027557373
false	0.35714274644851685
false	0.4291417598724365
false	0.27635112404823303
false	0.1373593956232071
false	0.23272880911827087
false	0.2236504852771759
false	0.25684458017349243
false	0.28364720940589905
false	0.29647529125213623
false	0.34713488817214966
false	0.2314002364873886
false	0.2921288013458252
false	0.3521648049354553
false	0.1639619618654251
false	0.20081527531147003
false	0.28856605291366577
false	0.1530412882566452
false	0.3121282160282135
false	0.20447850227355957
false	0.1407589316368103
false	0.21898134052753448
false	0.231197327375412
false	0.44161510467529297
false	0.22288468480110168
true	0.5316837430000305
false	0.19537639617919922
false	0.20976170897483826
false	0.33063241839408875
false	0.30858784914016724
false	0.3193417191505432
false	0.3414178788661957
false	0.2082366645336151
false	0.09639015793800354
false	0.28935474157333374
false	0.15020649135112762
false	0.23467759788036346
false	0.15257641673088074
false	0.23007836937904358
false	0.13180387020111084
false	0.26591455936431885
false	0.13788095116615295
false	0.38690996170043945
false	0.08881714195013046
false	0.14162403345108032
false	0.09969563782215118
false	0.1616264134645462
false	0.43531784415245056
false	0.14659897983074188
false	0.10446027666330338
false	0.06740627437829971
false	0.2998737394809723
false	0.2934379279613495
false	0.23264063894748688
false	0.10887627303600311
false	0.12413758784532547
false	0.25129443407058716
false	0.1388397365808487
false	0.40188536047935486
false	0.39261749386787415
false	0.13150590658187866
false	0.06069682165980339
false	0.14094524085521698
false	0.13637219369411469
false	0.1604064553976059
false	0.04170984774827957
false	0.32936978340148926
false	0.2756451964378357
false	0.1602301001548767
false	0.3647257387638092
false	0.11642644554376602
false	0.1799210011959076
false	0.14784811437129974
false	0.18736612796783447
false	0.3025624752044678
false	0.15798860788345337
false	0.2481570541858673
false	0.28741610050201416
false	0.28417539596557617
false	0.25140663981437683
false	0.36748188734054565
false	0.20799227058887482
false	0.1530100405216217
false	0.2530737519264221
false	0.2589251399040222
false	0.3778833746910095
false	0.3821471929550171
false	0.1445862352848053
false	0.1795935332775116
false	0.19263167679309845
false	0.19111306965351105
false	0.21232978999614716
false	0.42547813057899475
false	0.38672125339508057
false	0.37514662742614746
false	0.2681615352630615
false	0.297614723443985
false	0.21898266673088074
false	0.18649253249168396
false	0.11896152049303055
false	0.2057759016752243
false	0.05734105780720711
false	0.11373391002416611
false	0.03409768268465996
false	0.21911582350730896
false	0.07035382091999054
false	0.268311470746994
false	0.22008761763572693
false	0.2173369824886322
false	0.1025509461760521
false	0.25144436955451965
false	0.1614922732114792
false	0.10476889461278915
false	0.1473703384399414
false	0.16456055641174316
false	0.13707120716571808
false	0.2849995195865631
false	0.0986199826002121
false	0.4449867606163025
false	0.17203666269779205
false	0.24739480018615723
false	0.16763989627361298
false	0.31040307879447937
false	0.18717966973781586
false	0.11306045949459076
false	0.34144508838653564
false	0.17930720746517181
false	0.14797884225845337
false	0.31308096647262573
false	0.11055103689432144
false	0.16641585528850555
false	0.21438151597976685
false	0.16759398579597473
false	0.15047147870063782
false	0.11624208837747574
false	0.15196943283081055
false	0.21206426620483398
false	0.3299620747566223
false	0.1753111183643341
false	0.09620200097560883
false	0.29906216263771057
false	0.21186619997024536
false	0.21777227520942688
false	0.13688354194164276
false	0.15500140190124512
false	0.06678562611341476
false	0.20567843317985535
false	0.23171932995319366
false	0.44638144969940186
false	0.1786482036113739
false	0.10063284635543823
false	0.17008650302886963
false	0.2358310967683792
false	0.1469503492116928
false	0.28839796781539917
false	0.1271880865097046
false	0.302901953458786
false	0.16087885200977325
false	0.20371198654174805
false	0.21417108178138733
false	0.1761113852262497
false	0.13832491636276245
false	0.29744192957878113
false	0.23794212937355042
false	0.18756550550460815
false	0.18604043126106262
false	0.05903906002640724
false	0.06513884663581848
false	0.08672627806663513
false	0.33245599269866943
false	0.15067628026008606
false	0.2542152404785156
false	0.17488993704319
false	0.17741306126117706
false	0.10115697979927063
false	0.17185209691524506
false	0.03130422905087471
false	0.29469799995422363
false	0.15270131826400757
false	0.27928993105888367
false	0.1674046516418457
false	0.37310975790023804
false	0.19427984952926636
false	0.04765000939369202
false	0.28001052141189575
false	0.35785508155822754
false	0.047371987253427505
false	0.15308934450149536
false	0.09648139774799347
false	0.011948238126933575
false	0.0562056340277195
false	0.11720477789640427
false	0.26384589076042175
false	0.17528177797794342
false	0.34254178404808044
false	0.28822633624076843
false	0.2860186696052551
false	0.2824116349220276
false	0.14291313290596008
false	0.25707221031188965
false	0.363724946975708
false	0.30726033449172974
false	0.15910811722278595
false	0.11977937072515488
false	0.23995643854141235
false	0.2725706696510315
false	0.30756646394729614
false	0.15362243354320526
false	0.13391822576522827
false	0.12265979498624802
false	0.1462133824825287
false	0.11903301626443863
false	0.1260761022567749
false	0.4759446084499359
false	0.04859825223684311
false	0.26914486289024353
false	0.12454672902822495
false	0.14309707283973694
false	0.23947180807590485
false	0.11497775465250015
true	0.7007194757461548
false	0.16293677687644958
false	0.27454981207847595
false	0.32520678639411926
false	0.31497153639793396
false	0.274985134601593
false	0.07387314736843109
false	0.02234046533703804
false	0.1485535055398941
false	0.13389885425567627
false	0.1986536681652069
false	0.19239898025989532
false	0.12428254634141922
false	0.04598028212785721
false	0.1161692664027214
false	0.13286192715168
false	0.07117483019828796
false	0.13636775314807892
false	0.13962474465370178
false	0.11081331968307495
false	0.03511134907603264
false	0.07008052617311478
false	0.20291545987129211
false	0.1350347399711609
false	0.055068667978048325
false	0.114539735019207
false	0.20982757210731506
false	0.07479855418205261
false	0.22822651267051697
false	0.19164694845676422
false	0.12368177622556686
false	0.15418563783168793
false	0.10781881213188171
false	0.0565996877849102
false	0.25561225414276123
false	0.14906847476959229
false	0.20556630194187164
false	0.06669650226831436
false	0.055375900119543076
false	0.0790727362036705
false	0.19618666172027588
false	0.15700259804725647
false	0.24364662170410156
false	0.2398221790790558
false	0.17661042511463165
false	0.09666425734758377
false	0.1426188051700592
false	0.18974719941616058
false	0.16476771235466003
false	0.25422370433807373
false	0.12286732345819473
false	0.25871819257736206
false	0.27165305614471436
false	0.2879776358604431
false	0.1891973912715912
false	0.23652246594429016
false	0.3069919943809509
false	0.1595487743616104
false	0.15336298942565918
false	0.18211878836154938
false	0.18568217754364014
true	0.5832825899124146
true	0.7870708107948303
false	0.44379979372024536
false	0.2720182240009308
false	0.34477072954177856
false	0.2946450114250183
false	0.2085568755865097
false	0.27679508924484253
false	0.23732984066009521
false	0.23621782660484314
false	0.18170636892318726
false	0.3630838394165039
false	0.14142164587974548
false	0.10424543172121048
true	0.509684145450592
true	0.5273045301437378
false	0.16760826110839844
false	0.2237471342086792
false	0.3423156142234802
false	0.1515471339225769
false	0.22959180176258087
false	0.22146488726139069
false	0.12912358343601227
false	0.3009911775588989
false	0.4300854802131653
false	0.20638829469680786
true	0.5403030514717102
false	0.15877851843833923
false	0.36596742272377014
false	0.2735271453857422
false	0.3160150647163391
false	0.310433030128479
false	0.15197515487670898
false	0.29186445474624634
false	0.2405138611793518
false	0.0895702913403511
false	0.2247985154390335
false	0.18445873260498047
false	0.268838107585907
false	0.20953865349292755
false	0.10702722519636154
false	0.07397425919771194
false	0.19515904784202576
false	0.2417762279510498
false	0.4795772433280945
false	0.3686569929122925
false	0.286410391330719
false	0.28325819969177246
false	0.2652042508125305
false	0.14519666135311127
false	0.034270044416189194
false	0.050953060388565063
false	0.11983133107423782
false	0.1442510038614273
false	0.1855701506137848
false	0.0914594754576683
false	0.3046979010105133
false	0.15073108673095703
false	0.03926096484065056
false	0.2486301064491272
false	0.06716687977313995
false	0.31371381878852844
false	0.25160476565361023
false	0.07929272204637527
false	0.23910397291183472
false	0.24216434359550476
false	0.08985608071088791
false	0.19465897977352142
false	0.28009742498397827
false	0.1443098783493042
false	0.06972959637641907
false	0.1966988742351532
true	0.5435131788253784
false	0.22527655959129333
true	0.5782136917114258
false	0.30824947357177734
false	0.49065250158309937
false	0.14147081971168518
false	0.16201137006282806
false	0.20600304007530212
false	0.12582387030124664
false	0.08995256572961807
false	0.1896006017923355
false	0.28350508213043213
false	0.3720044195652008
false	0.26236692070961
false	0.40122976899147034
false	0.4183157980442047
false	0.2905358672142029
false	0.27725210785865784
false	0.23629721999168396
false	0.40757444500923157
false	0.3539198637008667
false	0.1729121208190918
false	0.26166877150535583
true	0.5220034122467041
false	0.3278942406177521
false	0.1376127004623413
false	0.16816923022270203
false	0.2852749228477478
false	0.25176551938056946
false	0.4812570810317993
false	0.2691449224948883
false	0.4055076539516449
false	0.23457938432693481
false	0.2917378544807434
false	0.15097956359386444
true	0.6057502627372742
true	0.5243073105812073
false	0.2757658362388611
false	0.4525081515312195
true	0.6712342500686646
false	0.39948904514312744
false	0.1839076727628708
true	0.6142662763595581
true	0.6273409724235535
false	0.2901594340801239
false	0.40507662296295166
false	0.37940651178359985
false	0.2157832384109497
false	0.24702870845794678
false	0.3858415186405182
false	0.44813233613967896
false	0.43429064750671387
false	0.17352014780044556
false	0.2876501679420471
false	0.1461075395345688
false	0.3097931146621704
false	0.16943052411079407
false	0.1359567493200302
false	0.05856609717011452
false	0.21385979652404785
false	0.36481255292892456
false	0.11744856089353561
false	0.10131210833787918
false	0.10436642169952393
false	0.23311109840869904
false	0.1686086654663086
false	0.17513781785964966
false	0.12873907387256622
false	0.1394413262605667
false	0.12649697065353394
false	0.21036995947360992
false	0.19288507103919983
false	0.15369005501270294
false	0.06749220937490463
false	0.1488267332315445
false	0.041055966168642044
false	0.086872398853302
false	0.0619991309940815
false	0.22296181321144104
false	0.3172537684440613
false	0.1717652976512909
false	0.23561991751194
true	0.5911501049995422
false	0.18456107378005981
false	0.15372246503829956
false	0.2711980938911438
false	0.290280282497406
false	0.18212461471557617
false	0.48197001218795776
false	0.18644247949123383
false	0.18831375241279602
false	0.26577264070510864
false	0.2287057787179947
false	0.34136825799942017
false	0.40580305457115173
false	0.30694031715393066
false	0.2441333532333374
false	0.16395722329616547
false	0.2019100785255432
false	0.17970335483551025
false	0.35333681106567383
false	0.0876452699303627
false	0.37749603390693665
false	0.27082759141921997
false	0.25595203042030334
false	0.09663062542676926
false	0.21020080149173737
false	0.12345205992460251
false	0.16726812720298767
false	0.07153943181037903
false	0.10892053693532944
false	0.06930340826511383
false	0.11613311618566513
false	0.05781916156411171
false	0.0896870568394661
false	0.28027215600013733
false	0.13997521996498108
false	0.2583032250404358
false	0.1445159614086151
false	0.1388922780752182
false	0.18679052591323853
false	0.03672138229012489
false	0.15991850197315216
false	0.24022960662841797
false	0.2765834927558899
false	0.1882876455783844
false	0.07877633720636368
false	0.19507893919944763
false	0.24486678838729858
false	0.20571967959403992
false	0.1922561675310135
false	0.32579344511032104
false	0.16526943445205688
false	0.1705562174320221
false	0.22208885848522186
false	0.4951210021972656
false	0.14567454159259796
false	0.1600782722234726
false	0.20197278261184692
false	0.11778242141008377
false	0.209894061088562
true	0.5476153492927551
false	0.27788203954696655
false	0.15518070757389069
false	0.047053996473550797
false	0.1621202677488327
false	0.2297762930393219
false	0.15741126239299774
false	0.1509372889995575
false	0.2984696626663208
false	0.4790590703487396
false	0.22322048246860504
true	0.5078854560852051
false	0.2943023145198822
false	0.34492385387420654
false	0.45244693756103516
false	0.4458223581314087
false	0.47450438141822815
false	0.3226718604564667
false	0.37652796506881714
false	0.29626762866973877
false	0.2852867543697357
true	0.6369339823722839
true	0.5228550434112549
true	0.504034161567688
false	0.4377788007259369
true	0.5081908106803894
false	0.34322303533554077
false	0.38708874583244324
true	0.5187104940414429
true	0.5949047207832336
false	0.4216201901435852
false	0.4001814126968384
false	0.12856194376945496
false	0.33065709471702576
false	0.25681161880493164
false	0.3084748685359955
true	0.7114093899726868
false	0.2433883547782898
false	0.4720779061317444
false	0.23353424668312073
false	0.3211939036846161
false	0.23965996503829956
false	0.16089537739753723
false	0.2348046600818634
false	0.45649921894073486
false	0.2389802187681198
false	0.29678839445114136
true	0.6259352564811707
true	0.5789231657981873
false	0.34767624735832214
false	0.2311951071023941
true	0.5421793460845947
false	0.16369128227233887
false	0.44788581132888794
false	0.30552539229393005
false	0.11917411535978317
false	0.30260294675827026
false	0.1626581996679306
false	0.23227086663246155
false	0.1408250778913498
false	0.26694783568382263
true	0.5292047262191772
false	0.44531434774398804
false	0.07888345420360565
false	0.17706269025802612
true	0.7237849235534668
true	0.8006492853164673
false	0.2809472382068634
true	0.5816865563392639
false	0.3542111814022064
true	0.5504772663116455
false	0.34972915053367615
true	0.5228545069694519
false	0.3579675853252411
false	0.300871342420578
true	0.5397997498512268
false	0.3725354075431824
false	0.4685207009315491
false	0.44741445779800415
false	0.4720951020717621
false	0.24692609906196594
false	0.28621408343315125
true	0.7383812069892883
false	0.2953747510910034
true	0.6526288390159607
true	0.8728246688842773
false	0.31236058473587036
false	0.15323247015476227
false	0.06403882056474686
false	0.18955309689044952
false	0.1794813871383667
false	0.22347916662693024
false	0.13153813779354095
false	0.13671785593032837
false	0.1542665660381317
false	0.13381139934062958
false	0.21524293720722198
false	0.14566315710544586
false	0.20599472522735596
false	0.14116381108760834
false	0.1611873358488083
false	0.27461013197898865
false	0.21828708052635193
false	0.020005393773317337
false	0.3541721701622009
false	0.10692539066076279
false	0.42801016569137573
true	0.5954737663269043
false	0.03815907984972
false	0.16259317100048065
false	0.10842404514551163
false	0.45197921991348267
true	0.6080779433250427
false	0.3740174472332001
false	0.49267083406448364
false	0.3595716953277588
true	0.5199776291847229
false	0.44240689277648926
false	0.47146832942962646
false	0.46507787704467773
false	0.32154592871665955
true	0.5163411498069763
true	0.5134015679359436
false	0.3540220558643341
false	0.4365604817867279
false	0.3652620315551758
false	0.12916579842567444
true	0.5930494666099548
false	0.417162150144577
false	0.47597914934158325
false	0.21819759905338287
false	0.3259417414665222
false	0.3611714541912079
false	0.23565256595611572
false	0.3069470524787903
false	0.405879944562912
false	0.3099706768989563
true	0.5286234617233276
false	0.40949684381484985
true	0.5065242648124695
false	0.3156594932079315
true	0.5083422064781189
false	0.32445216178894043
false	0.3176834285259247
true	0.6341527700424194
false	0.1235557273030281
false	0.40319111943244934
false	0.2860158383846283
false	0.16211313009262085
false	0.39030906558036804
true	0.5094566941261292
true	0.5414000153541565
true	0.5759108066558838
false	0.49845898151397705
false	0.18050037324428558
false	0.4322214126586914
false	0.24114730954170227
false	0.4604279696941376
true	0.5782581567764282
false	0.4071909785270691
false	0.3621978461742401
true	0.7117825746536255
false	0.3492025136947632
true	0.5608677268028259
false	0.28474175930023193
false	0.43600624799728394
false	0.1961197555065155
false	0.11054672300815582
false	0.2379138469696045
false	0.22374185919761658
false	0.4640180170536041
false	0.2566067576408386
true	0.641719400882721
true	0.5083688497543335
true	0.7702460289001465
true	0.6783777475357056
false	0.1856609582901001
false	0.1779472827911377
false	0.14279493689537048
false	0.3321393132209778
true	0.6611714959144592
false	0.11413686722517014
false	0.13331203162670135
false	0.2564437687397003
false	0.17641215026378632
false	0.31414470076560974
false	0.3883461058139801
false	0.33385226130485535
false	0.2561885416507721
false	0.13899345695972443
false	0.1587306410074234
false	0.23215463757514954
false	0.19310462474822998
false	0.13871312141418457
false	0.21263311803340912
false	0.16429688036441803
false	0.15382002294063568
false	0.042038191109895706
false	0.16180041432380676
false	0.24329602718353271
false	0.19909000396728516
false	0.12196024507284164
false	0.16808666288852692
false	0.2836884558200836
false	0.18890008330345154
false	0.1878201961517334
false	0.14790692925453186
false	0.20493930578231812
false	0.14722014963626862
false	0.15509523451328278
false	0.16347229480743408
false	0.11072930693626404
false	0.20647840201854706
false	0.20722836256027222
false	0.22546784579753876
false	0.2391127198934555
false	0.19206871092319489
false	0.41637200117111206
false	0.16403144598007202
false	0.2516881227493286
false	0.18784484267234802
false	0.41312000155448914
false	0.19766242802143097
false	0.18196967244148254
false	0.21345163881778717
false	0.15018291771411896
false	0.17147815227508545
false	0.23596101999282837
false	0.12825486063957214
false	0.15472356975078583
false	0.1814836859703064
false	0.11203364282846451
false	0.21866366267204285
false	0.18942925333976746
false	0.1455918401479721
false	0.21365298330783844
false	0.14187565445899963
false	0.2116001397371292
false	0.2367599606513977
false	0.29573512077331543
false	0.20342010259628296
false	0.2019943743944168
false	0.05679718777537346
false	0.19431236386299133
false	0.18764011561870575
false	0.11197319626808167
false	0.17970913648605347
false	0.08086871355772018
false	0.13165481388568878
false	0.3806420862674713
false	0.23275655508041382
false	0.22982193529605865
false	0.10600331425666809
false	0.23986345529556274
false	0.36842742562294006
false	0.17361104488372803
false	0.18041343986988068
false	0.14402824640274048
false	0.13048531115055084
false	0.4511745274066925
false	0.27868086099624634
false	0.4519641101360321
true	0.5904970169067383
false	0.23061813414096832
false	0.08245488256216049
false	0.20797237753868103
false	0.18329910933971405
false	0.06371922791004181
false	0.09959331899881363
false	0.1566358357667923
false	0.119737409055233
false	0.1713116466999054
false	0.16422195732593536
false	0.11370360106229782
false	0.08466000854969025
false	0.19031208753585815
false	0.1807689219713211
false	0.2022148221731186
false	0.16635927557945251
false	0.034064196050167084
false	0.29111993312835693
false	0.015128062106668949
false	0.21548204123973846
false	0.13201403617858887
false	0.07508956640958786
false	0.11078910529613495
false	0.24327167868614197
false	0.22482338547706604
false	0.17071983218193054
false	0.09700437635183334
false	0.10943499207496643
false	0.1750972419977188
false	0.19247452914714813
false	0.3655330240726471
false	0.2369033694267273
false	0.2989540100097656
false	0.4875388443470001
false	0.39501428604125977
false	0.19225385785102844
true	0.5234014391899109
false	0.12188733369112015
false	0.16624067723751068
false	0.12823061645030975
false	0.08187508583068848
false	0.20799632370471954
false	0.17182590067386627
false	0.2050744742155075
false	0.07579835504293442
false	0.03402141481637955
false	0.12952765822410583
false	0.10935349017381668
false	0.07766975462436676
false	0.4466783106327057
false	0.15534920990467072
false	0.2227025330066681
false	0.1459757685661316
false	0.2784859240055084
false	0.2406158447265625
false	0.25584787130355835
false	0.13185152411460876
false	0.14987501502037048
false	0.16070766746997833
false	0.3885195255279541
false	0.21523453295230865
false	0.2186666578054428
false	0.24941375851631165
false	0.2732383608818054
false	0.2979668080806732
false	0.2919176518917084
false	0.28477489948272705
false	0.3090542256832123
false	0.31151941418647766
false	0.2696630656719208
false	0.3893723785877228
false	0.2239798605442047
false	0.23359929025173187
false	0.11569716781377792
false	0.10189805179834366
false	0.1318654865026474
false	0.2664426863193512
false	0.4828872084617615
false	0.2589370608329773
false	0.22258631885051727
false	0.046440720558166504
false	0.2822534441947937
false	0.10735989362001419
false	0.2771345376968384
false	0.12242580205202103
false	0.15396110713481903
false	0.16732166707515717
false	0.29255855083465576
false	0.08429499715566635
false	0.04168320819735527
false	0.11367139220237732
false	0.0560765378177166
false	0.09214970469474792
false	0.1784130483865738
false	0.0946512222290039
false	0.09355156123638153
false	0.12089235335588455
false	0.1663317084312439
false	0.0635773241519928
false	0.2558828592300415
false	0.08961077034473419
false	0.14942024648189545
false	0.13450829684734344
false	0.26758092641830444
false	0.101890929043293
false	0.168705016374588
false	0.1490447074174881
false	0.022712059319019318
false	0.02340387925505638
false	0.015745684504508972
false	0.002993447706103325
false	0.012026027776300907
false	0.09642310440540314
false	0.1295311152935028
false	0.0572393499314785
false	0.2776232361793518
false	0.06903458386659622
false	0.11317325383424759
false	0.14322346448898315
false	0.1389957070350647
false	0.15028443932533264
false	0.2328382432460785
false	0.15303896367549896
false	0.20474913716316223
false	0.20505300164222717
false	0.15428557991981506
false	0.2559473514556885
false	0.13261361420154572
false	0.25337666273117065
false	0.1493707001209259
false	0.12935839593410492
false	0.33127129077911377
false	0.10446438938379288
false	0.12967108190059662
false	0.10318472981452942
false	0.16740204393863678
false	0.14195680618286133
false	0.110127292573452
false	0.24364706873893738
false	0.1770443469285965
false	0.29866093397140503
false	0.27111709117889404
false	0.28381267189979553
false	0.1700124442577362
false	0.13437046110630035
false	0.16448849439620972
false	0.16828526556491852
false	0.2359435260295868
false	0.25584927201271057
false	0.1979231834411621
false	0.45559701323509216
false	0.4088355302810669
false	0.27640047669410706
false	0.28518056869506836
false	0.14232146739959717
false	0.4628400206565857
false	0.16744785010814667
false	0.3033396303653717
false	0.147955060005188
false	0.13279671967029572
false	0.06821411848068237
false	0.05491729453206062
false	0.16421765089035034
false	0.136943057179451
false	0.20282623171806335
false	0.15593911707401276
false	0.08297204226255417
false	0.1983509659767151
false	0.17611747980117798
false	0.10824251919984818
false	0.21267947554588318
false	0.36429399251937866
false	0.3073865473270416
false	0.09771103411912918
false	0.08153116703033447
false	0.12472609430551529
false	0.22459693253040314
false	0.13476762175559998
false	0.06582827121019363
false	0.07383037358522415
false	0.10589207708835602
false	0.08378587663173676
false	0.19415539503097534
false	0.09160897135734558
false	0.11818703263998032
false	0.1179468110203743
false	0.1382511705160141
false	0.17156115174293518
