false	0.15259014070034027
false	0.11050194501876831
false	0.05571445822715759
false	0.09755514562129974
false	0.19456131756305695
false	0.3005933165550232
false	0.16252149641513824
false	0.012557201087474823
false	0.24557052552700043
false	0.17068564891815186
false	0.06601430475711823
false	0.14624731242656708
false	0.08444934338331223
false	0.032064542174339294
false	0.09190019965171814
false	0.041711997240781784
false	0.07692135870456696
false	0.2419864684343338
false	0.4209885001182556
false	0.10258916020393372
false	0.12641677260398865
false	0.06607156991958618
false	0.20479334890842438
false	0.17152397334575653
false	0.0712035745382309
false	0.07952190935611725
false	0.08989063650369644
false	0.09150393307209015
false	0.07841044664382935
false	0.1565808802843094
false	0.22360169887542725
false	0.42251941561698914
false	0.28257182240486145
false	0.023743318393826485
false	0.24294482171535492
false	0.3171094059944153
false	0.3340444564819336
false	0.48938775062561035
false	0.18611489236354828
false	0.4099794626235962
false	0.045232709497213364
false	0.09373417496681213
false	0.42275166511535645
false	0.37306755781173706
false	0.11682941019535065
false	0.18171678483486176
false	0.16902703046798706
false	0.3584785759449005
false	0.35983338952064514
false	0.012619351036846638
true	0.511014461517334
false	0.37878134846687317
false	0.24398145079612732
false	0.15528146922588348
false	0.3755023181438446
false	0.09719661623239517
false	0.006760373245924711
false	0.28523528575897217
false	0.3626232445240021
false	0.42390385270118713
false	0.05497550219297409
false	0.2547942101955414
false	0.23854027688503265
false	0.1067577376961708
false	0.12214944511651993
false	0.24452534317970276
false	0.24774479866027832
false	0.08775052428245544
false	0.013078832998871803
false	0.212306410074234
false	0.20935936272144318
false	0.00801493227481842
false	0.019600030034780502
false	0.0701322853565216
false	0.09226859360933304
false	0.17399455606937408
false	0.10525893419981003
false	0.39758673310279846
false	0.13814666867256165
false	0.1465710550546646
false	0.3434731662273407
false	0.10408734530210495
false	0.3768603503704071
false	0.15126672387123108
false	0.10135693103075027
false	0.2590554356575012
false	0.30610400438308716
false	0.4781230092048645
false	0.04760921746492386
false	0.09636659920215607
false	0.34398946166038513
false	0.30367711186408997
false	0.11873039603233337
false	0.2753625810146332
false	0.11247977614402771
false	0.4719252586364746
false	0.4335193336009979
false	0.3005041778087616
false	0.13098672032356262
false	0.40013936161994934
false	0.37149184942245483
false	0.3786965012550354
false	0.363280713558197
false	0.4408869743347168
false	0.26694053411483765
false	0.19639907777309418
false	0.4658207297325134
true	0.7071053981781006
false	0.138346865773201
false	0.15516704320907593
true	0.6950480341911316
false	0.3532842695713043
false	0.46860793232917786
true	0.5274672508239746
false	0.4140278995037079
false	0.2629396319389343
false	0.28943297266960144
true	0.6853827238082886
false	0.30905503034591675
false	0.3269454538822174
false	0.12131661176681519
false	0.22097134590148926
false	0.040989167988300323
false	0.02726447395980358
false	0.08991292119026184
false	0.27973273396492004
false	0.03918610140681267
false	0.16554968059062958
false	0.006823133677244186
false	0.06578105688095093
false	0.02356800064444542
false	0.18688718974590302
false	0.1313810497522354
false	0.03815444931387901
false	0.049499787390232086
false	0.27397873997688293
false	0.24227374792099
false	0.27478885650634766
false	0.27063921093940735
false	0.01976715214550495
false	0.4500332772731781
false	0.151589035987854
false	0.17690373957157135
false	0.08300504088401794
false	0.2411201000213623
false	0.09330923110246658
false	0.31789886951446533
false	0.13187725841999054
false	0.27556973695755005
false	0.17826105654239655
false	0.14756491780281067
false	0.21914751827716827
false	0.3034076690673828
false	0.19572854042053223
false	0.2898057699203491
false	0.3127084970474243
false	0.10384896397590637
false	0.3661680221557617
false	0.30150818824768066
false	0.20036789774894714
false	0.03473125025629997
false	0.014578070491552353
false	0.14212548732757568
false	0.030731944367289543
false	0.03716433420777321
false	0.32257091999053955
false	0.08807454258203506
false	0.2507706582546234
false	0.468274861574173
false	0.048773810267448425
false	0.03379064053297043
false	0.05748167634010315
false	0.13511443138122559
false	0.24403280019760132
false	0.3169396221637726
false	0.07894343882799149
false	0.12787501513957977
false	0.2927958369255066
false	0.26992499828338623
false	0.3595235049724579
false	0.016595233231782913
false	0.011729179881513119
false	0.0333242304623127
false	0.10036192834377289
false	0.06487798690795898
false	0.29541704058647156
false	0.22216692566871643
true	0.5643776655197144
true	0.5577546954154968
true	0.5752997398376465
false	0.35710543394088745
false	0.2818833589553833
false	0.08221565932035446
false	0.07547907531261444
false	0.0712176114320755
false	0.14822643995285034
false	0.08183872699737549
false	0.17116156220436096
false	0.1542511135339737
false	0.06739971041679382
false	0.08104432374238968
false	0.04585779830813408
false	0.17179134488105774
false	0.11002810299396515
false	0.17886199057102203
false	0.033643800765275955
false	0.23975837230682373
false	0.1197969987988472
false	0.36279264092445374
false	0.1909274011850357
false	0.06824084371328354
true	0.5331876277923584
false	0.3043341040611267
false	0.45754897594451904
false	0.33164507150650024
false	0.1274133175611496
false	0.03746786713600159
false	0.09622812271118164
false	0.15482495725154877
false	0.012558490969240665
false	0.030497651547193527
false	0.36236950755119324
true	0.5157561898231506
false	0.26293936371803284
false	0.3743044137954712
false	0.24133703112602234
false	0.10516587644815445
false	0.16898542642593384
true	0.6366828083992004
false	0.13293574750423431
false	0.3463916778564453
true	0.6654166579246521
false	0.18675987422466278
false	0.4237331449985504
false	0.030998438596725464
false	0.10885229706764221
false	0.16211119294166565
false	0.4096297025680542
false	0.4917667508125305
false	0.04784030467271805
false	0.46411871910095215
false	0.01714397594332695
false	0.07924766838550568
false	0.1499084085226059
false	0.39277055859565735
false	0.2852811813354492
false	0.13328109681606293
true	0.574527382850647
false	0.1783781796693802
false	0.33392995595932007
false	0.38629740476608276
false	0.40390363335609436
false	0.4413737952709198
false	0.3269679844379425
false	0.009735263884067535
false	0.09075475484132767
false	0.14362245798110962
false	0.05991277098655701
false	0.16310617327690125
false	0.20018698275089264
false	0.06995204091072083
false	0.06318534910678864
false	0.2748921811580658
false	0.11774319410324097
false	0.10611093044281006
false	0.12836086750030518
false	0.29135003685951233
false	0.25607234239578247
false	0.009104525670409203
false	0.23494170606136322
false	0.29662859439849854
false	0.0770048126578331
false	0.07751399278640747
false	0.11152314394712448
false	0.09400047361850739
false	0.03826850652694702
false	0.09151549637317657
false	0.21172289550304413
false	0.12554600834846497
false	0.253244012594223
false	0.03459260240197182
false	0.17320516705513
false	0.1978902667760849
false	0.06710071861743927
false	0.03476860746741295
false	0.17092326283454895
false	0.11218447983264923
false	0.17251060903072357
false	0.1073489859700203
false	0.03840421512722969
false	0.010041280649602413
false	0.22708673775196075
false	0.034450430423021317
false	0.22380025684833527
false	0.1401885747909546
false	0.12678483128547668
false	0.08666349947452545
false	0.028791984543204308
false	0.1702144891023636
false	0.05686080455780029
false	0.05412546917796135
false	0.29472073912620544
false	0.2374344915151596
false	0.0080539146438241
false	0.011562176048755646
false	0.011938297189772129
false	0.002895282581448555
false	0.034112490713596344
false	0.29311203956604004
false	0.1479846090078354
false	0.11591033637523651
false	0.008431347087025642
false	0.04121429845690727
false	0.14058057963848114
false	0.2429557740688324
false	0.11906753480434418
false	0.08316501975059509
false	0.2348262220621109
false	0.20493267476558685
true	0.6560653448104858
false	0.026879392564296722
false	0.2260231226682663
true	0.6130437254905701
false	0.49569156765937805
false	0.06270267069339752
false	0.26058700680732727
true	0.7624332904815674
false	0.390565425157547
false	0.23198214173316956
false	0.14047753810882568
false	0.004641790874302387
false	0.17639879882335663
false	0.39816156029701233
false	0.3601509928703308
false	0.3173227310180664
false	0.3670346438884735
false	0.4977834224700928
false	0.4460738003253937
false	0.49965164065361023
false	0.43149155378341675
false	0.41010403633117676
false	0.40381672978401184
false	0.09634090214967728
false	0.18807071447372437
false	0.16165821254253387
false	0.06836208701133728
false	0.2514409124851227
false	0.07047995924949646
false	0.011146729812026024
false	0.09922520816326141
false	0.07692404091358185
false	0.08113620430231094
false	0.01994091458618641
false	0.014313303865492344
false	0.10623512417078018
false	0.0408160425722599
false	0.10508421808481216
false	0.167647585272789
false	0.24992583692073822
false	0.07524143904447556
false	0.0744437426328659
false	0.20983369648456573
false	0.09807384014129639
false	0.1931113749742508
false	0.10281603038311005
false	0.294711172580719
false	0.1270010769367218
true	0.6502735614776611
true	0.6688821315765381
true	0.7521907091140747
true	0.8422983884811401
true	0.773892879486084
false	0.26997998356819153
false	0.30091819167137146
false	0.43918782472610474
true	0.7704941034317017
true	0.7810232639312744
true	0.604426920413971
false	0.3635368347167969
true	0.6007066965103149
true	0.6627729535102844
false	0.49970173835754395
true	0.6867411136627197
false	0.14363330602645874
true	0.5497493147850037
false	0.45777902007102966
true	0.6040703654289246
true	0.7982586622238159
false	0.4397314786911011
false	0.46135711669921875
false	0.32581156492233276
false	0.39358383417129517
true	0.5191585421562195
true	0.5421735644340515
false	0.3061385452747345
false	0.36809879541397095
false	0.4287121891975403
true	0.606031060218811
false	0.38469526171684265
false	0.4891587495803833
false	0.16147594153881073
false	0.45123180747032166
false	0.09848465770483017
false	0.4497199058532715
true	0.6082030534744263
true	0.5460708141326904
false	0.4493003189563751
false	0.41364091634750366
true	0.5550364851951599
true	0.5549177527427673
true	0.5130413770675659
false	0.2978980839252472
false	0.2298951894044876
false	0.2935113310813904
false	0.2101496160030365
true	0.6897693276405334
true	0.5229132771492004
false	0.17912280559539795
true	0.6631930470466614
true	0.541209876537323
false	0.09283452481031418
false	0.09336124360561371
false	0.14259150624275208
false	0.2943778336048126
false	0.42505887150764465
false	0.27298033237457275
true	0.7623263597488403
false	0.23417779803276062
false	0.2403292953968048
true	0.677598237991333
true	0.7719346880912781
true	0.8463686108589172
false	0.44833460450172424
false	0.1450287252664566
false	0.06423241645097733
false	0.01901663839817047
false	0.04416203126311302
false	0.34839168190956116
false	0.14959914982318878
false	0.12138205766677856
false	0.06270519644021988
false	0.4649008810520172
false	0.05370600149035454
false	0.3786624073982239
false	0.28197312355041504
false	0.07453354448080063
false	0.06503243744373322
false	0.13914628326892853
false	0.23840731382369995
false	0.1397596001625061
false	0.057040974497795105
false	0.1494905650615692
false	0.2193455696105957
false	0.04506850987672806
false	0.2252310812473297
false	0.07466389238834381
false	0.12106184661388397
false	0.33589959144592285
true	0.539070725440979
false	0.10781162232160568
false	0.06246500462293625
true	0.551575779914856
true	0.6826790571212769
false	0.3897472620010376
false	0.1035420149564743
true	0.7606091499328613
true	0.6796801090240479
false	0.2943405508995056
true	0.5887054204940796
true	0.7953158020973206
false	0.09972695261240005
false	0.3048599660396576
true	0.7701583504676819
true	0.6086917519569397
false	0.4283269941806793
false	0.3585401773452759
false	0.25592583417892456
false	0.15390461683273315
false	0.16489893198013306
false	0.29865676164627075
false	0.10341441631317139
false	0.12513038516044617
false	0.19511020183563232
false	0.26646798849105835
true	0.624024510383606
false	0.2297811061143875
false	0.3458787202835083
false	0.03701132535934448
false	0.03274394944310188
false	0.06759494543075562
false	0.3041244149208069
false	0.026934178546071053
false	0.10921645909547806
false	0.05129697918891907
false	0.16873742640018463
false	0.297494500875473
false	0.3275447189807892
false	0.17032061517238617
false	0.08346294611692429
false	0.042978476732969284
false	0.061775341629981995
false	0.02312668226659298
false	0.13696646690368652
false	0.05153439939022064
false	0.09495078772306442
false	0.08910156786441803
false	0.0708032101392746
false	0.30918794870376587
false	0.376495361328125
false	0.17678260803222656
false	0.04075944796204567
false	0.10498397797346115
false	0.10940355807542801
true	0.6106033325195312
false	0.01228219736367464
true	0.5616533160209656
false	0.024757670238614082
false	0.014176017604768276
false	0.11319035291671753
false	0.08896469324827194
true	0.7068802118301392
true	0.5875539183616638
false	0.2955755889415741
false	0.08791237324476242
false	0.2767844796180725
false	0.4732480049133301
true	0.5389758944511414
false	0.42478469014167786
false	0.1555212289094925
false	0.11553158611059189
false	0.3984633982181549
false	0.10969389230012894
true	0.5182684063911438
false	0.14054973423480988
false	0.4522065818309784
true	0.7444808483123779
false	0.1444467157125473
true	0.5776385068893433
true	0.6344150304794312
true	0.5541290044784546
true	0.5206617712974548
false	0.32645151019096375
true	0.5130824446678162
true	0.7552821636199951
true	0.6586555242538452
true	0.728193461894989
true	0.6080215573310852
false	0.48771005868911743
true	0.735467791557312
true	0.5073585510253906
false	0.4696173071861267
true	0.7332205176353455
true	0.5395705103874207
false	0.48196887969970703
true	0.6078984141349792
true	0.7036011815071106
true	0.7220137119293213
true	0.5923283696174622
false	0.4304543733596802
false	0.12083056569099426
false	0.38032543659210205
true	0.617597222328186
false	0.3619346022605896
true	0.5819092392921448
false	0.02808563970029354
false	0.03659394383430481
false	0.06211821362376213
true	0.6767381429672241
false	0.27259668707847595
false	0.2143387794494629
false	0.48108404874801636
false	0.09984778612852097
true	0.7689960598945618
false	0.49206095933914185
true	0.7119396924972534
false	0.19535531103610992
false	0.020571034401655197
false	0.09359636157751083
false	0.018524525687098503
false	0.1326470524072647
false	0.34340184926986694
false	0.3048362731933594
false	0.34814393520355225
false	0.20092706382274628
false	0.0901513323187828
false	0.41964805126190186
false	0.3742936849594116
false	0.3401067554950714
true	0.6754984855651855
false	0.33687058091163635
true	0.5018192529678345
false	0.0819532498717308
false	0.10379501432180405
false	0.4364296495914459
false	0.2704674005508423
false	0.029036367312073708
false	0.017576299607753754
false	0.2610991299152374
false	0.40878328680992126
false	0.047638434916734695
false	0.01656467840075493
false	0.2150244265794754
false	0.08548777550458908
true	0.5510090589523315
false	0.135468527674675
false	0.04527131840586662
false	0.33749327063560486
false	0.1470814049243927
false	0.07907816767692566
false	0.021092530339956284
false	0.17139972746372223
false	0.013867703266441822
false	0.030268458649516106
false	0.20988430082798004
false	0.14832736551761627
false	0.08339378237724304
false	0.04486682265996933
false	0.017248935997486115
false	0.03457958251237869
false	0.060525231063365936
false	0.33396854996681213
false	0.13234569132328033
false	0.0018731973832473159
false	0.1172347143292427
false	0.07101268321275711
false	0.08984433859586716
false	0.21069076657295227
false	0.14677809178829193
true	0.5603762865066528
false	0.24702440202236176
true	0.508335530757904
false	0.2533986270427704
false	0.3002813160419464
false	0.39463821053504944
true	0.6560482978820801
true	0.5847616195678711
true	0.6316453814506531
false	0.49808740615844727
true	0.5306255221366882
true	0.6219402551651001
false	0.3279014527797699
false	0.3956349492073059
false	0.3706137239933014
false	0.48989492654800415
false	0.24984939396381378
false	0.42591455578804016
false	0.4478552043437958
false	0.11708270758390427
false	0.35620012879371643
true	0.5667009353637695
false	0.4445780813694
false	0.20736151933670044
true	0.7215518355369568
true	0.5768541693687439
false	0.4779679775238037
false	0.03802802413702011
false	0.3880934715270996
false	0.4730469882488251
false	0.47948580980300903
true	0.6801868081092834
true	0.7088264226913452
true	0.5264822244644165
false	0.3491080701351166
false	0.050019532442092896
false	0.06415940821170807
false	0.41729485988616943
false	0.06928279995918274
true	0.719768226146698
false	0.2757549285888672
false	0.3871423900127411
false	0.3360532820224762
false	0.3557954728603363
false	0.26339098811149597
false	0.26899275183677673
true	0.5386844873428345
false	0.2867911159992218
true	0.6420225501060486
false	0.43802592158317566
false	0.36439502239227295
false	0.2678665518760681
false	0.02203679457306862
false	0.18920330703258514
false	0.26106899976730347
false	0.1260828971862793
false	0.16340361535549164
false	0.23106901347637177
false	0.37679046392440796
false	0.17359155416488647
false	0.009517135098576546
false	0.26975923776626587
false	0.17678202688694
false	0.3788825571537018
true	0.5298131704330444
true	0.5427073240280151
false	0.3180490732192993
false	0.39313599467277527
false	0.15629413723945618
false	0.08971275389194489
false	0.14705774188041687
false	0.19686906039714813
false	0.14798089861869812
false	0.09296834468841553
false	0.1441371738910675
false	0.01485403161495924
false	0.1773909628391266
false	0.020112138241529465
false	0.0223592147231102
false	0.33661696314811707
false	0.16134187579154968
false	0.259946346282959
false	0.2524626851081848
false	0.1087484285235405
false	0.14116254448890686
false	0.13063862919807434
false	0.03255707398056984
false	0.29070600867271423
false	0.026418080553412437
false	0.016987761482596397
false	0.026414580643177032
false	0.0467526838183403
false	0.03527086228132248
false	0.0009512894321233034
false	0.0955313965678215
false	0.06736892461776733
false	0.12807197868824005
false	0.060962826013565063
false	0.050810039043426514
false	0.01696343719959259
false	0.04541436955332756
false	0.10876765847206116
false	0.05511156842112541
false	0.19603680074214935
false	0.3319651186466217
false	0.24806956946849823
false	0.38048335909843445
false	0.15552493929862976
false	0.11460322886705399
false	0.08780308067798615
false	0.18288151919841766
false	0.24168719351291656
false	0.14849130809307098
false	0.1614920049905777
false	0.2883867919445038
false	0.17529772222042084
false	0.18102103471755981
false	0.30928364396095276
false	0.23828406631946564
false	0.19956250488758087
false	0.28199926018714905
false	0.044810742139816284
false	0.15679456293582916
false	0.23304663598537445
false	0.18364430963993073
false	0.1899583637714386
false	0.05493833124637604
false	0.07910260558128357
false	0.025596175342798233
false	0.07361298054456711
false	0.23665790259838104
false	0.022407039999961853
false	0.061646413058042526
false	0.06155841052532196
false	0.16073550283908844
false	0.05461493507027626
false	0.14045467972755432
false	0.10508625209331512
false	0.0740961804986
false	0.009411824867129326
false	0.15002290904521942
false	0.1671365201473236
false	0.29188451170921326
false	0.008607149124145508
false	0.10317077487707138
false	0.0308759193867445
false	0.02115035615861416
false	0.16318243741989136
false	0.15484902262687683
false	0.016018185764551163
false	0.0061654821038246155
false	0.16514725983142853
false	0.13539189100265503
false	0.21556541323661804
false	0.2537112534046173
false	0.12971897423267365
false	0.01393064670264721
false	0.15278546512126923
false	0.02549976482987404
false	0.04717376455664635
false	0.08435571193695068
false	0.15590938925743103
false	0.09526709467172623
false	0.0253440011292696
false	0.43411123752593994
true	0.5355356931686401
false	0.3648970127105713
true	0.5384917855262756
false	0.46864068508148193
true	0.5181064605712891
false	0.08578585833311081
false	0.20327667891979218
true	0.6376833915710449
false	0.37398242950439453
false	0.3538576066493988
false	0.25167316198349
false	0.22592656314373016
false	0.41338062286376953
false	0.23767998814582825
false	0.12754616141319275
false	0.20897462964057922
false	0.20356330275535583
false	0.11435434222221375
false	0.07651928067207336
true	0.6724299192428589
false	0.3910776674747467
false	0.2542341351509094
false	0.05514603108167648
false	0.32179921865463257
false	0.0231291763484478
false	0.26173096895217896
false	0.006771088112145662
false	0.09860736131668091
false	0.033527571707963943
false	0.17404159903526306
false	0.10515306890010834
false	0.10346060246229172
false	0.3888660967350006
false	0.41956865787506104
true	0.500737726688385
false	0.10645826160907745
false	0.024849925190210342
false	0.17184340953826904
false	0.1148751899600029
false	0.042335957288742065
false	0.21893562376499176
false	0.060764461755752563
true	0.5417271256446838
false	0.2587813436985016
false	0.1289745569229126
false	0.09081987291574478
true	0.5000284314155579
false	0.20218248665332794
false	0.40108489990234375
false	0.09672841429710388
false	0.21684402227401733
false	0.12837831676006317
false	0.11386650800704956
false	0.12430659681558609
false	0.29530441761016846
true	0.5261064767837524
false	0.2278054654598236
false	0.39501914381980896
false	0.1163615956902504
false	0.20397190749645233
false	0.12782323360443115
false	0.28731754422187805
false	0.03380283713340759
false	0.3189999461174011
false	0.371757447719574
false	0.1957855373620987
false	0.24083305895328522
false	0.456048846244812
false	0.14599967002868652
false	0.38823527097702026
false	0.45506975054740906
false	0.06822175532579422
false	0.37746715545654297
false	0.17732112109661102
false	0.21107101440429688
false	0.34479132294654846
false	0.128384068608284
false	0.10109612345695496
false	0.21880444884300232
false	0.20748883485794067
false	0.06792859733104706
false	0.1764974296092987
false	0.11519458889961243
false	0.1722383201122284
false	0.17225182056427002
false	0.05094079673290253
false	0.03425735607743263
false	0.09191346913576126
false	0.0865408405661583
false	0.2202037274837494
false	0.043571457266807556
false	0.2700282633304596
false	0.07070264220237732
false	0.4979526996612549
false	0.04992769658565521
false	0.22222544252872467
false	0.08304987102746964
false	0.32819655537605286
false	0.173941507935524
false	0.2598828375339508
false	0.21394340693950653
false	0.11476347595453262
false	0.011547400616109371
false	0.023797523230314255
false	0.09661868959665298
false	0.10651983320713043
false	0.08769990503787994
false	0.12132983654737473
false	0.023771096020936966
false	0.18954519927501678
false	0.03516140952706337
false	0.15166018903255463
false	0.09816862642765045
false	0.17283973097801208
false	0.45293062925338745
false	0.1790160834789276
false	0.12794756889343262
false	0.15258845686912537
false	0.07596604526042938
false	0.1371382623910904
false	0.2818931043148041
false	0.09584194421768188
true	0.5172519087791443
true	0.5947096347808838
false	0.09434737265110016
false	0.004828332923352718
false	0.2669762670993805
false	0.3715774118900299
false	0.3910204768180847
false	0.4075956642627716
false	0.21316266059875488
false	0.0884644165635109
false	0.17104990780353546
false	0.4032500982284546
false	0.23417037725448608
false	0.21340541541576385
false	0.1247161403298378
false	0.038317956030368805
false	0.10671386122703552
false	0.42695266008377075
false	0.2565213143825531
false	0.026814499869942665
false	0.17273534834384918
false	0.27367717027664185
false	0.008809243328869343
false	0.406724750995636
false	0.01594330556690693
false	0.2819857895374298
false	0.4199385344982147
false	0.277616024017334
false	0.08258429169654846
false	0.05399760603904724
false	0.08838863670825958
true	0.513179361820221
false	0.38568738102912903
false	0.15608012676239014
false	0.4738594591617584
false	0.29510706663131714
false	0.25348058342933655
false	0.07568055391311646
false	0.06382560729980469
false	0.07761820405721664
false	0.05793639272451401
false	0.23472221195697784
false	0.10751204937696457
false	0.4477268159389496
false	0.30331194400787354
false	0.04022563248872757
false	0.10164765268564224
false	0.1208067461848259
false	0.1360456347465515
false	0.11969268321990967
false	0.18654435873031616
false	0.0959780216217041
false	0.09866753965616226
false	0.1934192031621933
false	0.13925570249557495
false	0.023010555654764175
false	0.17589698731899261
