false	0.28664159774780273
false	0.08955921232700348
false	0.08505020290613174
false	0.271896630525589
false	0.2498633861541748
false	0.35170602798461914
false	0.2363860160112381
false	0.033994294703006744
false	0.06389475613832474
false	0.05991176515817642
false	0.029882552102208138
false	0.04487279802560806
false	0.18583951890468597
false	0.1390032023191452
false	0.256446897983551
false	0.17742490768432617
false	0.4152306914329529
false	0.08030444383621216
false	0.24358810484409332
false	0.18883506953716278
false	0.042926300317049026
false	0.03423880785703659
false	0.449336975812912
false	0.3578062951564789
false	0.1314624845981598
false	0.42724305391311646
false	0.30526453256607056
false	0.10818228870630264
false	0.07911133021116257
false	0.1917787343263626
false	0.42863038182258606
false	0.28206485509872437
false	0.23959043622016907
false	0.07395336776971817
false	0.12958477437496185
false	0.2354545146226883
false	0.2533068358898163
false	0.11399520188570023
false	0.30466610193252563
false	0.250607430934906
false	0.03136362135410309
false	0.11733710765838623
false	0.21248187124729156
false	0.29189902544021606
false	0.1004529744386673
false	0.056035082787275314
false	0.033527057617902756
false	0.4478067457675934
false	0.42710769176483154
false	0.032956771552562714
false	0.4707586467266083
false	0.29601162672042847
true	0.6443349123001099
false	0.3851781487464905
false	0.2597219944000244
false	0.00875867623835802
false	0.026669804006814957
false	0.181261345744133
false	0.10572770982980728
false	0.12431062012910843
false	0.18022271990776062
false	0.39983704686164856
false	0.14341366291046143
false	0.20512287318706512
false	0.2550376355648041
false	0.19531705975532532
false	0.08043594658374786
false	0.22278037667274475
false	0.25487586855888367
false	0.25710561871528625
false	0.14984643459320068
false	0.0553719662129879
false	0.01652764156460762
false	0.03273668885231018
false	0.1938844472169876
false	0.3544054329395294
false	0.2503696382045746
false	0.2635435461997986
false	0.27103447914123535
false	0.1580810397863388
false	0.31360897421836853
false	0.22063137590885162
false	0.21589212119579315
false	0.10370134562253952
false	0.10124966502189636
false	0.17372147738933563
false	0.16136200726032257
false	0.36495333909988403
false	0.06856264173984528
false	0.13981983065605164
false	0.12002697587013245
false	0.49773189425468445
false	0.12702398002147675
false	0.44570857286453247
false	0.19195017218589783
false	0.2903667092323303
false	0.31610992550849915
false	0.14913631975650787
false	0.25541090965270996
false	0.47555652260780334
false	0.23780439794063568
false	0.06654781103134155
true	0.5873190760612488
false	0.3464871644973755
false	0.3091070055961609
false	0.38929757475852966
true	0.5477074384689331
true	0.9159935712814331
false	0.03864165022969246
false	0.11158943176269531
true	0.6397520899772644
false	0.3890836834907532
true	0.5692593455314636
false	0.26783180236816406
false	0.26211798191070557
false	0.15108120441436768
false	0.32066017389297485
true	0.5452361106872559
false	0.3621094226837158
true	0.7216159701347351
false	0.29646795988082886
true	0.6772720813751221
false	0.11209554225206375
false	0.039492230862379074
false	0.10219287872314453
false	0.15818169713020325
false	0.1988924741744995
false	0.1493345946073532
false	0.02571016550064087
false	0.14664340019226074
false	0.07409009337425232
false	0.05631938576698303
false	0.06876414269208908
false	0.22247327864170074
false	0.05463190749287605
false	0.3628564774990082
false	0.22977447509765625
false	0.27417251467704773
false	0.20187689363956451
false	0.0990007221698761
true	0.5147451162338257
false	0.12770728766918182
false	0.08396738022565842
false	0.08952876180410385
false	0.2501332759857178
false	0.15143358707427979
false	0.3347860276699066
false	0.3674720227718353
false	0.1353953778743744
false	0.3632747232913971
false	0.11676967144012451
true	0.731182336807251
true	0.5150907039642334
false	0.19867436587810516
true	0.7617591023445129
false	0.49607157707214355
false	0.14861196279525757
false	0.11888770014047623
false	0.39304032921791077
false	0.460414856672287
false	0.07097042351961136
false	0.2826504707336426
true	0.5177910327911377
false	0.11981833726167679
false	0.3695131540298462
false	0.45816949009895325
false	0.3205001652240753
false	0.37456250190734863
true	0.723899245262146
false	0.23719875514507294
false	0.3277192711830139
false	0.17683500051498413
false	0.10479848831892014
false	0.21991506218910217
false	0.25250014662742615
false	0.36304718255996704
false	0.2663973569869995
false	0.38024768233299255
false	0.22750848531723022
false	0.49742382764816284
false	0.041461437940597534
false	0.08561281114816666
false	0.11736170202493668
false	0.3620707094669342
false	0.29684627056121826
false	0.38103315234184265
false	0.16443495452404022
false	0.3067493736743927
false	0.42502298951148987
false	0.12732617557048798
false	0.4417824149131775
false	0.4352028965950012
false	0.11102891713380814
false	0.20015473663806915
false	0.17028936743736267
false	0.187176913022995
false	0.05077720433473587
false	0.2490999400615692
false	0.15508019924163818
false	0.0888533741235733
false	0.09588832408189774
false	0.21411418914794922
false	0.17954005300998688
false	0.07173985987901688
false	0.20375826954841614
false	0.2881167531013489
false	0.26458263397216797
false	0.04791485145688057
false	0.37914639711380005
false	0.318785160779953
false	0.10499373078346252
false	0.3653537929058075
false	0.3548300266265869
false	0.19090738892555237
false	0.11484786868095398
false	0.14997349679470062
false	0.08232855796813965
false	0.10151372104883194
false	0.17392073571681976
false	0.03951399773359299
false	0.030029039829969406
false	0.1864650696516037
false	0.13820293545722961
false	0.3536108136177063
true	0.5009267330169678
true	0.603144109249115
false	0.15903885662555695
false	0.0901726484298706
false	0.4750330448150635
false	0.22232450544834137
false	0.3197334408760071
true	0.7804422974586487
false	0.36736875772476196
true	0.6027376055717468
false	0.056332893669605255
false	0.4676024615764618
false	0.24585169553756714
true	0.6867886185646057
true	0.7993886470794678
false	0.044371020048856735
true	0.8404721617698669
false	0.002909075701609254
false	0.27468523383140564
false	0.24249881505966187
false	0.41177526116371155
false	0.3362453281879425
false	0.337846577167511
true	0.9158244132995605
false	0.1296878308057785
true	0.6151756048202515
false	0.4541929066181183
false	0.25336676836013794
true	0.6286621689796448
false	0.33646339178085327
false	0.0589308924973011
false	0.19038264453411102
false	0.13027478754520416
false	0.17520222067832947
false	0.07433123886585236
false	0.12100294977426529
false	0.20620188117027283
false	0.19243916869163513
false	0.18644456565380096
false	0.10473369061946869
false	0.22993537783622742
false	0.15581351518630981
false	0.05374733358621597
false	0.08803603053092957
false	0.02091260813176632
false	0.2326863408088684
false	0.3127102553844452
false	0.25838449597358704
false	0.1130155697464943
false	0.28643733263015747
false	0.2584831416606903
false	0.09096625447273254
false	0.16066209971904755
false	0.1592177152633667
false	0.13623425364494324
false	0.18654726445674896
false	0.021244486793875694
false	0.14104431867599487
false	0.14906911551952362
false	0.16603785753250122
false	0.16890935599803925
false	0.39709803462028503
false	0.22130224108695984
false	0.16927018761634827
false	0.18879972398281097
false	0.05294739827513695
false	0.05067281424999237
false	0.1542823761701584
false	0.06448902934789658
false	0.25928670167922974
false	0.18490763008594513
false	0.15225456655025482
false	0.12760990858078003
false	0.05613044276833534
false	0.3555089831352234
false	0.28295812010765076
false	0.2881621718406677
false	0.15781272947788239
false	0.15649700164794922
false	0.09300745278596878
false	0.02499200589954853
false	0.059624042361974716
false	0.021164661273360252
false	0.08090869337320328
false	0.43323808908462524
false	0.36141031980514526
false	0.4793660640716553
false	0.05271033197641373
false	0.05740047246217728
false	0.19472120702266693
false	0.3979785144329071
false	0.1871677190065384
false	0.30262595415115356
false	0.15614286065101624
false	0.14857079088687897
false	0.36352428793907166
false	0.059661973267793655
false	0.3165147006511688
true	0.9227746725082397
true	0.8302884101867676
false	0.14000214636325836
false	0.3582102656364441
true	0.5025177597999573
false	0.30792659521102905
false	0.24149224162101746
false	0.4088221788406372
false	0.005909825209528208
true	0.5493701100349426
false	0.3662154972553253
false	0.21422456204891205
false	0.2674194276332855
false	0.33862194418907166
false	0.38444483280181885
true	0.7232654094696045
false	0.49954327940940857
true	0.8875365257263184
false	0.481473445892334
true	0.8369717597961426
true	0.7265251874923706
false	0.024106454104185104
false	0.27602332830429077
false	0.0333675779402256
false	0.22879169881343842
false	0.03348112478852272
false	0.032137781381607056
false	0.07852362841367722
false	0.03508991003036499
false	0.028601817786693573
false	0.08097956329584122
false	0.13242807984352112
false	0.3285558223724365
true	0.5508910417556763
false	0.14640168845653534
false	0.3293093740940094
false	0.40791529417037964
false	0.29511868953704834
false	0.20084026455879211
false	0.4048277735710144
false	0.07688817381858826
false	0.16832105815410614
false	0.08434683829545975
false	0.12432663142681122
false	0.04000105336308479
false	0.33956995606422424
false	0.25815489888191223
true	0.5351574420928955
true	0.7365721464157104
true	0.5992931127548218
false	0.3230825364589691
false	0.02148786000907421
false	0.055012017488479614
true	0.5012688636779785
false	0.2429639995098114
false	0.3356660306453705
false	0.38881543278694153
true	0.5558360815048218
false	0.26248371601104736
false	0.27607521414756775
false	0.35651853680610657
false	0.18002036213874817
false	0.2618246376514435
false	0.3494105935096741
true	0.7423072457313538
false	0.2788581848144531
false	0.356027752161026
false	0.4665028750896454
false	0.38244280219078064
false	0.3716352880001068
true	0.5171744227409363
true	0.7962168455123901
true	0.5287467241287231
true	0.6586793065071106
false	0.46114715933799744
true	0.9052411317825317
true	0.8242482542991638
true	0.6251571178436279
false	0.15761113166809082
true	0.5415024161338806
false	0.13116613030433655
true	0.5771897435188293
true	0.6532049179077148
false	0.356668621301651
true	0.5878404378890991
true	0.5454220771789551
true	0.89071124792099
true	0.8631606698036194
false	0.30666878819465637
false	0.10811085999011993
false	0.17072997987270355
false	0.05120382830500603
false	0.09766966849565506
true	0.6993076801300049
true	0.6570582985877991
false	0.230686753988266
true	0.533385157585144
true	0.7635496258735657
false	0.25559040904045105
false	0.2251460701227188
true	0.619672954082489
false	0.46002453565597534
true	0.6359842419624329
false	0.3349972069263458
false	0.4134228229522705
false	0.21732071042060852
false	0.2690572738647461
false	0.42595475912094116
false	0.4240870475769043
true	0.5071976184844971
false	0.04764515161514282
false	0.0562182292342186
false	0.38164520263671875
false	0.02757694013416767
false	0.062139444053173065
false	0.3591825067996979
false	0.19059023261070251
false	0.30472633242607117
false	0.29808545112609863
false	0.33353328704833984
false	0.23486031591892242
false	0.09319591522216797
false	0.3558333218097687
false	0.2339051365852356
false	0.08843550086021423
false	0.09630466252565384
false	0.23838171362876892
false	0.0690152496099472
false	0.13702352344989777
false	0.13738872110843658
false	0.1334030032157898
false	0.02512567676603794
false	0.3120349943637848
false	0.10343773663043976
false	0.2257130891084671
false	0.11915401369333267
true	0.7441209554672241
false	0.26453524827957153
false	0.0908089429140091
true	0.7015367746353149
true	0.9091010093688965
true	0.5633988380432129
false	0.2666381001472473
true	0.7303330898284912
true	0.5966463685035706
true	0.5190669894218445
true	0.6524067521095276
true	0.906430184841156
false	0.24683727324008942
false	0.13682959973812103
true	0.6174519062042236
true	0.6972907185554504
false	0.13503527641296387
true	0.5650597810745239
true	0.69515061378479
false	0.3189278542995453
false	0.27176427841186523
false	0.22821833193302155
false	0.3062402009963989
false	0.3773229122161865
true	0.5134891271591187
true	0.7466972470283508
true	0.8189993500709534
false	0.47521457076072693
true	0.6360073089599609
false	0.16770526766777039
false	0.06165887415409088
false	0.15542753040790558
false	0.2709313929080963
false	0.29199838638305664
false	0.18343980610370636
false	0.13738083839416504
false	0.26851117610931396
false	0.3039790391921997
false	0.29158568382263184
false	0.19003066420555115
false	0.0846269279718399
false	0.2521975636482239
false	0.10310500115156174
false	0.1155073493719101
false	0.23217685520648956
false	0.26096537709236145
false	0.12552887201309204
false	0.16180777549743652
false	0.038137320429086685
false	0.2521488070487976
false	0.16997681558132172
false	0.19242213666439056
false	0.2811650335788727
false	0.14347243309020996
false	0.08700163662433624
false	0.45652318000793457
false	0.010301617905497551
false	0.4565524756908417
false	0.1437075436115265
false	0.050683438777923584
false	0.11698108166456223
false	0.17115916311740875
true	0.7949906587600708
true	0.6559669971466064
false	0.38444194197654724
true	0.5182046890258789
false	0.11495815962553024
true	0.6214770674705505
true	0.6026268005371094
false	0.4470308721065521
false	0.33530133962631226
false	0.18066449463367462
false	0.19875061511993408
false	0.13381794095039368
false	0.49310410022735596
false	0.2361903190612793
true	0.781273603439331
true	0.9385319352149963
false	0.31191012263298035
true	0.9273979067802429
true	0.949400782585144
true	0.9048420786857605
true	0.880118727684021
true	0.5107264518737793
true	0.9226005673408508
true	0.965286135673523
true	0.9679351449012756
true	0.9693556427955627
true	0.8291049599647522
true	0.8486791849136353
true	0.9042067527770996
true	0.7968873977661133
true	0.6478345990180969
true	0.831957221031189
true	0.7481974959373474
false	0.2589341402053833
true	0.9621179103851318
true	0.8567395210266113
true	0.9685996770858765
true	0.9556259512901306
true	0.9235830307006836
true	0.530315637588501
false	0.4138420820236206
true	0.6716643571853638
true	0.6486604809761047
true	0.6974656581878662
false	0.1828281432390213
true	0.7740874886512756
false	0.05283350870013237
true	0.8740958571434021
true	0.8583097457885742
true	0.7380039095878601
true	0.7572632431983948
false	0.45404136180877686
true	0.8875362277030945
false	0.48291921615600586
true	0.8838845491409302
false	0.025335362181067467
false	0.34760090708732605
true	0.85627681016922
true	0.7713044881820679
true	0.884033203125
true	0.8431816697120667
true	0.5392444729804993
true	0.8002964854240417
true	0.7680761218070984
false	0.015677616000175476
true	0.8292980790138245
false	0.29544827342033386
false	0.4553840160369873
false	0.4689583480358124
true	0.7028880715370178
false	0.4748647212982178
false	0.11094280332326889
false	0.1322563886642456
false	0.3816970884799957
false	0.18763726949691772
false	0.2056260108947754
false	0.050132159143686295
true	0.6765838265419006
true	0.5934489369392395
false	0.2912713289260864
false	0.18226192891597748
false	0.22286786139011383
false	0.1353382170200348
true	0.724520206451416
false	0.22790853679180145
false	0.1568298190832138
false	0.43970075249671936
false	0.37035420536994934
false	0.11693353205919266
false	0.040400393307209015
false	0.4177991449832916
false	0.04313104599714279
false	0.07093857228755951
false	0.12472793459892273
false	0.08568167686462402
false	0.31600460410118103
false	0.17076769471168518
false	0.07812575250864029
false	0.06745331734418869
false	0.05780568718910217
false	0.40173688530921936
false	0.2025524079799652
false	0.01699848473072052
false	0.35505154728889465
false	0.4197041988372803
false	0.13760840892791748
true	0.6287630200386047
false	0.10527276992797852
false	0.4176841974258423
false	0.24738433957099915
false	0.4159393310546875
false	0.3300674557685852
true	0.7354395389556885
true	0.7186765670776367
false	0.3362204134464264
false	0.4982044994831085
false	0.30103781819343567
false	0.43277522921562195
true	0.6212482452392578
false	0.38140732049942017
false	0.21090281009674072
false	0.4636062681674957
false	0.36350226402282715
true	0.5058066844940186
true	0.7098805904388428
true	0.5947508811950684
false	0.34829044342041016
false	0.111964151263237
false	0.23860551416873932
true	0.8069461584091187
true	0.7072843313217163
true	0.6061254739761353
true	0.8064752817153931
false	0.45292699337005615
false	0.4476918578147888
false	0.4465945065021515
true	0.5621142983436584
false	0.47395992279052734
true	0.5061883926391602
true	0.540616512298584
true	0.53293776512146
false	0.14785517752170563
true	0.8467554450035095
false	0.49390605092048645
false	0.15433861315250397
true	0.8765509128570557
false	0.4883032739162445
true	0.6343531608581543
false	0.026015423238277435
true	0.7563169002532959
false	0.18712590634822845
true	0.5696316957473755
false	0.45515209436416626
false	0.42461323738098145
true	0.5656717419624329
true	0.5462844371795654
true	0.8413508534431458
true	0.7171323895454407
false	0.4800747334957123
false	0.4754292070865631
false	0.01507395226508379
false	0.3791176378726959
false	0.3488568067550659
false	0.2326943725347519
false	0.4441502094268799
true	0.6906989812850952
true	0.7701950073242188
true	0.571168839931488
false	0.012995206750929356
true	0.5969150066375732
false	0.4501090943813324
false	0.33403435349464417
false	0.41405725479125977
true	0.6901181936264038
true	0.5929355621337891
true	0.5501902103424072
false	0.4921480417251587
false	0.01795719377696514
false	0.033935099840164185
false	0.4534960985183716
true	0.586600124835968
true	0.560780942440033
false	0.2793375253677368
false	0.017830174416303635
false	0.2823215425014496
false	0.06225533410906792
false	0.17594456672668457
false	0.39405563473701477
false	0.26516497135162354
false	0.30272960662841797
false	0.27243518829345703
false	0.16252483427524567
false	0.19228772819042206
false	0.19112533330917358
false	0.13077297806739807
false	0.260226845741272
false	0.18956919014453888
false	0.11737512797117233
false	0.2585122585296631
false	0.14964304864406586
false	0.11873466521501541
false	0.09267137199640274
false	0.11860903352499008
false	0.06598036736249924
false	0.4151914417743683
false	0.13259904086589813
false	0.22010542452335358
false	0.20264920592308044
false	0.3921779692173004
false	0.15599730610847473
false	0.30482009053230286
false	0.4220666289329529
false	0.3096470236778259
false	0.12766923010349274
false	0.10575111210346222
false	0.19741736352443695
false	0.1311357468366623
false	0.18009552359580994
false	0.07076661288738251
false	0.2351757138967514
false	0.30328091979026794
false	0.18155169486999512
false	0.2719452679157257
false	0.3091326057910919
false	0.1827119141817093
false	0.3277488946914673
false	0.4694879949092865
false	0.12864166498184204
false	0.21687479317188263
false	0.040271542966365814
false	0.3403451144695282
false	0.3040863573551178
false	0.13742735981941223
false	0.21186843514442444
false	0.37818750739097595
false	0.34777313470840454
false	0.04784884303808212
false	0.16498702764511108
false	0.3210678696632385
false	0.020355241373181343
false	0.2894498109817505
false	0.1344604343175888
false	0.3030385375022888
false	0.05755612254142761
false	0.09592722356319427
false	0.04354275017976761
false	0.2246517539024353
false	0.0417967364192009
false	0.37369418144226074
false	0.2058728039264679
false	0.12191537022590637
false	0.015431396663188934
false	0.4110330045223236
false	0.15292003750801086
false	0.015763862058520317
false	0.49102407693862915
false	0.2724268138408661
false	0.05765480175614357
false	0.05321413651108742
false	0.3067980408668518
false	0.2374209463596344
false	0.1103091612458229
false	0.03813203051686287
false	0.16358450055122375
false	0.037938639521598816
false	0.20299199223518372
false	0.0996142104268074
false	0.2617776095867157
false	0.34728577733039856
false	0.21220630407333374
false	0.028747959062457085
false	0.027665691450238228
false	0.26367461681365967
false	0.3178519308567047
false	0.127785786986351
false	0.20629186928272247
false	0.11701890826225281
false	0.2335103154182434
false	0.014567689970135689
false	0.3646574914455414
false	0.14366984367370605
false	0.15103904902935028
false	0.10720682889223099
false	0.1390886753797531
false	0.26283153891563416
false	0.42119595408439636
false	0.271269828081131
false	0.04284706339240074
false	0.06229165568947792
false	0.08283482491970062
false	0.04169099032878876
false	0.017065031453967094
false	0.47155943512916565
true	0.5009059906005859
false	0.11466251313686371
false	0.18575946986675262
false	0.13156597316265106
false	0.11834719777107239
true	0.5559036731719971
false	0.022222409024834633
true	0.6545969843864441
false	0.14105451107025146
false	0.3532178997993469
false	0.20231510698795319
false	0.19938424229621887
false	0.17357371747493744
false	0.10901480168104172
false	0.101335309445858
false	0.0866599977016449
false	0.2551320791244507
false	0.07733862847089767
false	0.06065564230084419
false	0.13600975275039673
false	0.04174919053912163
false	0.07844126224517822
false	0.325615793466568
false	0.2724664807319641
false	0.12300245463848114
false	0.03712824359536171
false	0.15354901552200317
false	0.19937294721603394
false	0.24227868020534515
false	0.21617631614208221
false	0.38117334246635437
false	0.12207841128110886
false	0.10501082986593246
false	0.18143610656261444
false	0.37620770931243896
false	0.38621893525123596
false	0.32645779848098755
false	0.36163318157196045
false	0.19892527163028717
false	0.29260972142219543
false	0.22880059480667114
false	0.3355371057987213
false	0.302943617105484
false	0.2774968445301056
true	0.6437134146690369
false	0.3281167149543762
false	0.29806995391845703
true	0.5288755297660828
false	0.12467136979103088
false	0.18551474809646606
false	0.3276689648628235
false	0.18465569615364075
false	0.05157390609383583
false	0.3031846880912781
true	0.5414844751358032
false	0.4709971249103546
false	0.28656259179115295
false	0.18710534274578094
false	0.23117545247077942
false	0.3223109245300293
false	0.306706964969635
false	0.34745359420776367
false	0.1533857136964798
false	0.41566890478134155
false	0.15039454400539398
false	0.0647723376750946
false	0.303234726190567
false	0.27605292201042175
false	0.14394181966781616
false	0.18499234318733215
false	0.04915200173854828
false	0.0571986548602581
false	0.14802488684654236
false	0.23243935406208038
false	0.03631700575351715
false	0.1347297728061676
false	0.08296389132738113
false	0.44662079215049744
false	0.30179816484451294
false	0.09254368394613266
false	0.4465723931789398
false	0.3324317932128906
false	0.02029462903738022
false	0.00878190528601408
false	0.35189321637153625
false	0.1626860350370407
false	0.03715869411826134
false	0.21849747002124786
false	0.3076128363609314
true	0.7490091919898987
false	0.035480473190546036
false	0.35235342383384705
false	0.35846489667892456
false	0.16179654002189636
true	0.6640530824661255
true	0.6151271462440491
false	0.37319493293762207
false	0.3404252827167511
false	0.10705945640802383
false	0.48340415954589844
true	0.550816535949707
false	0.22238114476203918
true	0.7147680521011353
false	0.3701417148113251
false	0.42633894085884094
false	0.00758715532720089
true	0.5484594106674194
true	0.7202165126800537
true	0.7937333583831787
true	0.6115657091140747
false	0.2971450388431549
false	0.21247954666614532
false	0.43614545464515686
true	0.7964966297149658
true	0.5106785297393799
true	0.522224485874176
false	0.47885608673095703
false	0.08483423292636871
false	0.11498209089040756
false	0.29080328345298767
false	0.41583743691444397
false	0.2503340542316437
false	0.3109910488128662
false	0.2562335431575775
false	0.11712528020143509
false	0.4703215956687927
false	0.06031932681798935
false	0.4642592668533325
false	0.41329002380371094
true	0.5541625022888184
false	0.2817370593547821
false	0.31603890657424927
false	0.12828557193279266
false	0.3681145906448364
false	0.22234927117824554
false	0.08939186483621597
false	0.3933584988117218
false	0.4811805188655853
false	0.45757701992988586
false	0.39285802841186523
false	0.2057812511920929
false	0.10837077349424362
false	0.4710414707660675
false	0.3660663068294525
false	0.211069256067276
false	0.37789058685302734
false	0.28102412819862366
false	0.019205540418624878
false	0.16766861081123352
false	0.25107094645500183
false	0.18031002581119537
false	0.3766670823097229
false	0.21910062432289124
false	0.18817837536334991
false	0.2521854043006897
false	0.17946352064609528
false	0.4046221375465393
false	0.04324601590633392
true	0.525471568107605
